[2019-10-22 14:44:49] local.ERROR: SQLSTATE[HY000]: General error: 1366 Incorrect integer value: 'dddddd' for column 'numero_giocatori' at row 1 (SQL: insert into `match` (`titolo`, `luogo`, `numero_giocatori`, `descrizione`, `data_ora`, `tipo`, `organizzatore`, `updated_at`, `created_at`) values (dddddd, ddddd, dddddd, 4, 2019-10-22, beach, ?, 2019-10-22 14:44:49, 2019-10-22 14:44:49)) {"exception":"[object] (Illuminate\\Database\\QueryException(code: HY000): SQLSTATE[HY000]: General error: 1366 Incorrect integer value: 'dddddd' for column 'numero_giocatori' at row 1 (SQL: insert into `match` (`titolo`, `luogo`, `numero_giocatori`, `descrizione`, `data_ora`, `tipo`, `organizzatore`, `updated_at`, `created_at`) values (dddddd, ddddd, dddddd, 4, 2019-10-22, beach, ?, 2019-10-22 14:44:49, 2019-10-22 14:44:49)) at C:\\Users\\eriko\\OneDrive\\Desktop\\VolleyGiocare2.0\\VolleyServe\\vendor\\laravel\\framework\\src\\Illuminate\\Database\\Connection.php:665)
[stacktrace]
#0 C:\\Users\\eriko\\OneDrive\\Desktop\\VolleyGiocare2.0\\VolleyServe\\vendor\\laravel\\framework\\src\\Illuminate\\Database\\Connection.php(625): Illuminate\\Database\\Connection->runQueryCallback('insert into `ma...', Array, Object(Closure))
#1 C:\\Users\\eriko\\OneDrive\\Desktop\\VolleyGiocare2.0\\VolleyServe\\vendor\\laravel\\framework\\src\\Illuminate\\Database\\Connection.php(460): Illuminate\\Database\\Connection->run('insert into `ma...', Array, Object(Closure))
#2 C:\\Users\\eriko\\OneDrive\\Desktop\\VolleyGiocare2.0\\VolleyServe\\vendor\\laravel\\framework\\src\\Illuminate\\Database\\Connection.php(412): Illuminate\\Database\\Connection->statement('insert into `ma...', Array)
#3 C:\\Users\\eriko\\OneDrive\\Desktop\\VolleyGiocare2.0\\VolleyServe\\vendor\\laravel\\framework\\src\\Illuminate\\Database\\Query\\Processors\\Processor.php(32): Illuminate\\Database\\Connection->insert('insert into `ma...', Array)
#4 C:\\Users\\eriko\\OneDrive\\Desktop\\VolleyGiocare2.0\\VolleyServe\\vendor\\laravel\\framework\\src\\Illuminate\\Database\\Query\\Builder.php(2658): Illuminate\\Database\\Query\\Processors\\Processor->processInsertGetId(Object(Illuminate\\Database\\Query\\Builder), 'insert into `ma...', Array, 'id')
#5 C:\\Users\\eriko\\OneDrive\\Desktop\\VolleyGiocare2.0\\VolleyServe\\vendor\\laravel\\framework\\src\\Illuminate\\Database\\Eloquent\\Builder.php(1350): Illuminate\\Database\\Query\\Builder->insertGetId(Array, 'id')
#6 C:\\Users\\eriko\\OneDrive\\Desktop\\VolleyGiocare2.0\\VolleyServe\\vendor\\laravel\\framework\\src\\Illuminate\\Database\\Eloquent\\Model.php(839): Illuminate\\Database\\Eloquent\\Builder->__call('insertGetId', Array)
#7 C:\\Users\\eriko\\OneDrive\\Desktop\\VolleyGiocare2.0\\VolleyServe\\vendor\\laravel\\framework\\src\\Illuminate\\Database\\Eloquent\\Model.php(804): Illuminate\\Database\\Eloquent\\Model->insertAndSetId(Object(Illuminate\\Database\\Eloquent\\Builder), Array)
#8 C:\\Users\\eriko\\OneDrive\\Desktop\\VolleyGiocare2.0\\VolleyServe\\vendor\\laravel\\framework\\src\\Illuminate\\Database\\Eloquent\\Model.php(667): Illuminate\\Database\\Eloquent\\Model->performInsert(Object(Illuminate\\Database\\Eloquent\\Builder))
#9 C:\\Users\\eriko\\OneDrive\\Desktop\\VolleyGiocare2.0\\VolleyServe\\app\\Http\\Controllers\\matchesController.php(49): Illuminate\\Database\\Eloquent\\Model->save()
#10 [internal function]: App\\Http\\Controllers\\matchesController->addMatch(Object(Illuminate\\Http\\Request))
#11 C:\\Users\\eriko\\OneDrive\\Desktop\\VolleyGiocare2.0\\VolleyServe\\vendor\\laravel\\framework\\src\\Illuminate\\Routing\\Controller.php(54): call_user_func_array(Array, Array)
#12 C:\\Users\\eriko\\OneDrive\\Desktop\\VolleyGiocare2.0\\VolleyServe\\vendor\\laravel\\framework\\src\\Illuminate\\Routing\\ControllerDispatcher.php(45): Illuminate\\Routing\\Controller->callAction('addMatch', Array)
#13 C:\\Users\\eriko\\OneDrive\\Desktop\\VolleyGiocare2.0\\VolleyServe\\vendor\\laravel\\framework\\src\\Illuminate\\Routing\\Route.php(219): Illuminate\\Routing\\ControllerDispatcher->dispatch(Object(Illuminate\\Routing\\Route), Object(App\\Http\\Controllers\\matchesController), 'addMatch')
#14 C:\\Users\\eriko\\OneDrive\\Desktop\\VolleyGiocare2.0\\VolleyServe\\vendor\\laravel\\framework\\src\\Illuminate\\Routing\\Route.php(176): Illuminate\\Routing\\Route->runController()
#15 C:\\Users\\eriko\\OneDrive\\Desktop\\VolleyGiocare2.0\\VolleyServe\\vendor\\laravel\\framework\\src\\Illuminate\\Routing\\Router.php(680): Illuminate\\Routing\\Route->run()
#16 C:\\Users\\eriko\\OneDrive\\Desktop\\VolleyGiocare2.0\\VolleyServe\\vendor\\laravel\\framework\\src\\Illuminate\\Pipeline\\Pipeline.php(130): Illuminate\\Routing\\Router->Illuminate\\Routing\\{closure}(Object(Illuminate\\Http\\Request))
#17 C:\\Users\\eriko\\OneDrive\\Desktop\\VolleyGiocare2.0\\VolleyServe\\vendor\\laravel\\framework\\src\\Illuminate\\Routing\\Middleware\\SubstituteBindings.php(41): Illuminate\\Pipeline\\Pipeline->Illuminate\\Pipeline\\{closure}(Object(Illuminate\\Http\\Request))
#18 C:\\Users\\eriko\\OneDrive\\Desktop\\VolleyGiocare2.0\\VolleyServe\\vendor\\laravel\\framework\\src\\Illuminate\\Pipeline\\Pipeline.php(171): Illuminate\\Routing\\Middleware\\SubstituteBindings->handle(Object(Illuminate\\Http\\Request), Object(Closure))
#19 C:\\Users\\eriko\\OneDrive\\Desktop\\VolleyGiocare2.0\\VolleyServe\\vendor\\laravel\\framework\\src\\Illuminate\\Foundation\\Http\\Middleware\\VerifyCsrfToken.php(76): Illuminate\\Pipeline\\Pipeline->Illuminate\\Pipeline\\{closure}(Object(Illuminate\\Http\\Request))
#20 C:\\Users\\eriko\\OneDrive\\Desktop\\VolleyGiocare2.0\\VolleyServe\\vendor\\laravel\\framework\\src\\Illuminate\\Pipeline\\Pipeline.php(171): Illuminate\\Foundation\\Http\\Middleware\\VerifyCsrfToken->handle(Object(Illuminate\\Http\\Request), Object(Closure))
#21 C:\\Users\\eriko\\OneDrive\\Desktop\\VolleyGiocare2.0\\VolleyServe\\vendor\\laravel\\framework\\src\\Illuminate\\View\\Middleware\\ShareErrorsFromSession.php(49): Illuminate\\Pipeline\\Pipeline->Illuminate\\Pipeline\\{closure}(Object(Illuminate\\Http\\Request))
#22 C:\\Users\\eriko\\OneDrive\\Desktop\\VolleyGiocare2.0\\VolleyServe\\vendor\\laravel\\framework\\src\\Illuminate\\Pipeline\\Pipeline.php(171): Illuminate\\View\\Middleware\\ShareErrorsFromSession->handle(Object(Illuminate\\Http\\Request), Object(Closure))
#23 C:\\Users\\eriko\\OneDrive\\Desktop\\VolleyGiocare2.0\\VolleyServe\\vendor\\laravel\\framework\\src\\Illuminate\\Session\\Middleware\\StartSession.php(56): Illuminate\\Pipeline\\Pipeline->Illuminate\\Pipeline\\{closure}(Object(Illuminate\\Http\\Request))
#24 C:\\Users\\eriko\\OneDrive\\Desktop\\VolleyGiocare2.0\\VolleyServe\\vendor\\laravel\\framework\\src\\Illuminate\\Pipeline\\Pipeline.php(171): Illuminate\\Session\\Middleware\\StartSession->handle(Object(Illuminate\\Http\\Request), Object(Closure))
#25 C:\\Users\\eriko\\OneDrive\\Desktop\\VolleyGiocare2.0\\VolleyServe\\vendor\\laravel\\framework\\src\\Illuminate\\Cookie\\Middleware\\AddQueuedCookiesToResponse.php(37): Illuminate\\Pipeline\\Pipeline->Illuminate\\Pipeline\\{closure}(Object(Illuminate\\Http\\Request))
#26 C:\\Users\\eriko\\OneDrive\\Desktop\\VolleyGiocare2.0\\VolleyServe\\vendor\\laravel\\framework\\src\\Illuminate\\Pipeline\\Pipeline.php(171): Illuminate\\Cookie\\Middleware\\AddQueuedCookiesToResponse->handle(Object(Illuminate\\Http\\Request), Object(Closure))
#27 C:\\Users\\eriko\\OneDrive\\Desktop\\VolleyGiocare2.0\\VolleyServe\\vendor\\laravel\\framework\\src\\Illuminate\\Cookie\\Middleware\\EncryptCookies.php(66): Illuminate\\Pipeline\\Pipeline->Illuminate\\Pipeline\\{closure}(Object(Illuminate\\Http\\Request))
#28 C:\\Users\\eriko\\OneDrive\\Desktop\\VolleyGiocare2.0\\VolleyServe\\vendor\\laravel\\framework\\src\\Illuminate\\Pipeline\\Pipeline.php(171): Illuminate\\Cookie\\Middleware\\EncryptCookies->handle(Object(Illuminate\\Http\\Request), Object(Closure))
#29 C:\\Users\\eriko\\OneDrive\\Desktop\\VolleyGiocare2.0\\VolleyServe\\vendor\\laravel\\framework\\src\\Illuminate\\Pipeline\\Pipeline.php(105): Illuminate\\Pipeline\\Pipeline->Illuminate\\Pipeline\\{closure}(Object(Illuminate\\Http\\Request))
#30 C:\\Users\\eriko\\OneDrive\\Desktop\\VolleyGiocare2.0\\VolleyServe\\vendor\\laravel\\framework\\src\\Illuminate\\Routing\\Router.php(682): Illuminate\\Pipeline\\Pipeline->then(Object(Closure))
#31 C:\\Users\\eriko\\OneDrive\\Desktop\\VolleyGiocare2.0\\VolleyServe\\vendor\\laravel\\framework\\src\\Illuminate\\Routing\\Router.php(657): Illuminate\\Routing\\Router->runRouteWithinStack(Object(Illuminate\\Routing\\Route), Object(Illuminate\\Http\\Request))
#32 C:\\Users\\eriko\\OneDrive\\Desktop\\VolleyGiocare2.0\\VolleyServe\\vendor\\laravel\\framework\\src\\Illuminate\\Routing\\Router.php(623): Illuminate\\Routing\\Router->runRoute(Object(Illuminate\\Http\\Request), Object(Illuminate\\Routing\\Route))
#33 C:\\Users\\eriko\\OneDrive\\Desktop\\VolleyGiocare2.0\\VolleyServe\\vendor\\laravel\\framework\\src\\Illuminate\\Routing\\Router.php(612): Illuminate\\Routing\\Router->dispatchToRoute(Object(Illuminate\\Http\\Request))
#34 C:\\Users\\eriko\\OneDrive\\Desktop\\VolleyGiocare2.0\\VolleyServe\\vendor\\laravel\\framework\\src\\Illuminate\\Foundation\\Http\\Kernel.php(176): Illuminate\\Routing\\Router->dispatch(Object(Illuminate\\Http\\Request))
#35 C:\\Users\\eriko\\OneDrive\\Desktop\\VolleyGiocare2.0\\VolleyServe\\vendor\\laravel\\framework\\src\\Illuminate\\Pipeline\\Pipeline.php(130): Illuminate\\Foundation\\Http\\Kernel->Illuminate\\Foundation\\Http\\{closure}(Object(Illuminate\\Http\\Request))
#36 C:\\Users\\eriko\\OneDrive\\Desktop\\VolleyGiocare2.0\\VolleyServe\\vendor\\laravel\\framework\\src\\Illuminate\\Foundation\\Http\\Middleware\\TransformsRequest.php(21): Illuminate\\Pipeline\\Pipeline->Illuminate\\Pipeline\\{closure}(Object(Illuminate\\Http\\Request))
#37 C:\\Users\\eriko\\OneDrive\\Desktop\\VolleyGiocare2.0\\VolleyServe\\vendor\\laravel\\framework\\src\\Illuminate\\Pipeline\\Pipeline.php(171): Illuminate\\Foundation\\Http\\Middleware\\TransformsRequest->handle(Object(Illuminate\\Http\\Request), Object(Closure))
#38 C:\\Users\\eriko\\OneDrive\\Desktop\\VolleyGiocare2.0\\VolleyServe\\vendor\\laravel\\framework\\src\\Illuminate\\Foundation\\Http\\Middleware\\TransformsRequest.php(21): Illuminate\\Pipeline\\Pipeline->Illuminate\\Pipeline\\{closure}(Object(Illuminate\\Http\\Request))
#39 C:\\Users\\eriko\\OneDrive\\Desktop\\VolleyGiocare2.0\\VolleyServe\\vendor\\laravel\\framework\\src\\Illuminate\\Pipeline\\Pipeline.php(171): Illuminate\\Foundation\\Http\\Middleware\\TransformsRequest->handle(Object(Illuminate\\Http\\Request), Object(Closure))
#40 C:\\Users\\eriko\\OneDrive\\Desktop\\VolleyGiocare2.0\\VolleyServe\\vendor\\laravel\\framework\\src\\Illuminate\\Foundation\\Http\\Middleware\\ValidatePostSize.php(27): Illuminate\\Pipeline\\Pipeline->Illuminate\\Pipeline\\{closure}(Object(Illuminate\\Http\\Request))
#41 C:\\Users\\eriko\\OneDrive\\Desktop\\VolleyGiocare2.0\\VolleyServe\\vendor\\laravel\\framework\\src\\Illuminate\\Pipeline\\Pipeline.php(171): Illuminate\\Foundation\\Http\\Middleware\\ValidatePostSize->handle(Object(Illuminate\\Http\\Request), Object(Closure))
#42 C:\\Users\\eriko\\OneDrive\\Desktop\\VolleyGiocare2.0\\VolleyServe\\vendor\\laravel\\framework\\src\\Illuminate\\Foundation\\Http\\Middleware\\CheckForMaintenanceMode.php(62): Illuminate\\Pipeline\\Pipeline->Illuminate\\Pipeline\\{closure}(Object(Illuminate\\Http\\Request))
#43 C:\\Users\\eriko\\OneDrive\\Desktop\\VolleyGiocare2.0\\VolleyServe\\vendor\\laravel\\framework\\src\\Illuminate\\Pipeline\\Pipeline.php(171): Illuminate\\Foundation\\Http\\Middleware\\CheckForMaintenanceMode->handle(Object(Illuminate\\Http\\Request), Object(Closure))
#44 C:\\Users\\eriko\\OneDrive\\Desktop\\VolleyGiocare2.0\\VolleyServe\\vendor\\fideloper\\proxy\\src\\TrustProxies.php(57): Illuminate\\Pipeline\\Pipeline->Illuminate\\Pipeline\\{closure}(Object(Illuminate\\Http\\Request))
#45 C:\\Users\\eriko\\OneDrive\\Desktop\\VolleyGiocare2.0\\VolleyServe\\vendor\\laravel\\framework\\src\\Illuminate\\Pipeline\\Pipeline.php(171): Fideloper\\Proxy\\TrustProxies->handle(Object(Illuminate\\Http\\Request), Object(Closure))
#46 C:\\Users\\eriko\\OneDrive\\Desktop\\VolleyGiocare2.0\\VolleyServe\\vendor\\laravel\\framework\\src\\Illuminate\\Pipeline\\Pipeline.php(105): Illuminate\\Pipeline\\Pipeline->Illuminate\\Pipeline\\{closure}(Object(Illuminate\\Http\\Request))
#47 C:\\Users\\eriko\\OneDrive\\Desktop\\VolleyGiocare2.0\\VolleyServe\\vendor\\laravel\\framework\\src\\Illuminate\\Foundation\\Http\\Kernel.php(151): Illuminate\\Pipeline\\Pipeline->then(Object(Closure))
#48 C:\\Users\\eriko\\OneDrive\\Desktop\\VolleyGiocare2.0\\VolleyServe\\vendor\\laravel\\framework\\src\\Illuminate\\Foundation\\Http\\Kernel.php(116): Illuminate\\Foundation\\Http\\Kernel->sendRequestThroughRouter(Object(Illuminate\\Http\\Request))
#49 C:\\Users\\eriko\\OneDrive\\Desktop\\VolleyGiocare2.0\\VolleyServe\\public\\index.php(55): Illuminate\\Foundation\\Http\\Kernel->handle(Object(Illuminate\\Http\\Request))
#50 C:\\Users\\eriko\\OneDrive\\Desktop\\VolleyGiocare2.0\\VolleyServe\\server.php(21): require_once('C:\\\\Users\\\\eriko\\\\...')
#51 {main}

[previous exception] [object] (PDOException(code: HY000): SQLSTATE[HY000]: General error: 1366 Incorrect integer value: 'dddddd' for column 'numero_giocatori' at row 1 at C:\\Users\\eriko\\OneDrive\\Desktop\\VolleyGiocare2.0\\VolleyServe\\vendor\\laravel\\framework\\src\\Illuminate\\Database\\Connection.php:459)
[stacktrace]
#0 C:\\Users\\eriko\\OneDrive\\Desktop\\VolleyGiocare2.0\\VolleyServe\\vendor\\laravel\\framework\\src\\Illuminate\\Database\\Connection.php(459): PDOStatement->execute()
#1 C:\\Users\\eriko\\OneDrive\\Desktop\\VolleyGiocare2.0\\VolleyServe\\vendor\\laravel\\framework\\src\\Illuminate\\Database\\Connection.php(658): Illuminate\\Database\\Connection->Illuminate\\Database\\{closure}('insert into `ma...', Array)
#2 C:\\Users\\eriko\\OneDrive\\Desktop\\VolleyGiocare2.0\\VolleyServe\\vendor\\laravel\\framework\\src\\Illuminate\\Database\\Connection.php(625): Illuminate\\Database\\Connection->runQueryCallback('insert into `ma...', Array, Object(Closure))
#3 C:\\Users\\eriko\\OneDrive\\Desktop\\VolleyGiocare2.0\\VolleyServe\\vendor\\laravel\\framework\\src\\Illuminate\\Database\\Connection.php(460): Illuminate\\Database\\Connection->run('insert into `ma...', Array, Object(Closure))
#4 C:\\Users\\eriko\\OneDrive\\Desktop\\VolleyGiocare2.0\\VolleyServe\\vendor\\laravel\\framework\\src\\Illuminate\\Database\\Connection.php(412): Illuminate\\Database\\Connection->statement('insert into `ma...', Array)
#5 C:\\Users\\eriko\\OneDrive\\Desktop\\VolleyGiocare2.0\\VolleyServe\\vendor\\laravel\\framework\\src\\Illuminate\\Database\\Query\\Processors\\Processor.php(32): Illuminate\\Database\\Connection->insert('insert into `ma...', Array)
#6 C:\\Users\\eriko\\OneDrive\\Desktop\\VolleyGiocare2.0\\VolleyServe\\vendor\\laravel\\framework\\src\\Illuminate\\Database\\Query\\Builder.php(2658): Illuminate\\Database\\Query\\Processors\\Processor->processInsertGetId(Object(Illuminate\\Database\\Query\\Builder), 'insert into `ma...', Array, 'id')
#7 C:\\Users\\eriko\\OneDrive\\Desktop\\VolleyGiocare2.0\\VolleyServe\\vendor\\laravel\\framework\\src\\Illuminate\\Database\\Eloquent\\Builder.php(1350): Illuminate\\Database\\Query\\Builder->insertGetId(Array, 'id')
#8 C:\\Users\\eriko\\OneDrive\\Desktop\\VolleyGiocare2.0\\VolleyServe\\vendor\\laravel\\framework\\src\\Illuminate\\Database\\Eloquent\\Model.php(839): Illuminate\\Database\\Eloquent\\Builder->__call('insertGetId', Array)
#9 C:\\Users\\eriko\\OneDrive\\Desktop\\VolleyGiocare2.0\\VolleyServe\\vendor\\laravel\\framework\\src\\Illuminate\\Database\\Eloquent\\Model.php(804): Illuminate\\Database\\Eloquent\\Model->insertAndSetId(Object(Illuminate\\Database\\Eloquent\\Builder), Array)
#10 C:\\Users\\eriko\\OneDrive\\Desktop\\VolleyGiocare2.0\\VolleyServe\\vendor\\laravel\\framework\\src\\Illuminate\\Database\\Eloquent\\Model.php(667): Illuminate\\Database\\Eloquent\\Model->performInsert(Object(Illuminate\\Database\\Eloquent\\Builder))
#11 C:\\Users\\eriko\\OneDrive\\Desktop\\VolleyGiocare2.0\\VolleyServe\\app\\Http\\Controllers\\matchesController.php(49): Illuminate\\Database\\Eloquent\\Model->save()
#12 [internal function]: App\\Http\\Controllers\\matchesController->addMatch(Object(Illuminate\\Http\\Request))
#13 C:\\Users\\eriko\\OneDrive\\Desktop\\VolleyGiocare2.0\\VolleyServe\\vendor\\laravel\\framework\\src\\Illuminate\\Routing\\Controller.php(54): call_user_func_array(Array, Array)
#14 C:\\Users\\eriko\\OneDrive\\Desktop\\VolleyGiocare2.0\\VolleyServe\\vendor\\laravel\\framework\\src\\Illuminate\\Routing\\ControllerDispatcher.php(45): Illuminate\\Routing\\Controller->callAction('addMatch', Array)
#15 C:\\Users\\eriko\\OneDrive\\Desktop\\VolleyGiocare2.0\\VolleyServe\\vendor\\laravel\\framework\\src\\Illuminate\\Routing\\Route.php(219): Illuminate\\Routing\\ControllerDispatcher->dispatch(Object(Illuminate\\Routing\\Route), Object(App\\Http\\Controllers\\matchesController), 'addMatch')
#16 C:\\Users\\eriko\\OneDrive\\Desktop\\VolleyGiocare2.0\\VolleyServe\\vendor\\laravel\\framework\\src\\Illuminate\\Routing\\Route.php(176): Illuminate\\Routing\\Route->runController()
#17 C:\\Users\\eriko\\OneDrive\\Desktop\\VolleyGiocare2.0\\VolleyServe\\vendor\\laravel\\framework\\src\\Illuminate\\Routing\\Router.php(680): Illuminate\\Routing\\Route->run()
#18 C:\\Users\\eriko\\OneDrive\\Desktop\\VolleyGiocare2.0\\VolleyServe\\vendor\\laravel\\framework\\src\\Illuminate\\Pipeline\\Pipeline.php(130): Illuminate\\Routing\\Router->Illuminate\\Routing\\{closure}(Object(Illuminate\\Http\\Request))
#19 C:\\Users\\eriko\\OneDrive\\Desktop\\VolleyGiocare2.0\\VolleyServe\\vendor\\laravel\\framework\\src\\Illuminate\\Routing\\Middleware\\SubstituteBindings.php(41): Illuminate\\Pipeline\\Pipeline->Illuminate\\Pipeline\\{closure}(Object(Illuminate\\Http\\Request))
#20 C:\\Users\\eriko\\OneDrive\\Desktop\\VolleyGiocare2.0\\VolleyServe\\vendor\\laravel\\framework\\src\\Illuminate\\Pipeline\\Pipeline.php(171): Illuminate\\Routing\\Middleware\\SubstituteBindings->handle(Object(Illuminate\\Http\\Request), Object(Closure))
#21 C:\\Users\\eriko\\OneDrive\\Desktop\\VolleyGiocare2.0\\VolleyServe\\vendor\\laravel\\framework\\src\\Illuminate\\Foundation\\Http\\Middleware\\VerifyCsrfToken.php(76): Illuminate\\Pipeline\\Pipeline->Illuminate\\Pipeline\\{closure}(Object(Illuminate\\Http\\Request))
#22 C:\\Users\\eriko\\OneDrive\\Desktop\\VolleyGiocare2.0\\VolleyServe\\vendor\\laravel\\framework\\src\\Illuminate\\Pipeline\\Pipeline.php(171): Illuminate\\Foundation\\Http\\Middleware\\VerifyCsrfToken->handle(Object(Illuminate\\Http\\Request), Object(Closure))
#23 C:\\Users\\eriko\\OneDrive\\Desktop\\VolleyGiocare2.0\\VolleyServe\\vendor\\laravel\\framework\\src\\Illuminate\\View\\Middleware\\ShareErrorsFromSession.php(49): Illuminate\\Pipeline\\Pipeline->Illuminate\\Pipeline\\{closure}(Object(Illuminate\\Http\\Request))
#24 C:\\Users\\eriko\\OneDrive\\Desktop\\VolleyGiocare2.0\\VolleyServe\\vendor\\laravel\\framework\\src\\Illuminate\\Pipeline\\Pipeline.php(171): Illuminate\\View\\Middleware\\ShareErrorsFromSession->handle(Object(Illuminate\\Http\\Request), Object(Closure))
#25 C:\\Users\\eriko\\OneDrive\\Desktop\\VolleyGiocare2.0\\VolleyServe\\vendor\\laravel\\framework\\src\\Illuminate\\Session\\Middleware\\StartSession.php(56): Illuminate\\Pipeline\\Pipeline->Illuminate\\Pipeline\\{closure}(Object(Illuminate\\Http\\Request))
#26 C:\\Users\\eriko\\OneDrive\\Desktop\\VolleyGiocare2.0\\VolleyServe\\vendor\\laravel\\framework\\src\\Illuminate\\Pipeline\\Pipeline.php(171): Illuminate\\Session\\Middleware\\StartSession->handle(Object(Illuminate\\Http\\Request), Object(Closure))
#27 C:\\Users\\eriko\\OneDrive\\Desktop\\VolleyGiocare2.0\\VolleyServe\\vendor\\laravel\\framework\\src\\Illuminate\\Cookie\\Middleware\\AddQueuedCookiesToResponse.php(37): Illuminate\\Pipeline\\Pipeline->Illuminate\\Pipeline\\{closure}(Object(Illuminate\\Http\\Request))
#28 C:\\Users\\eriko\\OneDrive\\Desktop\\VolleyGiocare2.0\\VolleyServe\\vendor\\laravel\\framework\\src\\Illuminate\\Pipeline\\Pipeline.php(171): Illuminate\\Cookie\\Middleware\\AddQueuedCookiesToResponse->handle(Object(Illuminate\\Http\\Request), Object(Closure))
#29 C:\\Users\\eriko\\OneDrive\\Desktop\\VolleyGiocare2.0\\VolleyServe\\vendor\\laravel\\framework\\src\\Illuminate\\Cookie\\Middleware\\EncryptCookies.php(66): Illuminate\\Pipeline\\Pipeline->Illuminate\\Pipeline\\{closure}(Object(Illuminate\\Http\\Request))
#30 C:\\Users\\eriko\\OneDrive\\Desktop\\VolleyGiocare2.0\\VolleyServe\\vendor\\laravel\\framework\\src\\Illuminate\\Pipeline\\Pipeline.php(171): Illuminate\\Cookie\\Middleware\\EncryptCookies->handle(Object(Illuminate\\Http\\Request), Object(Closure))
#31 C:\\Users\\eriko\\OneDrive\\Desktop\\VolleyGiocare2.0\\VolleyServe\\vendor\\laravel\\framework\\src\\Illuminate\\Pipeline\\Pipeline.php(105): Illuminate\\Pipeline\\Pipeline->Illuminate\\Pipeline\\{closure}(Object(Illuminate\\Http\\Request))
#32 C:\\Users\\eriko\\OneDrive\\Desktop\\VolleyGiocare2.0\\VolleyServe\\vendor\\laravel\\framework\\src\\Illuminate\\Routing\\Router.php(682): Illuminate\\Pipeline\\Pipeline->then(Object(Closure))
#33 C:\\Users\\eriko\\OneDrive\\Desktop\\VolleyGiocare2.0\\VolleyServe\\vendor\\laravel\\framework\\src\\Illuminate\\Routing\\Router.php(657): Illuminate\\Routing\\Router->runRouteWithinStack(Object(Illuminate\\Routing\\Route), Object(Illuminate\\Http\\Request))
#34 C:\\Users\\eriko\\OneDrive\\Desktop\\VolleyGiocare2.0\\VolleyServe\\vendor\\laravel\\framework\\src\\Illuminate\\Routing\\Router.php(623): Illuminate\\Routing\\Router->runRoute(Object(Illuminate\\Http\\Request), Object(Illuminate\\Routing\\Route))
#35 C:\\Users\\eriko\\OneDrive\\Desktop\\VolleyGiocare2.0\\VolleyServe\\vendor\\laravel\\framework\\src\\Illuminate\\Routing\\Router.php(612): Illuminate\\Routing\\Router->dispatchToRoute(Object(Illuminate\\Http\\Request))
#36 C:\\Users\\eriko\\OneDrive\\Desktop\\VolleyGiocare2.0\\VolleyServe\\vendor\\laravel\\framework\\src\\Illuminate\\Foundation\\Http\\Kernel.php(176): Illuminate\\Routing\\Router->dispatch(Object(Illuminate\\Http\\Request))
#37 C:\\Users\\eriko\\OneDrive\\Desktop\\VolleyGiocare2.0\\VolleyServe\\vendor\\laravel\\framework\\src\\Illuminate\\Pipeline\\Pipeline.php(130): Illuminate\\Foundation\\Http\\Kernel->Illuminate\\Foundation\\Http\\{closure}(Object(Illuminate\\Http\\Request))
#38 C:\\Users\\eriko\\OneDrive\\Desktop\\VolleyGiocare2.0\\VolleyServe\\vendor\\laravel\\framework\\src\\Illuminate\\Foundation\\Http\\Middleware\\TransformsRequest.php(21): Illuminate\\Pipeline\\Pipeline->Illuminate\\Pipeline\\{closure}(Object(Illuminate\\Http\\Request))
#39 C:\\Users\\eriko\\OneDrive\\Desktop\\VolleyGiocare2.0\\VolleyServe\\vendor\\laravel\\framework\\src\\Illuminate\\Pipeline\\Pipeline.php(171): Illuminate\\Foundation\\Http\\Middleware\\TransformsRequest->handle(Object(Illuminate\\Http\\Request), Object(Closure))
#40 C:\\Users\\eriko\\OneDrive\\Desktop\\VolleyGiocare2.0\\VolleyServe\\vendor\\laravel\\framework\\src\\Illuminate\\Foundation\\Http\\Middleware\\TransformsRequest.php(21): Illuminate\\Pipeline\\Pipeline->Illuminate\\Pipeline\\{closure}(Object(Illuminate\\Http\\Request))
#41 C:\\Users\\eriko\\OneDrive\\Desktop\\VolleyGiocare2.0\\VolleyServe\\vendor\\laravel\\framework\\src\\Illuminate\\Pipeline\\Pipeline.php(171): Illuminate\\Foundation\\Http\\Middleware\\TransformsRequest->handle(Object(Illuminate\\Http\\Request), Object(Closure))
#42 C:\\Users\\eriko\\OneDrive\\Desktop\\VolleyGiocare2.0\\VolleyServe\\vendor\\laravel\\framework\\src\\Illuminate\\Foundation\\Http\\Middleware\\ValidatePostSize.php(27): Illuminate\\Pipeline\\Pipeline->Illuminate\\Pipeline\\{closure}(Object(Illuminate\\Http\\Request))
#43 C:\\Users\\eriko\\OneDrive\\Desktop\\VolleyGiocare2.0\\VolleyServe\\vendor\\laravel\\framework\\src\\Illuminate\\Pipeline\\Pipeline.php(171): Illuminate\\Foundation\\Http\\Middleware\\ValidatePostSize->handle(Object(Illuminate\\Http\\Request), Object(Closure))
#44 C:\\Users\\eriko\\OneDrive\\Desktop\\VolleyGiocare2.0\\VolleyServe\\vendor\\laravel\\framework\\src\\Illuminate\\Foundation\\Http\\Middleware\\CheckForMaintenanceMode.php(62): Illuminate\\Pipeline\\Pipeline->Illuminate\\Pipeline\\{closure}(Object(Illuminate\\Http\\Request))
#45 C:\\Users\\eriko\\OneDrive\\Desktop\\VolleyGiocare2.0\\VolleyServe\\vendor\\laravel\\framework\\src\\Illuminate\\Pipeline\\Pipeline.php(171): Illuminate\\Foundation\\Http\\Middleware\\CheckForMaintenanceMode->handle(Object(Illuminate\\Http\\Request), Object(Closure))
#46 C:\\Users\\eriko\\OneDrive\\Desktop\\VolleyGiocare2.0\\VolleyServe\\vendor\\fideloper\\proxy\\src\\TrustProxies.php(57): Illuminate\\Pipeline\\Pipeline->Illuminate\\Pipeline\\{closure}(Object(Illuminate\\Http\\Request))
#47 C:\\Users\\eriko\\OneDrive\\Desktop\\VolleyGiocare2.0\\VolleyServe\\vendor\\laravel\\framework\\src\\Illuminate\\Pipeline\\Pipeline.php(171): Fideloper\\Proxy\\TrustProxies->handle(Object(Illuminate\\Http\\Request), Object(Closure))
#48 C:\\Users\\eriko\\OneDrive\\Desktop\\VolleyGiocare2.0\\VolleyServe\\vendor\\laravel\\framework\\src\\Illuminate\\Pipeline\\Pipeline.php(105): Illuminate\\Pipeline\\Pipeline->Illuminate\\Pipeline\\{closure}(Object(Illuminate\\Http\\Request))
#49 C:\\Users\\eriko\\OneDrive\\Desktop\\VolleyGiocare2.0\\VolleyServe\\vendor\\laravel\\framework\\src\\Illuminate\\Foundation\\Http\\Kernel.php(151): Illuminate\\Pipeline\\Pipeline->then(Object(Closure))
#50 C:\\Users\\eriko\\OneDrive\\Desktop\\VolleyGiocare2.0\\VolleyServe\\vendor\\laravel\\framework\\src\\Illuminate\\Foundation\\Http\\Kernel.php(116): Illuminate\\Foundation\\Http\\Kernel->sendRequestThroughRouter(Object(Illuminate\\Http\\Request))
#51 C:\\Users\\eriko\\OneDrive\\Desktop\\VolleyGiocare2.0\\VolleyServe\\public\\index.php(55): Illuminate\\Foundation\\Http\\Kernel->handle(Object(Illuminate\\Http\\Request))
#52 C:\\Users\\eriko\\OneDrive\\Desktop\\VolleyGiocare2.0\\VolleyServe\\server.php(21): require_once('C:\\\\Users\\\\eriko\\\\...')
#53 {main}
"} 
[2019-10-22 14:48:06] local.ERROR: SQLSTATE[HY000]: General error: 1366 Incorrect integer value: 'ddddd' for column 'numero_giocatori' at row 1 (SQL: insert into `match` (`titolo`, `luogo`, `numero_giocatori`, `descrizione`, `data_ora`, `tipo`, `organizzatore`, `updated_at`, `created_at`) values (ggggg, fffff, ddddd, sssssss, 2019-10-22, beach, Biondi, 2019-10-22 14:48:06, 2019-10-22 14:48:06)) {"exception":"[object] (Illuminate\\Database\\QueryException(code: HY000): SQLSTATE[HY000]: General error: 1366 Incorrect integer value: 'ddddd' for column 'numero_giocatori' at row 1 (SQL: insert into `match` (`titolo`, `luogo`, `numero_giocatori`, `descrizione`, `data_ora`, `tipo`, `organizzatore`, `updated_at`, `created_at`) values (ggggg, fffff, ddddd, sssssss, 2019-10-22, beach, Biondi, 2019-10-22 14:48:06, 2019-10-22 14:48:06)) at C:\\Users\\eriko\\OneDrive\\Desktop\\VolleyGiocare2.0\\VolleyServe\\vendor\\laravel\\framework\\src\\Illuminate\\Database\\Connection.php:665)
[stacktrace]
#0 C:\\Users\\eriko\\OneDrive\\Desktop\\VolleyGiocare2.0\\VolleyServe\\vendor\\laravel\\framework\\src\\Illuminate\\Database\\Connection.php(625): Illuminate\\Database\\Connection->runQueryCallback('insert into `ma...', Array, Object(Closure))
#1 C:\\Users\\eriko\\OneDrive\\Desktop\\VolleyGiocare2.0\\VolleyServe\\vendor\\laravel\\framework\\src\\Illuminate\\Database\\Connection.php(460): Illuminate\\Database\\Connection->run('insert into `ma...', Array, Object(Closure))
#2 C:\\Users\\eriko\\OneDrive\\Desktop\\VolleyGiocare2.0\\VolleyServe\\vendor\\laravel\\framework\\src\\Illuminate\\Database\\Connection.php(412): Illuminate\\Database\\Connection->statement('insert into `ma...', Array)
#3 C:\\Users\\eriko\\OneDrive\\Desktop\\VolleyGiocare2.0\\VolleyServe\\vendor\\laravel\\framework\\src\\Illuminate\\Database\\Query\\Processors\\Processor.php(32): Illuminate\\Database\\Connection->insert('insert into `ma...', Array)
#4 C:\\Users\\eriko\\OneDrive\\Desktop\\VolleyGiocare2.0\\VolleyServe\\vendor\\laravel\\framework\\src\\Illuminate\\Database\\Query\\Builder.php(2658): Illuminate\\Database\\Query\\Processors\\Processor->processInsertGetId(Object(Illuminate\\Database\\Query\\Builder), 'insert into `ma...', Array, 'id')
#5 C:\\Users\\eriko\\OneDrive\\Desktop\\VolleyGiocare2.0\\VolleyServe\\vendor\\laravel\\framework\\src\\Illuminate\\Database\\Eloquent\\Builder.php(1350): Illuminate\\Database\\Query\\Builder->insertGetId(Array, 'id')
#6 C:\\Users\\eriko\\OneDrive\\Desktop\\VolleyGiocare2.0\\VolleyServe\\vendor\\laravel\\framework\\src\\Illuminate\\Database\\Eloquent\\Model.php(839): Illuminate\\Database\\Eloquent\\Builder->__call('insertGetId', Array)
#7 C:\\Users\\eriko\\OneDrive\\Desktop\\VolleyGiocare2.0\\VolleyServe\\vendor\\laravel\\framework\\src\\Illuminate\\Database\\Eloquent\\Model.php(804): Illuminate\\Database\\Eloquent\\Model->insertAndSetId(Object(Illuminate\\Database\\Eloquent\\Builder), Array)
#8 C:\\Users\\eriko\\OneDrive\\Desktop\\VolleyGiocare2.0\\VolleyServe\\vendor\\laravel\\framework\\src\\Illuminate\\Database\\Eloquent\\Model.php(667): Illuminate\\Database\\Eloquent\\Model->performInsert(Object(Illuminate\\Database\\Eloquent\\Builder))
#9 C:\\Users\\eriko\\OneDrive\\Desktop\\VolleyGiocare2.0\\VolleyServe\\app\\Http\\Controllers\\matchesController.php(49): Illuminate\\Database\\Eloquent\\Model->save()
#10 [internal function]: App\\Http\\Controllers\\matchesController->addMatch(Object(Illuminate\\Http\\Request))
#11 C:\\Users\\eriko\\OneDrive\\Desktop\\VolleyGiocare2.0\\VolleyServe\\vendor\\laravel\\framework\\src\\Illuminate\\Routing\\Controller.php(54): call_user_func_array(Array, Array)
#12 C:\\Users\\eriko\\OneDrive\\Desktop\\VolleyGiocare2.0\\VolleyServe\\vendor\\laravel\\framework\\src\\Illuminate\\Routing\\ControllerDispatcher.php(45): Illuminate\\Routing\\Controller->callAction('addMatch', Array)
#13 C:\\Users\\eriko\\OneDrive\\Desktop\\VolleyGiocare2.0\\VolleyServe\\vendor\\laravel\\framework\\src\\Illuminate\\Routing\\Route.php(219): Illuminate\\Routing\\ControllerDispatcher->dispatch(Object(Illuminate\\Routing\\Route), Object(App\\Http\\Controllers\\matchesController), 'addMatch')
#14 C:\\Users\\eriko\\OneDrive\\Desktop\\VolleyGiocare2.0\\VolleyServe\\vendor\\laravel\\framework\\src\\Illuminate\\Routing\\Route.php(176): Illuminate\\Routing\\Route->runController()
#15 C:\\Users\\eriko\\OneDrive\\Desktop\\VolleyGiocare2.0\\VolleyServe\\vendor\\laravel\\framework\\src\\Illuminate\\Routing\\Router.php(680): Illuminate\\Routing\\Route->run()
#16 C:\\Users\\eriko\\OneDrive\\Desktop\\VolleyGiocare2.0\\VolleyServe\\vendor\\laravel\\framework\\src\\Illuminate\\Pipeline\\Pipeline.php(130): Illuminate\\Routing\\Router->Illuminate\\Routing\\{closure}(Object(Illuminate\\Http\\Request))
#17 C:\\Users\\eriko\\OneDrive\\Desktop\\VolleyGiocare2.0\\VolleyServe\\vendor\\laravel\\framework\\src\\Illuminate\\Routing\\Middleware\\SubstituteBindings.php(41): Illuminate\\Pipeline\\Pipeline->Illuminate\\Pipeline\\{closure}(Object(Illuminate\\Http\\Request))
#18 C:\\Users\\eriko\\OneDrive\\Desktop\\VolleyGiocare2.0\\VolleyServe\\vendor\\laravel\\framework\\src\\Illuminate\\Pipeline\\Pipeline.php(171): Illuminate\\Routing\\Middleware\\SubstituteBindings->handle(Object(Illuminate\\Http\\Request), Object(Closure))
#19 C:\\Users\\eriko\\OneDrive\\Desktop\\VolleyGiocare2.0\\VolleyServe\\vendor\\laravel\\framework\\src\\Illuminate\\Foundation\\Http\\Middleware\\VerifyCsrfToken.php(76): Illuminate\\Pipeline\\Pipeline->Illuminate\\Pipeline\\{closure}(Object(Illuminate\\Http\\Request))
#20 C:\\Users\\eriko\\OneDrive\\Desktop\\VolleyGiocare2.0\\VolleyServe\\vendor\\laravel\\framework\\src\\Illuminate\\Pipeline\\Pipeline.php(171): Illuminate\\Foundation\\Http\\Middleware\\VerifyCsrfToken->handle(Object(Illuminate\\Http\\Request), Object(Closure))
#21 C:\\Users\\eriko\\OneDrive\\Desktop\\VolleyGiocare2.0\\VolleyServe\\vendor\\laravel\\framework\\src\\Illuminate\\View\\Middleware\\ShareErrorsFromSession.php(49): Illuminate\\Pipeline\\Pipeline->Illuminate\\Pipeline\\{closure}(Object(Illuminate\\Http\\Request))
#22 C:\\Users\\eriko\\OneDrive\\Desktop\\VolleyGiocare2.0\\VolleyServe\\vendor\\laravel\\framework\\src\\Illuminate\\Pipeline\\Pipeline.php(171): Illuminate\\View\\Middleware\\ShareErrorsFromSession->handle(Object(Illuminate\\Http\\Request), Object(Closure))
#23 C:\\Users\\eriko\\OneDrive\\Desktop\\VolleyGiocare2.0\\VolleyServe\\vendor\\laravel\\framework\\src\\Illuminate\\Session\\Middleware\\StartSession.php(56): Illuminate\\Pipeline\\Pipeline->Illuminate\\Pipeline\\{closure}(Object(Illuminate\\Http\\Request))
#24 C:\\Users\\eriko\\OneDrive\\Desktop\\VolleyGiocare2.0\\VolleyServe\\vendor\\laravel\\framework\\src\\Illuminate\\Pipeline\\Pipeline.php(171): Illuminate\\Session\\Middleware\\StartSession->handle(Object(Illuminate\\Http\\Request), Object(Closure))
#25 C:\\Users\\eriko\\OneDrive\\Desktop\\VolleyGiocare2.0\\VolleyServe\\vendor\\laravel\\framework\\src\\Illuminate\\Cookie\\Middleware\\AddQueuedCookiesToResponse.php(37): Illuminate\\Pipeline\\Pipeline->Illuminate\\Pipeline\\{closure}(Object(Illuminate\\Http\\Request))
#26 C:\\Users\\eriko\\OneDrive\\Desktop\\VolleyGiocare2.0\\VolleyServe\\vendor\\laravel\\framework\\src\\Illuminate\\Pipeline\\Pipeline.php(171): Illuminate\\Cookie\\Middleware\\AddQueuedCookiesToResponse->handle(Object(Illuminate\\Http\\Request), Object(Closure))
#27 C:\\Users\\eriko\\OneDrive\\Desktop\\VolleyGiocare2.0\\VolleyServe\\vendor\\laravel\\framework\\src\\Illuminate\\Cookie\\Middleware\\EncryptCookies.php(66): Illuminate\\Pipeline\\Pipeline->Illuminate\\Pipeline\\{closure}(Object(Illuminate\\Http\\Request))
#28 C:\\Users\\eriko\\OneDrive\\Desktop\\VolleyGiocare2.0\\VolleyServe\\vendor\\laravel\\framework\\src\\Illuminate\\Pipeline\\Pipeline.php(171): Illuminate\\Cookie\\Middleware\\EncryptCookies->handle(Object(Illuminate\\Http\\Request), Object(Closure))
#29 C:\\Users\\eriko\\OneDrive\\Desktop\\VolleyGiocare2.0\\VolleyServe\\vendor\\laravel\\framework\\src\\Illuminate\\Pipeline\\Pipeline.php(105): Illuminate\\Pipeline\\Pipeline->Illuminate\\Pipeline\\{closure}(Object(Illuminate\\Http\\Request))
#30 C:\\Users\\eriko\\OneDrive\\Desktop\\VolleyGiocare2.0\\VolleyServe\\vendor\\laravel\\framework\\src\\Illuminate\\Routing\\Router.php(682): Illuminate\\Pipeline\\Pipeline->then(Object(Closure))
#31 C:\\Users\\eriko\\OneDrive\\Desktop\\VolleyGiocare2.0\\VolleyServe\\vendor\\laravel\\framework\\src\\Illuminate\\Routing\\Router.php(657): Illuminate\\Routing\\Router->runRouteWithinStack(Object(Illuminate\\Routing\\Route), Object(Illuminate\\Http\\Request))
#32 C:\\Users\\eriko\\OneDrive\\Desktop\\VolleyGiocare2.0\\VolleyServe\\vendor\\laravel\\framework\\src\\Illuminate\\Routing\\Router.php(623): Illuminate\\Routing\\Router->runRoute(Object(Illuminate\\Http\\Request), Object(Illuminate\\Routing\\Route))
#33 C:\\Users\\eriko\\OneDrive\\Desktop\\VolleyGiocare2.0\\VolleyServe\\vendor\\laravel\\framework\\src\\Illuminate\\Routing\\Router.php(612): Illuminate\\Routing\\Router->dispatchToRoute(Object(Illuminate\\Http\\Request))
#34 C:\\Users\\eriko\\OneDrive\\Desktop\\VolleyGiocare2.0\\VolleyServe\\vendor\\laravel\\framework\\src\\Illuminate\\Foundation\\Http\\Kernel.php(176): Illuminate\\Routing\\Router->dispatch(Object(Illuminate\\Http\\Request))
#35 C:\\Users\\eriko\\OneDrive\\Desktop\\VolleyGiocare2.0\\VolleyServe\\vendor\\laravel\\framework\\src\\Illuminate\\Pipeline\\Pipeline.php(130): Illuminate\\Foundation\\Http\\Kernel->Illuminate\\Foundation\\Http\\{closure}(Object(Illuminate\\Http\\Request))
#36 C:\\Users\\eriko\\OneDrive\\Desktop\\VolleyGiocare2.0\\VolleyServe\\vendor\\laravel\\framework\\src\\Illuminate\\Foundation\\Http\\Middleware\\TransformsRequest.php(21): Illuminate\\Pipeline\\Pipeline->Illuminate\\Pipeline\\{closure}(Object(Illuminate\\Http\\Request))
#37 C:\\Users\\eriko\\OneDrive\\Desktop\\VolleyGiocare2.0\\VolleyServe\\vendor\\laravel\\framework\\src\\Illuminate\\Pipeline\\Pipeline.php(171): Illuminate\\Foundation\\Http\\Middleware\\TransformsRequest->handle(Object(Illuminate\\Http\\Request), Object(Closure))
#38 C:\\Users\\eriko\\OneDrive\\Desktop\\VolleyGiocare2.0\\VolleyServe\\vendor\\laravel\\framework\\src\\Illuminate\\Foundation\\Http\\Middleware\\TransformsRequest.php(21): Illuminate\\Pipeline\\Pipeline->Illuminate\\Pipeline\\{closure}(Object(Illuminate\\Http\\Request))
#39 C:\\Users\\eriko\\OneDrive\\Desktop\\VolleyGiocare2.0\\VolleyServe\\vendor\\laravel\\framework\\src\\Illuminate\\Pipeline\\Pipeline.php(171): Illuminate\\Foundation\\Http\\Middleware\\TransformsRequest->handle(Object(Illuminate\\Http\\Request), Object(Closure))
#40 C:\\Users\\eriko\\OneDrive\\Desktop\\VolleyGiocare2.0\\VolleyServe\\vendor\\laravel\\framework\\src\\Illuminate\\Foundation\\Http\\Middleware\\ValidatePostSize.php(27): Illuminate\\Pipeline\\Pipeline->Illuminate\\Pipeline\\{closure}(Object(Illuminate\\Http\\Request))
#41 C:\\Users\\eriko\\OneDrive\\Desktop\\VolleyGiocare2.0\\VolleyServe\\vendor\\laravel\\framework\\src\\Illuminate\\Pipeline\\Pipeline.php(171): Illuminate\\Foundation\\Http\\Middleware\\ValidatePostSize->handle(Object(Illuminate\\Http\\Request), Object(Closure))
#42 C:\\Users\\eriko\\OneDrive\\Desktop\\VolleyGiocare2.0\\VolleyServe\\vendor\\laravel\\framework\\src\\Illuminate\\Foundation\\Http\\Middleware\\CheckForMaintenanceMode.php(62): Illuminate\\Pipeline\\Pipeline->Illuminate\\Pipeline\\{closure}(Object(Illuminate\\Http\\Request))
#43 C:\\Users\\eriko\\OneDrive\\Desktop\\VolleyGiocare2.0\\VolleyServe\\vendor\\laravel\\framework\\src\\Illuminate\\Pipeline\\Pipeline.php(171): Illuminate\\Foundation\\Http\\Middleware\\CheckForMaintenanceMode->handle(Object(Illuminate\\Http\\Request), Object(Closure))
#44 C:\\Users\\eriko\\OneDrive\\Desktop\\VolleyGiocare2.0\\VolleyServe\\vendor\\fideloper\\proxy\\src\\TrustProxies.php(57): Illuminate\\Pipeline\\Pipeline->Illuminate\\Pipeline\\{closure}(Object(Illuminate\\Http\\Request))
#45 C:\\Users\\eriko\\OneDrive\\Desktop\\VolleyGiocare2.0\\VolleyServe\\vendor\\laravel\\framework\\src\\Illuminate\\Pipeline\\Pipeline.php(171): Fideloper\\Proxy\\TrustProxies->handle(Object(Illuminate\\Http\\Request), Object(Closure))
#46 C:\\Users\\eriko\\OneDrive\\Desktop\\VolleyGiocare2.0\\VolleyServe\\vendor\\laravel\\framework\\src\\Illuminate\\Pipeline\\Pipeline.php(105): Illuminate\\Pipeline\\Pipeline->Illuminate\\Pipeline\\{closure}(Object(Illuminate\\Http\\Request))
#47 C:\\Users\\eriko\\OneDrive\\Desktop\\VolleyGiocare2.0\\VolleyServe\\vendor\\laravel\\framework\\src\\Illuminate\\Foundation\\Http\\Kernel.php(151): Illuminate\\Pipeline\\Pipeline->then(Object(Closure))
#48 C:\\Users\\eriko\\OneDrive\\Desktop\\VolleyGiocare2.0\\VolleyServe\\vendor\\laravel\\framework\\src\\Illuminate\\Foundation\\Http\\Kernel.php(116): Illuminate\\Foundation\\Http\\Kernel->sendRequestThroughRouter(Object(Illuminate\\Http\\Request))
#49 C:\\Users\\eriko\\OneDrive\\Desktop\\VolleyGiocare2.0\\VolleyServe\\public\\index.php(55): Illuminate\\Foundation\\Http\\Kernel->handle(Object(Illuminate\\Http\\Request))
#50 C:\\Users\\eriko\\OneDrive\\Desktop\\VolleyGiocare2.0\\VolleyServe\\server.php(21): require_once('C:\\\\Users\\\\eriko\\\\...')
#51 {main}

[previous exception] [object] (PDOException(code: HY000): SQLSTATE[HY000]: General error: 1366 Incorrect integer value: 'ddddd' for column 'numero_giocatori' at row 1 at C:\\Users\\eriko\\OneDrive\\Desktop\\VolleyGiocare2.0\\VolleyServe\\vendor\\laravel\\framework\\src\\Illuminate\\Database\\Connection.php:459)
[stacktrace]
#0 C:\\Users\\eriko\\OneDrive\\Desktop\\VolleyGiocare2.0\\VolleyServe\\vendor\\laravel\\framework\\src\\Illuminate\\Database\\Connection.php(459): PDOStatement->execute()
#1 C:\\Users\\eriko\\OneDrive\\Desktop\\VolleyGiocare2.0\\VolleyServe\\vendor\\laravel\\framework\\src\\Illuminate\\Database\\Connection.php(658): Illuminate\\Database\\Connection->Illuminate\\Database\\{closure}('insert into `ma...', Array)
#2 C:\\Users\\eriko\\OneDrive\\Desktop\\VolleyGiocare2.0\\VolleyServe\\vendor\\laravel\\framework\\src\\Illuminate\\Database\\Connection.php(625): Illuminate\\Database\\Connection->runQueryCallback('insert into `ma...', Array, Object(Closure))
#3 C:\\Users\\eriko\\OneDrive\\Desktop\\VolleyGiocare2.0\\VolleyServe\\vendor\\laravel\\framework\\src\\Illuminate\\Database\\Connection.php(460): Illuminate\\Database\\Connection->run('insert into `ma...', Array, Object(Closure))
#4 C:\\Users\\eriko\\OneDrive\\Desktop\\VolleyGiocare2.0\\VolleyServe\\vendor\\laravel\\framework\\src\\Illuminate\\Database\\Connection.php(412): Illuminate\\Database\\Connection->statement('insert into `ma...', Array)
#5 C:\\Users\\eriko\\OneDrive\\Desktop\\VolleyGiocare2.0\\VolleyServe\\vendor\\laravel\\framework\\src\\Illuminate\\Database\\Query\\Processors\\Processor.php(32): Illuminate\\Database\\Connection->insert('insert into `ma...', Array)
#6 C:\\Users\\eriko\\OneDrive\\Desktop\\VolleyGiocare2.0\\VolleyServe\\vendor\\laravel\\framework\\src\\Illuminate\\Database\\Query\\Builder.php(2658): Illuminate\\Database\\Query\\Processors\\Processor->processInsertGetId(Object(Illuminate\\Database\\Query\\Builder), 'insert into `ma...', Array, 'id')
#7 C:\\Users\\eriko\\OneDrive\\Desktop\\VolleyGiocare2.0\\VolleyServe\\vendor\\laravel\\framework\\src\\Illuminate\\Database\\Eloquent\\Builder.php(1350): Illuminate\\Database\\Query\\Builder->insertGetId(Array, 'id')
#8 C:\\Users\\eriko\\OneDrive\\Desktop\\VolleyGiocare2.0\\VolleyServe\\vendor\\laravel\\framework\\src\\Illuminate\\Database\\Eloquent\\Model.php(839): Illuminate\\Database\\Eloquent\\Builder->__call('insertGetId', Array)
#9 C:\\Users\\eriko\\OneDrive\\Desktop\\VolleyGiocare2.0\\VolleyServe\\vendor\\laravel\\framework\\src\\Illuminate\\Database\\Eloquent\\Model.php(804): Illuminate\\Database\\Eloquent\\Model->insertAndSetId(Object(Illuminate\\Database\\Eloquent\\Builder), Array)
#10 C:\\Users\\eriko\\OneDrive\\Desktop\\VolleyGiocare2.0\\VolleyServe\\vendor\\laravel\\framework\\src\\Illuminate\\Database\\Eloquent\\Model.php(667): Illuminate\\Database\\Eloquent\\Model->performInsert(Object(Illuminate\\Database\\Eloquent\\Builder))
#11 C:\\Users\\eriko\\OneDrive\\Desktop\\VolleyGiocare2.0\\VolleyServe\\app\\Http\\Controllers\\matchesController.php(49): Illuminate\\Database\\Eloquent\\Model->save()
#12 [internal function]: App\\Http\\Controllers\\matchesController->addMatch(Object(Illuminate\\Http\\Request))
#13 C:\\Users\\eriko\\OneDrive\\Desktop\\VolleyGiocare2.0\\VolleyServe\\vendor\\laravel\\framework\\src\\Illuminate\\Routing\\Controller.php(54): call_user_func_array(Array, Array)
#14 C:\\Users\\eriko\\OneDrive\\Desktop\\VolleyGiocare2.0\\VolleyServe\\vendor\\laravel\\framework\\src\\Illuminate\\Routing\\ControllerDispatcher.php(45): Illuminate\\Routing\\Controller->callAction('addMatch', Array)
#15 C:\\Users\\eriko\\OneDrive\\Desktop\\VolleyGiocare2.0\\VolleyServe\\vendor\\laravel\\framework\\src\\Illuminate\\Routing\\Route.php(219): Illuminate\\Routing\\ControllerDispatcher->dispatch(Object(Illuminate\\Routing\\Route), Object(App\\Http\\Controllers\\matchesController), 'addMatch')
#16 C:\\Users\\eriko\\OneDrive\\Desktop\\VolleyGiocare2.0\\VolleyServe\\vendor\\laravel\\framework\\src\\Illuminate\\Routing\\Route.php(176): Illuminate\\Routing\\Route->runController()
#17 C:\\Users\\eriko\\OneDrive\\Desktop\\VolleyGiocare2.0\\VolleyServe\\vendor\\laravel\\framework\\src\\Illuminate\\Routing\\Router.php(680): Illuminate\\Routing\\Route->run()
#18 C:\\Users\\eriko\\OneDrive\\Desktop\\VolleyGiocare2.0\\VolleyServe\\vendor\\laravel\\framework\\src\\Illuminate\\Pipeline\\Pipeline.php(130): Illuminate\\Routing\\Router->Illuminate\\Routing\\{closure}(Object(Illuminate\\Http\\Request))
#19 C:\\Users\\eriko\\OneDrive\\Desktop\\VolleyGiocare2.0\\VolleyServe\\vendor\\laravel\\framework\\src\\Illuminate\\Routing\\Middleware\\SubstituteBindings.php(41): Illuminate\\Pipeline\\Pipeline->Illuminate\\Pipeline\\{closure}(Object(Illuminate\\Http\\Request))
#20 C:\\Users\\eriko\\OneDrive\\Desktop\\VolleyGiocare2.0\\VolleyServe\\vendor\\laravel\\framework\\src\\Illuminate\\Pipeline\\Pipeline.php(171): Illuminate\\Routing\\Middleware\\SubstituteBindings->handle(Object(Illuminate\\Http\\Request), Object(Closure))
#21 C:\\Users\\eriko\\OneDrive\\Desktop\\VolleyGiocare2.0\\VolleyServe\\vendor\\laravel\\framework\\src\\Illuminate\\Foundation\\Http\\Middleware\\VerifyCsrfToken.php(76): Illuminate\\Pipeline\\Pipeline->Illuminate\\Pipeline\\{closure}(Object(Illuminate\\Http\\Request))
#22 C:\\Users\\eriko\\OneDrive\\Desktop\\VolleyGiocare2.0\\VolleyServe\\vendor\\laravel\\framework\\src\\Illuminate\\Pipeline\\Pipeline.php(171): Illuminate\\Foundation\\Http\\Middleware\\VerifyCsrfToken->handle(Object(Illuminate\\Http\\Request), Object(Closure))
#23 C:\\Users\\eriko\\OneDrive\\Desktop\\VolleyGiocare2.0\\VolleyServe\\vendor\\laravel\\framework\\src\\Illuminate\\View\\Middleware\\ShareErrorsFromSession.php(49): Illuminate\\Pipeline\\Pipeline->Illuminate\\Pipeline\\{closure}(Object(Illuminate\\Http\\Request))
#24 C:\\Users\\eriko\\OneDrive\\Desktop\\VolleyGiocare2.0\\VolleyServe\\vendor\\laravel\\framework\\src\\Illuminate\\Pipeline\\Pipeline.php(171): Illuminate\\View\\Middleware\\ShareErrorsFromSession->handle(Object(Illuminate\\Http\\Request), Object(Closure))
#25 C:\\Users\\eriko\\OneDrive\\Desktop\\VolleyGiocare2.0\\VolleyServe\\vendor\\laravel\\framework\\src\\Illuminate\\Session\\Middleware\\StartSession.php(56): Illuminate\\Pipeline\\Pipeline->Illuminate\\Pipeline\\{closure}(Object(Illuminate\\Http\\Request))
#26 C:\\Users\\eriko\\OneDrive\\Desktop\\VolleyGiocare2.0\\VolleyServe\\vendor\\laravel\\framework\\src\\Illuminate\\Pipeline\\Pipeline.php(171): Illuminate\\Session\\Middleware\\StartSession->handle(Object(Illuminate\\Http\\Request), Object(Closure))
#27 C:\\Users\\eriko\\OneDrive\\Desktop\\VolleyGiocare2.0\\VolleyServe\\vendor\\laravel\\framework\\src\\Illuminate\\Cookie\\Middleware\\AddQueuedCookiesToResponse.php(37): Illuminate\\Pipeline\\Pipeline->Illuminate\\Pipeline\\{closure}(Object(Illuminate\\Http\\Request))
#28 C:\\Users\\eriko\\OneDrive\\Desktop\\VolleyGiocare2.0\\VolleyServe\\vendor\\laravel\\framework\\src\\Illuminate\\Pipeline\\Pipeline.php(171): Illuminate\\Cookie\\Middleware\\AddQueuedCookiesToResponse->handle(Object(Illuminate\\Http\\Request), Object(Closure))
#29 C:\\Users\\eriko\\OneDrive\\Desktop\\VolleyGiocare2.0\\VolleyServe\\vendor\\laravel\\framework\\src\\Illuminate\\Cookie\\Middleware\\EncryptCookies.php(66): Illuminate\\Pipeline\\Pipeline->Illuminate\\Pipeline\\{closure}(Object(Illuminate\\Http\\Request))
#30 C:\\Users\\eriko\\OneDrive\\Desktop\\VolleyGiocare2.0\\VolleyServe\\vendor\\laravel\\framework\\src\\Illuminate\\Pipeline\\Pipeline.php(171): Illuminate\\Cookie\\Middleware\\EncryptCookies->handle(Object(Illuminate\\Http\\Request), Object(Closure))
#31 C:\\Users\\eriko\\OneDrive\\Desktop\\VolleyGiocare2.0\\VolleyServe\\vendor\\laravel\\framework\\src\\Illuminate\\Pipeline\\Pipeline.php(105): Illuminate\\Pipeline\\Pipeline->Illuminate\\Pipeline\\{closure}(Object(Illuminate\\Http\\Request))
#32 C:\\Users\\eriko\\OneDrive\\Desktop\\VolleyGiocare2.0\\VolleyServe\\vendor\\laravel\\framework\\src\\Illuminate\\Routing\\Router.php(682): Illuminate\\Pipeline\\Pipeline->then(Object(Closure))
#33 C:\\Users\\eriko\\OneDrive\\Desktop\\VolleyGiocare2.0\\VolleyServe\\vendor\\laravel\\framework\\src\\Illuminate\\Routing\\Router.php(657): Illuminate\\Routing\\Router->runRouteWithinStack(Object(Illuminate\\Routing\\Route), Object(Illuminate\\Http\\Request))
#34 C:\\Users\\eriko\\OneDrive\\Desktop\\VolleyGiocare2.0\\VolleyServe\\vendor\\laravel\\framework\\src\\Illuminate\\Routing\\Router.php(623): Illuminate\\Routing\\Router->runRoute(Object(Illuminate\\Http\\Request), Object(Illuminate\\Routing\\Route))
#35 C:\\Users\\eriko\\OneDrive\\Desktop\\VolleyGiocare2.0\\VolleyServe\\vendor\\laravel\\framework\\src\\Illuminate\\Routing\\Router.php(612): Illuminate\\Routing\\Router->dispatchToRoute(Object(Illuminate\\Http\\Request))
#36 C:\\Users\\eriko\\OneDrive\\Desktop\\VolleyGiocare2.0\\VolleyServe\\vendor\\laravel\\framework\\src\\Illuminate\\Foundation\\Http\\Kernel.php(176): Illuminate\\Routing\\Router->dispatch(Object(Illuminate\\Http\\Request))
#37 C:\\Users\\eriko\\OneDrive\\Desktop\\VolleyGiocare2.0\\VolleyServe\\vendor\\laravel\\framework\\src\\Illuminate\\Pipeline\\Pipeline.php(130): Illuminate\\Foundation\\Http\\Kernel->Illuminate\\Foundation\\Http\\{closure}(Object(Illuminate\\Http\\Request))
#38 C:\\Users\\eriko\\OneDrive\\Desktop\\VolleyGiocare2.0\\VolleyServe\\vendor\\laravel\\framework\\src\\Illuminate\\Foundation\\Http\\Middleware\\TransformsRequest.php(21): Illuminate\\Pipeline\\Pipeline->Illuminate\\Pipeline\\{closure}(Object(Illuminate\\Http\\Request))
#39 C:\\Users\\eriko\\OneDrive\\Desktop\\VolleyGiocare2.0\\VolleyServe\\vendor\\laravel\\framework\\src\\Illuminate\\Pipeline\\Pipeline.php(171): Illuminate\\Foundation\\Http\\Middleware\\TransformsRequest->handle(Object(Illuminate\\Http\\Request), Object(Closure))
#40 C:\\Users\\eriko\\OneDrive\\Desktop\\VolleyGiocare2.0\\VolleyServe\\vendor\\laravel\\framework\\src\\Illuminate\\Foundation\\Http\\Middleware\\TransformsRequest.php(21): Illuminate\\Pipeline\\Pipeline->Illuminate\\Pipeline\\{closure}(Object(Illuminate\\Http\\Request))
#41 C:\\Users\\eriko\\OneDrive\\Desktop\\VolleyGiocare2.0\\VolleyServe\\vendor\\laravel\\framework\\src\\Illuminate\\Pipeline\\Pipeline.php(171): Illuminate\\Foundation\\Http\\Middleware\\TransformsRequest->handle(Object(Illuminate\\Http\\Request), Object(Closure))
#42 C:\\Users\\eriko\\OneDrive\\Desktop\\VolleyGiocare2.0\\VolleyServe\\vendor\\laravel\\framework\\src\\Illuminate\\Foundation\\Http\\Middleware\\ValidatePostSize.php(27): Illuminate\\Pipeline\\Pipeline->Illuminate\\Pipeline\\{closure}(Object(Illuminate\\Http\\Request))
#43 C:\\Users\\eriko\\OneDrive\\Desktop\\VolleyGiocare2.0\\VolleyServe\\vendor\\laravel\\framework\\src\\Illuminate\\Pipeline\\Pipeline.php(171): Illuminate\\Foundation\\Http\\Middleware\\ValidatePostSize->handle(Object(Illuminate\\Http\\Request), Object(Closure))
#44 C:\\Users\\eriko\\OneDrive\\Desktop\\VolleyGiocare2.0\\VolleyServe\\vendor\\laravel\\framework\\src\\Illuminate\\Foundation\\Http\\Middleware\\CheckForMaintenanceMode.php(62): Illuminate\\Pipeline\\Pipeline->Illuminate\\Pipeline\\{closure}(Object(Illuminate\\Http\\Request))
#45 C:\\Users\\eriko\\OneDrive\\Desktop\\VolleyGiocare2.0\\VolleyServe\\vendor\\laravel\\framework\\src\\Illuminate\\Pipeline\\Pipeline.php(171): Illuminate\\Foundation\\Http\\Middleware\\CheckForMaintenanceMode->handle(Object(Illuminate\\Http\\Request), Object(Closure))
#46 C:\\Users\\eriko\\OneDrive\\Desktop\\VolleyGiocare2.0\\VolleyServe\\vendor\\fideloper\\proxy\\src\\TrustProxies.php(57): Illuminate\\Pipeline\\Pipeline->Illuminate\\Pipeline\\{closure}(Object(Illuminate\\Http\\Request))
#47 C:\\Users\\eriko\\OneDrive\\Desktop\\VolleyGiocare2.0\\VolleyServe\\vendor\\laravel\\framework\\src\\Illuminate\\Pipeline\\Pipeline.php(171): Fideloper\\Proxy\\TrustProxies->handle(Object(Illuminate\\Http\\Request), Object(Closure))
#48 C:\\Users\\eriko\\OneDrive\\Desktop\\VolleyGiocare2.0\\VolleyServe\\vendor\\laravel\\framework\\src\\Illuminate\\Pipeline\\Pipeline.php(105): Illuminate\\Pipeline\\Pipeline->Illuminate\\Pipeline\\{closure}(Object(Illuminate\\Http\\Request))
#49 C:\\Users\\eriko\\OneDrive\\Desktop\\VolleyGiocare2.0\\VolleyServe\\vendor\\laravel\\framework\\src\\Illuminate\\Foundation\\Http\\Kernel.php(151): Illuminate\\Pipeline\\Pipeline->then(Object(Closure))
#50 C:\\Users\\eriko\\OneDrive\\Desktop\\VolleyGiocare2.0\\VolleyServe\\vendor\\laravel\\framework\\src\\Illuminate\\Foundation\\Http\\Kernel.php(116): Illuminate\\Foundation\\Http\\Kernel->sendRequestThroughRouter(Object(Illuminate\\Http\\Request))
#51 C:\\Users\\eriko\\OneDrive\\Desktop\\VolleyGiocare2.0\\VolleyServe\\public\\index.php(55): Illuminate\\Foundation\\Http\\Kernel->handle(Object(Illuminate\\Http\\Request))
#52 C:\\Users\\eriko\\OneDrive\\Desktop\\VolleyGiocare2.0\\VolleyServe\\server.php(21): require_once('C:\\\\Users\\\\eriko\\\\...')
#53 {main}
"} 
