[2019-10-23 10:23:55] local.ERROR: Too few arguments to function Illuminate\Database\Query\Builder::orderByDesc(), 0 passed in C:\Users\eriko\OneDrive\Desktop\VolleyGiocare2.0\VolleyServe\app\Http\Controllers\matchesController.php on line 13 and exactly 1 expected {"exception":"[object] (Symfony\\Component\\Debug\\Exception\\FatalThrowableError(code: 0): Too few arguments to function Illuminate\\Database\\Query\\Builder::orderByDesc(), 0 passed in C:\\Users\\eriko\\OneDrive\\Desktop\\VolleyGiocare2.0\\VolleyServe\\app\\Http\\Controllers\\matchesController.php on line 13 and exactly 1 expected at C:\\Users\\eriko\\OneDrive\\Desktop\\VolleyGiocare2.0\\VolleyServe\\vendor\\laravel\\framework\\src\\Illuminate\\Database\\Query\\Builder.php:1839)
[stacktrace]
#0 C:\\Users\\eriko\\OneDrive\\Desktop\\VolleyGiocare2.0\\VolleyServe\\app\\Http\\Controllers\\matchesController.php(13): Illuminate\\Database\\Query\\Builder->orderByDesc()
#1 [internal function]: App\\Http\\Controllers\\matchesController->listmatches()
#2 C:\\Users\\eriko\\OneDrive\\Desktop\\VolleyGiocare2.0\\VolleyServe\\vendor\\laravel\\framework\\src\\Illuminate\\Routing\\Controller.php(54): call_user_func_array(Array, Array)
#3 C:\\Users\\eriko\\OneDrive\\Desktop\\VolleyGiocare2.0\\VolleyServe\\vendor\\laravel\\framework\\src\\Illuminate\\Routing\\ControllerDispatcher.php(45): Illuminate\\Routing\\Controller->callAction('listmatches', Array)
#4 C:\\Users\\eriko\\OneDrive\\Desktop\\VolleyGiocare2.0\\VolleyServe\\vendor\\laravel\\framework\\src\\Illuminate\\Routing\\Route.php(219): Illuminate\\Routing\\ControllerDispatcher->dispatch(Object(Illuminate\\Routing\\Route), Object(App\\Http\\Controllers\\matchesController), 'listmatches')
#5 C:\\Users\\eriko\\OneDrive\\Desktop\\VolleyGiocare2.0\\VolleyServe\\vendor\\laravel\\framework\\src\\Illuminate\\Routing\\Route.php(176): Illuminate\\Routing\\Route->runController()
#6 C:\\Users\\eriko\\OneDrive\\Desktop\\VolleyGiocare2.0\\VolleyServe\\vendor\\laravel\\framework\\src\\Illuminate\\Routing\\Router.php(680): Illuminate\\Routing\\Route->run()
#7 C:\\Users\\eriko\\OneDrive\\Desktop\\VolleyGiocare2.0\\VolleyServe\\vendor\\laravel\\framework\\src\\Illuminate\\Pipeline\\Pipeline.php(130): Illuminate\\Routing\\Router->Illuminate\\Routing\\{closure}(Object(Illuminate\\Http\\Request))
#8 C:\\Users\\eriko\\OneDrive\\Desktop\\VolleyGiocare2.0\\VolleyServe\\vendor\\laravel\\framework\\src\\Illuminate\\Routing\\Middleware\\SubstituteBindings.php(41): Illuminate\\Pipeline\\Pipeline->Illuminate\\Pipeline\\{closure}(Object(Illuminate\\Http\\Request))
#9 C:\\Users\\eriko\\OneDrive\\Desktop\\VolleyGiocare2.0\\VolleyServe\\vendor\\laravel\\framework\\src\\Illuminate\\Pipeline\\Pipeline.php(171): Illuminate\\Routing\\Middleware\\SubstituteBindings->handle(Object(Illuminate\\Http\\Request), Object(Closure))
#10 C:\\Users\\eriko\\OneDrive\\Desktop\\VolleyGiocare2.0\\VolleyServe\\vendor\\laravel\\framework\\src\\Illuminate\\Foundation\\Http\\Middleware\\VerifyCsrfToken.php(76): Illuminate\\Pipeline\\Pipeline->Illuminate\\Pipeline\\{closure}(Object(Illuminate\\Http\\Request))
#11 C:\\Users\\eriko\\OneDrive\\Desktop\\VolleyGiocare2.0\\VolleyServe\\vendor\\laravel\\framework\\src\\Illuminate\\Pipeline\\Pipeline.php(171): Illuminate\\Foundation\\Http\\Middleware\\VerifyCsrfToken->handle(Object(Illuminate\\Http\\Request), Object(Closure))
#12 C:\\Users\\eriko\\OneDrive\\Desktop\\VolleyGiocare2.0\\VolleyServe\\vendor\\laravel\\framework\\src\\Illuminate\\View\\Middleware\\ShareErrorsFromSession.php(49): Illuminate\\Pipeline\\Pipeline->Illuminate\\Pipeline\\{closure}(Object(Illuminate\\Http\\Request))
#13 C:\\Users\\eriko\\OneDrive\\Desktop\\VolleyGiocare2.0\\VolleyServe\\vendor\\laravel\\framework\\src\\Illuminate\\Pipeline\\Pipeline.php(171): Illuminate\\View\\Middleware\\ShareErrorsFromSession->handle(Object(Illuminate\\Http\\Request), Object(Closure))
#14 C:\\Users\\eriko\\OneDrive\\Desktop\\VolleyGiocare2.0\\VolleyServe\\vendor\\laravel\\framework\\src\\Illuminate\\Session\\Middleware\\StartSession.php(56): Illuminate\\Pipeline\\Pipeline->Illuminate\\Pipeline\\{closure}(Object(Illuminate\\Http\\Request))
#15 C:\\Users\\eriko\\OneDrive\\Desktop\\VolleyGiocare2.0\\VolleyServe\\vendor\\laravel\\framework\\src\\Illuminate\\Pipeline\\Pipeline.php(171): Illuminate\\Session\\Middleware\\StartSession->handle(Object(Illuminate\\Http\\Request), Object(Closure))
#16 C:\\Users\\eriko\\OneDrive\\Desktop\\VolleyGiocare2.0\\VolleyServe\\vendor\\laravel\\framework\\src\\Illuminate\\Cookie\\Middleware\\AddQueuedCookiesToResponse.php(37): Illuminate\\Pipeline\\Pipeline->Illuminate\\Pipeline\\{closure}(Object(Illuminate\\Http\\Request))
#17 C:\\Users\\eriko\\OneDrive\\Desktop\\VolleyGiocare2.0\\VolleyServe\\vendor\\laravel\\framework\\src\\Illuminate\\Pipeline\\Pipeline.php(171): Illuminate\\Cookie\\Middleware\\AddQueuedCookiesToResponse->handle(Object(Illuminate\\Http\\Request), Object(Closure))
#18 C:\\Users\\eriko\\OneDrive\\Desktop\\VolleyGiocare2.0\\VolleyServe\\vendor\\laravel\\framework\\src\\Illuminate\\Cookie\\Middleware\\EncryptCookies.php(66): Illuminate\\Pipeline\\Pipeline->Illuminate\\Pipeline\\{closure}(Object(Illuminate\\Http\\Request))
#19 C:\\Users\\eriko\\OneDrive\\Desktop\\VolleyGiocare2.0\\VolleyServe\\vendor\\laravel\\framework\\src\\Illuminate\\Pipeline\\Pipeline.php(171): Illuminate\\Cookie\\Middleware\\EncryptCookies->handle(Object(Illuminate\\Http\\Request), Object(Closure))
#20 C:\\Users\\eriko\\OneDrive\\Desktop\\VolleyGiocare2.0\\VolleyServe\\vendor\\laravel\\framework\\src\\Illuminate\\Pipeline\\Pipeline.php(105): Illuminate\\Pipeline\\Pipeline->Illuminate\\Pipeline\\{closure}(Object(Illuminate\\Http\\Request))
#21 C:\\Users\\eriko\\OneDrive\\Desktop\\VolleyGiocare2.0\\VolleyServe\\vendor\\laravel\\framework\\src\\Illuminate\\Routing\\Router.php(682): Illuminate\\Pipeline\\Pipeline->then(Object(Closure))
#22 C:\\Users\\eriko\\OneDrive\\Desktop\\VolleyGiocare2.0\\VolleyServe\\vendor\\laravel\\framework\\src\\Illuminate\\Routing\\Router.php(657): Illuminate\\Routing\\Router->runRouteWithinStack(Object(Illuminate\\Routing\\Route), Object(Illuminate\\Http\\Request))
#23 C:\\Users\\eriko\\OneDrive\\Desktop\\VolleyGiocare2.0\\VolleyServe\\vendor\\laravel\\framework\\src\\Illuminate\\Routing\\Router.php(623): Illuminate\\Routing\\Router->runRoute(Object(Illuminate\\Http\\Request), Object(Illuminate\\Routing\\Route))
#24 C:\\Users\\eriko\\OneDrive\\Desktop\\VolleyGiocare2.0\\VolleyServe\\vendor\\laravel\\framework\\src\\Illuminate\\Routing\\Router.php(612): Illuminate\\Routing\\Router->dispatchToRoute(Object(Illuminate\\Http\\Request))
#25 C:\\Users\\eriko\\OneDrive\\Desktop\\VolleyGiocare2.0\\VolleyServe\\vendor\\laravel\\framework\\src\\Illuminate\\Foundation\\Http\\Kernel.php(176): Illuminate\\Routing\\Router->dispatch(Object(Illuminate\\Http\\Request))
#26 C:\\Users\\eriko\\OneDrive\\Desktop\\VolleyGiocare2.0\\VolleyServe\\vendor\\laravel\\framework\\src\\Illuminate\\Pipeline\\Pipeline.php(130): Illuminate\\Foundation\\Http\\Kernel->Illuminate\\Foundation\\Http\\{closure}(Object(Illuminate\\Http\\Request))
#27 C:\\Users\\eriko\\OneDrive\\Desktop\\VolleyGiocare2.0\\VolleyServe\\vendor\\laravel\\framework\\src\\Illuminate\\Foundation\\Http\\Middleware\\TransformsRequest.php(21): Illuminate\\Pipeline\\Pipeline->Illuminate\\Pipeline\\{closure}(Object(Illuminate\\Http\\Request))
#28 C:\\Users\\eriko\\OneDrive\\Desktop\\VolleyGiocare2.0\\VolleyServe\\vendor\\laravel\\framework\\src\\Illuminate\\Pipeline\\Pipeline.php(171): Illuminate\\Foundation\\Http\\Middleware\\TransformsRequest->handle(Object(Illuminate\\Http\\Request), Object(Closure))
#29 C:\\Users\\eriko\\OneDrive\\Desktop\\VolleyGiocare2.0\\VolleyServe\\vendor\\laravel\\framework\\src\\Illuminate\\Foundation\\Http\\Middleware\\TransformsRequest.php(21): Illuminate\\Pipeline\\Pipeline->Illuminate\\Pipeline\\{closure}(Object(Illuminate\\Http\\Request))
#30 C:\\Users\\eriko\\OneDrive\\Desktop\\VolleyGiocare2.0\\VolleyServe\\vendor\\laravel\\framework\\src\\Illuminate\\Pipeline\\Pipeline.php(171): Illuminate\\Foundation\\Http\\Middleware\\TransformsRequest->handle(Object(Illuminate\\Http\\Request), Object(Closure))
#31 C:\\Users\\eriko\\OneDrive\\Desktop\\VolleyGiocare2.0\\VolleyServe\\vendor\\laravel\\framework\\src\\Illuminate\\Foundation\\Http\\Middleware\\ValidatePostSize.php(27): Illuminate\\Pipeline\\Pipeline->Illuminate\\Pipeline\\{closure}(Object(Illuminate\\Http\\Request))
#32 C:\\Users\\eriko\\OneDrive\\Desktop\\VolleyGiocare2.0\\VolleyServe\\vendor\\laravel\\framework\\src\\Illuminate\\Pipeline\\Pipeline.php(171): Illuminate\\Foundation\\Http\\Middleware\\ValidatePostSize->handle(Object(Illuminate\\Http\\Request), Object(Closure))
#33 C:\\Users\\eriko\\OneDrive\\Desktop\\VolleyGiocare2.0\\VolleyServe\\vendor\\laravel\\framework\\src\\Illuminate\\Foundation\\Http\\Middleware\\CheckForMaintenanceMode.php(62): Illuminate\\Pipeline\\Pipeline->Illuminate\\Pipeline\\{closure}(Object(Illuminate\\Http\\Request))
#34 C:\\Users\\eriko\\OneDrive\\Desktop\\VolleyGiocare2.0\\VolleyServe\\vendor\\laravel\\framework\\src\\Illuminate\\Pipeline\\Pipeline.php(171): Illuminate\\Foundation\\Http\\Middleware\\CheckForMaintenanceMode->handle(Object(Illuminate\\Http\\Request), Object(Closure))
#35 C:\\Users\\eriko\\OneDrive\\Desktop\\VolleyGiocare2.0\\VolleyServe\\vendor\\fideloper\\proxy\\src\\TrustProxies.php(57): Illuminate\\Pipeline\\Pipeline->Illuminate\\Pipeline\\{closure}(Object(Illuminate\\Http\\Request))
#36 C:\\Users\\eriko\\OneDrive\\Desktop\\VolleyGiocare2.0\\VolleyServe\\vendor\\laravel\\framework\\src\\Illuminate\\Pipeline\\Pipeline.php(171): Fideloper\\Proxy\\TrustProxies->handle(Object(Illuminate\\Http\\Request), Object(Closure))
#37 C:\\Users\\eriko\\OneDrive\\Desktop\\VolleyGiocare2.0\\VolleyServe\\vendor\\laravel\\framework\\src\\Illuminate\\Pipeline\\Pipeline.php(105): Illuminate\\Pipeline\\Pipeline->Illuminate\\Pipeline\\{closure}(Object(Illuminate\\Http\\Request))
#38 C:\\Users\\eriko\\OneDrive\\Desktop\\VolleyGiocare2.0\\VolleyServe\\vendor\\laravel\\framework\\src\\Illuminate\\Foundation\\Http\\Kernel.php(151): Illuminate\\Pipeline\\Pipeline->then(Object(Closure))
#39 C:\\Users\\eriko\\OneDrive\\Desktop\\VolleyGiocare2.0\\VolleyServe\\vendor\\laravel\\framework\\src\\Illuminate\\Foundation\\Http\\Kernel.php(116): Illuminate\\Foundation\\Http\\Kernel->sendRequestThroughRouter(Object(Illuminate\\Http\\Request))
#40 C:\\Users\\eriko\\OneDrive\\Desktop\\VolleyGiocare2.0\\VolleyServe\\public\\index.php(55): Illuminate\\Foundation\\Http\\Kernel->handle(Object(Illuminate\\Http\\Request))
#41 C:\\Users\\eriko\\OneDrive\\Desktop\\VolleyGiocare2.0\\VolleyServe\\server.php(21): require_once('C:\\\\Users\\\\eriko\\\\...')
#42 {main}
"} 
[2019-10-23 10:24:04] local.ERROR: Too few arguments to function Illuminate\Database\Query\Builder::orderByDesc(), 0 passed in C:\Users\eriko\OneDrive\Desktop\VolleyGiocare2.0\VolleyServe\app\Http\Controllers\matchesController.php on line 13 and exactly 1 expected {"exception":"[object] (Symfony\\Component\\Debug\\Exception\\FatalThrowableError(code: 0): Too few arguments to function Illuminate\\Database\\Query\\Builder::orderByDesc(), 0 passed in C:\\Users\\eriko\\OneDrive\\Desktop\\VolleyGiocare2.0\\VolleyServe\\app\\Http\\Controllers\\matchesController.php on line 13 and exactly 1 expected at C:\\Users\\eriko\\OneDrive\\Desktop\\VolleyGiocare2.0\\VolleyServe\\vendor\\laravel\\framework\\src\\Illuminate\\Database\\Query\\Builder.php:1839)
[stacktrace]
#0 C:\\Users\\eriko\\OneDrive\\Desktop\\VolleyGiocare2.0\\VolleyServe\\app\\Http\\Controllers\\matchesController.php(13): Illuminate\\Database\\Query\\Builder->orderByDesc()
#1 [internal function]: App\\Http\\Controllers\\matchesController->listmatches()
#2 C:\\Users\\eriko\\OneDrive\\Desktop\\VolleyGiocare2.0\\VolleyServe\\vendor\\laravel\\framework\\src\\Illuminate\\Routing\\Controller.php(54): call_user_func_array(Array, Array)
#3 C:\\Users\\eriko\\OneDrive\\Desktop\\VolleyGiocare2.0\\VolleyServe\\vendor\\laravel\\framework\\src\\Illuminate\\Routing\\ControllerDispatcher.php(45): Illuminate\\Routing\\Controller->callAction('listmatches', Array)
#4 C:\\Users\\eriko\\OneDrive\\Desktop\\VolleyGiocare2.0\\VolleyServe\\vendor\\laravel\\framework\\src\\Illuminate\\Routing\\Route.php(219): Illuminate\\Routing\\ControllerDispatcher->dispatch(Object(Illuminate\\Routing\\Route), Object(App\\Http\\Controllers\\matchesController), 'listmatches')
#5 C:\\Users\\eriko\\OneDrive\\Desktop\\VolleyGiocare2.0\\VolleyServe\\vendor\\laravel\\framework\\src\\Illuminate\\Routing\\Route.php(176): Illuminate\\Routing\\Route->runController()
#6 C:\\Users\\eriko\\OneDrive\\Desktop\\VolleyGiocare2.0\\VolleyServe\\vendor\\laravel\\framework\\src\\Illuminate\\Routing\\Router.php(680): Illuminate\\Routing\\Route->run()
#7 C:\\Users\\eriko\\OneDrive\\Desktop\\VolleyGiocare2.0\\VolleyServe\\vendor\\laravel\\framework\\src\\Illuminate\\Pipeline\\Pipeline.php(130): Illuminate\\Routing\\Router->Illuminate\\Routing\\{closure}(Object(Illuminate\\Http\\Request))
#8 C:\\Users\\eriko\\OneDrive\\Desktop\\VolleyGiocare2.0\\VolleyServe\\vendor\\laravel\\framework\\src\\Illuminate\\Routing\\Middleware\\SubstituteBindings.php(41): Illuminate\\Pipeline\\Pipeline->Illuminate\\Pipeline\\{closure}(Object(Illuminate\\Http\\Request))
#9 C:\\Users\\eriko\\OneDrive\\Desktop\\VolleyGiocare2.0\\VolleyServe\\vendor\\laravel\\framework\\src\\Illuminate\\Pipeline\\Pipeline.php(171): Illuminate\\Routing\\Middleware\\SubstituteBindings->handle(Object(Illuminate\\Http\\Request), Object(Closure))
#10 C:\\Users\\eriko\\OneDrive\\Desktop\\VolleyGiocare2.0\\VolleyServe\\vendor\\laravel\\framework\\src\\Illuminate\\Foundation\\Http\\Middleware\\VerifyCsrfToken.php(76): Illuminate\\Pipeline\\Pipeline->Illuminate\\Pipeline\\{closure}(Object(Illuminate\\Http\\Request))
#11 C:\\Users\\eriko\\OneDrive\\Desktop\\VolleyGiocare2.0\\VolleyServe\\vendor\\laravel\\framework\\src\\Illuminate\\Pipeline\\Pipeline.php(171): Illuminate\\Foundation\\Http\\Middleware\\VerifyCsrfToken->handle(Object(Illuminate\\Http\\Request), Object(Closure))
#12 C:\\Users\\eriko\\OneDrive\\Desktop\\VolleyGiocare2.0\\VolleyServe\\vendor\\laravel\\framework\\src\\Illuminate\\View\\Middleware\\ShareErrorsFromSession.php(49): Illuminate\\Pipeline\\Pipeline->Illuminate\\Pipeline\\{closure}(Object(Illuminate\\Http\\Request))
#13 C:\\Users\\eriko\\OneDrive\\Desktop\\VolleyGiocare2.0\\VolleyServe\\vendor\\laravel\\framework\\src\\Illuminate\\Pipeline\\Pipeline.php(171): Illuminate\\View\\Middleware\\ShareErrorsFromSession->handle(Object(Illuminate\\Http\\Request), Object(Closure))
#14 C:\\Users\\eriko\\OneDrive\\Desktop\\VolleyGiocare2.0\\VolleyServe\\vendor\\laravel\\framework\\src\\Illuminate\\Session\\Middleware\\StartSession.php(56): Illuminate\\Pipeline\\Pipeline->Illuminate\\Pipeline\\{closure}(Object(Illuminate\\Http\\Request))
#15 C:\\Users\\eriko\\OneDrive\\Desktop\\VolleyGiocare2.0\\VolleyServe\\vendor\\laravel\\framework\\src\\Illuminate\\Pipeline\\Pipeline.php(171): Illuminate\\Session\\Middleware\\StartSession->handle(Object(Illuminate\\Http\\Request), Object(Closure))
#16 C:\\Users\\eriko\\OneDrive\\Desktop\\VolleyGiocare2.0\\VolleyServe\\vendor\\laravel\\framework\\src\\Illuminate\\Cookie\\Middleware\\AddQueuedCookiesToResponse.php(37): Illuminate\\Pipeline\\Pipeline->Illuminate\\Pipeline\\{closure}(Object(Illuminate\\Http\\Request))
#17 C:\\Users\\eriko\\OneDrive\\Desktop\\VolleyGiocare2.0\\VolleyServe\\vendor\\laravel\\framework\\src\\Illuminate\\Pipeline\\Pipeline.php(171): Illuminate\\Cookie\\Middleware\\AddQueuedCookiesToResponse->handle(Object(Illuminate\\Http\\Request), Object(Closure))
#18 C:\\Users\\eriko\\OneDrive\\Desktop\\VolleyGiocare2.0\\VolleyServe\\vendor\\laravel\\framework\\src\\Illuminate\\Cookie\\Middleware\\EncryptCookies.php(66): Illuminate\\Pipeline\\Pipeline->Illuminate\\Pipeline\\{closure}(Object(Illuminate\\Http\\Request))
#19 C:\\Users\\eriko\\OneDrive\\Desktop\\VolleyGiocare2.0\\VolleyServe\\vendor\\laravel\\framework\\src\\Illuminate\\Pipeline\\Pipeline.php(171): Illuminate\\Cookie\\Middleware\\EncryptCookies->handle(Object(Illuminate\\Http\\Request), Object(Closure))
#20 C:\\Users\\eriko\\OneDrive\\Desktop\\VolleyGiocare2.0\\VolleyServe\\vendor\\laravel\\framework\\src\\Illuminate\\Pipeline\\Pipeline.php(105): Illuminate\\Pipeline\\Pipeline->Illuminate\\Pipeline\\{closure}(Object(Illuminate\\Http\\Request))
#21 C:\\Users\\eriko\\OneDrive\\Desktop\\VolleyGiocare2.0\\VolleyServe\\vendor\\laravel\\framework\\src\\Illuminate\\Routing\\Router.php(682): Illuminate\\Pipeline\\Pipeline->then(Object(Closure))
#22 C:\\Users\\eriko\\OneDrive\\Desktop\\VolleyGiocare2.0\\VolleyServe\\vendor\\laravel\\framework\\src\\Illuminate\\Routing\\Router.php(657): Illuminate\\Routing\\Router->runRouteWithinStack(Object(Illuminate\\Routing\\Route), Object(Illuminate\\Http\\Request))
#23 C:\\Users\\eriko\\OneDrive\\Desktop\\VolleyGiocare2.0\\VolleyServe\\vendor\\laravel\\framework\\src\\Illuminate\\Routing\\Router.php(623): Illuminate\\Routing\\Router->runRoute(Object(Illuminate\\Http\\Request), Object(Illuminate\\Routing\\Route))
#24 C:\\Users\\eriko\\OneDrive\\Desktop\\VolleyGiocare2.0\\VolleyServe\\vendor\\laravel\\framework\\src\\Illuminate\\Routing\\Router.php(612): Illuminate\\Routing\\Router->dispatchToRoute(Object(Illuminate\\Http\\Request))
#25 C:\\Users\\eriko\\OneDrive\\Desktop\\VolleyGiocare2.0\\VolleyServe\\vendor\\laravel\\framework\\src\\Illuminate\\Foundation\\Http\\Kernel.php(176): Illuminate\\Routing\\Router->dispatch(Object(Illuminate\\Http\\Request))
#26 C:\\Users\\eriko\\OneDrive\\Desktop\\VolleyGiocare2.0\\VolleyServe\\vendor\\laravel\\framework\\src\\Illuminate\\Pipeline\\Pipeline.php(130): Illuminate\\Foundation\\Http\\Kernel->Illuminate\\Foundation\\Http\\{closure}(Object(Illuminate\\Http\\Request))
#27 C:\\Users\\eriko\\OneDrive\\Desktop\\VolleyGiocare2.0\\VolleyServe\\vendor\\laravel\\framework\\src\\Illuminate\\Foundation\\Http\\Middleware\\TransformsRequest.php(21): Illuminate\\Pipeline\\Pipeline->Illuminate\\Pipeline\\{closure}(Object(Illuminate\\Http\\Request))
#28 C:\\Users\\eriko\\OneDrive\\Desktop\\VolleyGiocare2.0\\VolleyServe\\vendor\\laravel\\framework\\src\\Illuminate\\Pipeline\\Pipeline.php(171): Illuminate\\Foundation\\Http\\Middleware\\TransformsRequest->handle(Object(Illuminate\\Http\\Request), Object(Closure))
#29 C:\\Users\\eriko\\OneDrive\\Desktop\\VolleyGiocare2.0\\VolleyServe\\vendor\\laravel\\framework\\src\\Illuminate\\Foundation\\Http\\Middleware\\TransformsRequest.php(21): Illuminate\\Pipeline\\Pipeline->Illuminate\\Pipeline\\{closure}(Object(Illuminate\\Http\\Request))
#30 C:\\Users\\eriko\\OneDrive\\Desktop\\VolleyGiocare2.0\\VolleyServe\\vendor\\laravel\\framework\\src\\Illuminate\\Pipeline\\Pipeline.php(171): Illuminate\\Foundation\\Http\\Middleware\\TransformsRequest->handle(Object(Illuminate\\Http\\Request), Object(Closure))
#31 C:\\Users\\eriko\\OneDrive\\Desktop\\VolleyGiocare2.0\\VolleyServe\\vendor\\laravel\\framework\\src\\Illuminate\\Foundation\\Http\\Middleware\\ValidatePostSize.php(27): Illuminate\\Pipeline\\Pipeline->Illuminate\\Pipeline\\{closure}(Object(Illuminate\\Http\\Request))
#32 C:\\Users\\eriko\\OneDrive\\Desktop\\VolleyGiocare2.0\\VolleyServe\\vendor\\laravel\\framework\\src\\Illuminate\\Pipeline\\Pipeline.php(171): Illuminate\\Foundation\\Http\\Middleware\\ValidatePostSize->handle(Object(Illuminate\\Http\\Request), Object(Closure))
#33 C:\\Users\\eriko\\OneDrive\\Desktop\\VolleyGiocare2.0\\VolleyServe\\vendor\\laravel\\framework\\src\\Illuminate\\Foundation\\Http\\Middleware\\CheckForMaintenanceMode.php(62): Illuminate\\Pipeline\\Pipeline->Illuminate\\Pipeline\\{closure}(Object(Illuminate\\Http\\Request))
#34 C:\\Users\\eriko\\OneDrive\\Desktop\\VolleyGiocare2.0\\VolleyServe\\vendor\\laravel\\framework\\src\\Illuminate\\Pipeline\\Pipeline.php(171): Illuminate\\Foundation\\Http\\Middleware\\CheckForMaintenanceMode->handle(Object(Illuminate\\Http\\Request), Object(Closure))
#35 C:\\Users\\eriko\\OneDrive\\Desktop\\VolleyGiocare2.0\\VolleyServe\\vendor\\fideloper\\proxy\\src\\TrustProxies.php(57): Illuminate\\Pipeline\\Pipeline->Illuminate\\Pipeline\\{closure}(Object(Illuminate\\Http\\Request))
#36 C:\\Users\\eriko\\OneDrive\\Desktop\\VolleyGiocare2.0\\VolleyServe\\vendor\\laravel\\framework\\src\\Illuminate\\Pipeline\\Pipeline.php(171): Fideloper\\Proxy\\TrustProxies->handle(Object(Illuminate\\Http\\Request), Object(Closure))
#37 C:\\Users\\eriko\\OneDrive\\Desktop\\VolleyGiocare2.0\\VolleyServe\\vendor\\laravel\\framework\\src\\Illuminate\\Pipeline\\Pipeline.php(105): Illuminate\\Pipeline\\Pipeline->Illuminate\\Pipeline\\{closure}(Object(Illuminate\\Http\\Request))
#38 C:\\Users\\eriko\\OneDrive\\Desktop\\VolleyGiocare2.0\\VolleyServe\\vendor\\laravel\\framework\\src\\Illuminate\\Foundation\\Http\\Kernel.php(151): Illuminate\\Pipeline\\Pipeline->then(Object(Closure))
#39 C:\\Users\\eriko\\OneDrive\\Desktop\\VolleyGiocare2.0\\VolleyServe\\vendor\\laravel\\framework\\src\\Illuminate\\Foundation\\Http\\Kernel.php(116): Illuminate\\Foundation\\Http\\Kernel->sendRequestThroughRouter(Object(Illuminate\\Http\\Request))
#40 C:\\Users\\eriko\\OneDrive\\Desktop\\VolleyGiocare2.0\\VolleyServe\\public\\index.php(55): Illuminate\\Foundation\\Http\\Kernel->handle(Object(Illuminate\\Http\\Request))
#41 C:\\Users\\eriko\\OneDrive\\Desktop\\VolleyGiocare2.0\\VolleyServe\\server.php(21): require_once('C:\\\\Users\\\\eriko\\\\...')
#42 {main}
"} 
[2019-10-23 10:24:19] local.ERROR: Too few arguments to function Illuminate\Database\Query\Builder::orderByDesc(), 0 passed in C:\Users\eriko\OneDrive\Desktop\VolleyGiocare2.0\VolleyServe\app\Http\Controllers\matchesController.php on line 13 and exactly 1 expected {"exception":"[object] (Symfony\\Component\\Debug\\Exception\\FatalThrowableError(code: 0): Too few arguments to function Illuminate\\Database\\Query\\Builder::orderByDesc(), 0 passed in C:\\Users\\eriko\\OneDrive\\Desktop\\VolleyGiocare2.0\\VolleyServe\\app\\Http\\Controllers\\matchesController.php on line 13 and exactly 1 expected at C:\\Users\\eriko\\OneDrive\\Desktop\\VolleyGiocare2.0\\VolleyServe\\vendor\\laravel\\framework\\src\\Illuminate\\Database\\Query\\Builder.php:1839)
[stacktrace]
#0 C:\\Users\\eriko\\OneDrive\\Desktop\\VolleyGiocare2.0\\VolleyServe\\app\\Http\\Controllers\\matchesController.php(13): Illuminate\\Database\\Query\\Builder->orderByDesc()
#1 [internal function]: App\\Http\\Controllers\\matchesController->listmatches()
#2 C:\\Users\\eriko\\OneDrive\\Desktop\\VolleyGiocare2.0\\VolleyServe\\vendor\\laravel\\framework\\src\\Illuminate\\Routing\\Controller.php(54): call_user_func_array(Array, Array)
#3 C:\\Users\\eriko\\OneDrive\\Desktop\\VolleyGiocare2.0\\VolleyServe\\vendor\\laravel\\framework\\src\\Illuminate\\Routing\\ControllerDispatcher.php(45): Illuminate\\Routing\\Controller->callAction('listmatches', Array)
#4 C:\\Users\\eriko\\OneDrive\\Desktop\\VolleyGiocare2.0\\VolleyServe\\vendor\\laravel\\framework\\src\\Illuminate\\Routing\\Route.php(219): Illuminate\\Routing\\ControllerDispatcher->dispatch(Object(Illuminate\\Routing\\Route), Object(App\\Http\\Controllers\\matchesController), 'listmatches')
#5 C:\\Users\\eriko\\OneDrive\\Desktop\\VolleyGiocare2.0\\VolleyServe\\vendor\\laravel\\framework\\src\\Illuminate\\Routing\\Route.php(176): Illuminate\\Routing\\Route->runController()
#6 C:\\Users\\eriko\\OneDrive\\Desktop\\VolleyGiocare2.0\\VolleyServe\\vendor\\laravel\\framework\\src\\Illuminate\\Routing\\Router.php(680): Illuminate\\Routing\\Route->run()
#7 C:\\Users\\eriko\\OneDrive\\Desktop\\VolleyGiocare2.0\\VolleyServe\\vendor\\laravel\\framework\\src\\Illuminate\\Pipeline\\Pipeline.php(130): Illuminate\\Routing\\Router->Illuminate\\Routing\\{closure}(Object(Illuminate\\Http\\Request))
#8 C:\\Users\\eriko\\OneDrive\\Desktop\\VolleyGiocare2.0\\VolleyServe\\vendor\\laravel\\framework\\src\\Illuminate\\Routing\\Middleware\\SubstituteBindings.php(41): Illuminate\\Pipeline\\Pipeline->Illuminate\\Pipeline\\{closure}(Object(Illuminate\\Http\\Request))
#9 C:\\Users\\eriko\\OneDrive\\Desktop\\VolleyGiocare2.0\\VolleyServe\\vendor\\laravel\\framework\\src\\Illuminate\\Pipeline\\Pipeline.php(171): Illuminate\\Routing\\Middleware\\SubstituteBindings->handle(Object(Illuminate\\Http\\Request), Object(Closure))
#10 C:\\Users\\eriko\\OneDrive\\Desktop\\VolleyGiocare2.0\\VolleyServe\\vendor\\laravel\\framework\\src\\Illuminate\\Foundation\\Http\\Middleware\\VerifyCsrfToken.php(76): Illuminate\\Pipeline\\Pipeline->Illuminate\\Pipeline\\{closure}(Object(Illuminate\\Http\\Request))
#11 C:\\Users\\eriko\\OneDrive\\Desktop\\VolleyGiocare2.0\\VolleyServe\\vendor\\laravel\\framework\\src\\Illuminate\\Pipeline\\Pipeline.php(171): Illuminate\\Foundation\\Http\\Middleware\\VerifyCsrfToken->handle(Object(Illuminate\\Http\\Request), Object(Closure))
#12 C:\\Users\\eriko\\OneDrive\\Desktop\\VolleyGiocare2.0\\VolleyServe\\vendor\\laravel\\framework\\src\\Illuminate\\View\\Middleware\\ShareErrorsFromSession.php(49): Illuminate\\Pipeline\\Pipeline->Illuminate\\Pipeline\\{closure}(Object(Illuminate\\Http\\Request))
#13 C:\\Users\\eriko\\OneDrive\\Desktop\\VolleyGiocare2.0\\VolleyServe\\vendor\\laravel\\framework\\src\\Illuminate\\Pipeline\\Pipeline.php(171): Illuminate\\View\\Middleware\\ShareErrorsFromSession->handle(Object(Illuminate\\Http\\Request), Object(Closure))
#14 C:\\Users\\eriko\\OneDrive\\Desktop\\VolleyGiocare2.0\\VolleyServe\\vendor\\laravel\\framework\\src\\Illuminate\\Session\\Middleware\\StartSession.php(56): Illuminate\\Pipeline\\Pipeline->Illuminate\\Pipeline\\{closure}(Object(Illuminate\\Http\\Request))
#15 C:\\Users\\eriko\\OneDrive\\Desktop\\VolleyGiocare2.0\\VolleyServe\\vendor\\laravel\\framework\\src\\Illuminate\\Pipeline\\Pipeline.php(171): Illuminate\\Session\\Middleware\\StartSession->handle(Object(Illuminate\\Http\\Request), Object(Closure))
#16 C:\\Users\\eriko\\OneDrive\\Desktop\\VolleyGiocare2.0\\VolleyServe\\vendor\\laravel\\framework\\src\\Illuminate\\Cookie\\Middleware\\AddQueuedCookiesToResponse.php(37): Illuminate\\Pipeline\\Pipeline->Illuminate\\Pipeline\\{closure}(Object(Illuminate\\Http\\Request))
#17 C:\\Users\\eriko\\OneDrive\\Desktop\\VolleyGiocare2.0\\VolleyServe\\vendor\\laravel\\framework\\src\\Illuminate\\Pipeline\\Pipeline.php(171): Illuminate\\Cookie\\Middleware\\AddQueuedCookiesToResponse->handle(Object(Illuminate\\Http\\Request), Object(Closure))
#18 C:\\Users\\eriko\\OneDrive\\Desktop\\VolleyGiocare2.0\\VolleyServe\\vendor\\laravel\\framework\\src\\Illuminate\\Cookie\\Middleware\\EncryptCookies.php(66): Illuminate\\Pipeline\\Pipeline->Illuminate\\Pipeline\\{closure}(Object(Illuminate\\Http\\Request))
#19 C:\\Users\\eriko\\OneDrive\\Desktop\\VolleyGiocare2.0\\VolleyServe\\vendor\\laravel\\framework\\src\\Illuminate\\Pipeline\\Pipeline.php(171): Illuminate\\Cookie\\Middleware\\EncryptCookies->handle(Object(Illuminate\\Http\\Request), Object(Closure))
#20 C:\\Users\\eriko\\OneDrive\\Desktop\\VolleyGiocare2.0\\VolleyServe\\vendor\\laravel\\framework\\src\\Illuminate\\Pipeline\\Pipeline.php(105): Illuminate\\Pipeline\\Pipeline->Illuminate\\Pipeline\\{closure}(Object(Illuminate\\Http\\Request))
#21 C:\\Users\\eriko\\OneDrive\\Desktop\\VolleyGiocare2.0\\VolleyServe\\vendor\\laravel\\framework\\src\\Illuminate\\Routing\\Router.php(682): Illuminate\\Pipeline\\Pipeline->then(Object(Closure))
#22 C:\\Users\\eriko\\OneDrive\\Desktop\\VolleyGiocare2.0\\VolleyServe\\vendor\\laravel\\framework\\src\\Illuminate\\Routing\\Router.php(657): Illuminate\\Routing\\Router->runRouteWithinStack(Object(Illuminate\\Routing\\Route), Object(Illuminate\\Http\\Request))
#23 C:\\Users\\eriko\\OneDrive\\Desktop\\VolleyGiocare2.0\\VolleyServe\\vendor\\laravel\\framework\\src\\Illuminate\\Routing\\Router.php(623): Illuminate\\Routing\\Router->runRoute(Object(Illuminate\\Http\\Request), Object(Illuminate\\Routing\\Route))
#24 C:\\Users\\eriko\\OneDrive\\Desktop\\VolleyGiocare2.0\\VolleyServe\\vendor\\laravel\\framework\\src\\Illuminate\\Routing\\Router.php(612): Illuminate\\Routing\\Router->dispatchToRoute(Object(Illuminate\\Http\\Request))
#25 C:\\Users\\eriko\\OneDrive\\Desktop\\VolleyGiocare2.0\\VolleyServe\\vendor\\laravel\\framework\\src\\Illuminate\\Foundation\\Http\\Kernel.php(176): Illuminate\\Routing\\Router->dispatch(Object(Illuminate\\Http\\Request))
#26 C:\\Users\\eriko\\OneDrive\\Desktop\\VolleyGiocare2.0\\VolleyServe\\vendor\\laravel\\framework\\src\\Illuminate\\Pipeline\\Pipeline.php(130): Illuminate\\Foundation\\Http\\Kernel->Illuminate\\Foundation\\Http\\{closure}(Object(Illuminate\\Http\\Request))
#27 C:\\Users\\eriko\\OneDrive\\Desktop\\VolleyGiocare2.0\\VolleyServe\\vendor\\laravel\\framework\\src\\Illuminate\\Foundation\\Http\\Middleware\\TransformsRequest.php(21): Illuminate\\Pipeline\\Pipeline->Illuminate\\Pipeline\\{closure}(Object(Illuminate\\Http\\Request))
#28 C:\\Users\\eriko\\OneDrive\\Desktop\\VolleyGiocare2.0\\VolleyServe\\vendor\\laravel\\framework\\src\\Illuminate\\Pipeline\\Pipeline.php(171): Illuminate\\Foundation\\Http\\Middleware\\TransformsRequest->handle(Object(Illuminate\\Http\\Request), Object(Closure))
#29 C:\\Users\\eriko\\OneDrive\\Desktop\\VolleyGiocare2.0\\VolleyServe\\vendor\\laravel\\framework\\src\\Illuminate\\Foundation\\Http\\Middleware\\TransformsRequest.php(21): Illuminate\\Pipeline\\Pipeline->Illuminate\\Pipeline\\{closure}(Object(Illuminate\\Http\\Request))
#30 C:\\Users\\eriko\\OneDrive\\Desktop\\VolleyGiocare2.0\\VolleyServe\\vendor\\laravel\\framework\\src\\Illuminate\\Pipeline\\Pipeline.php(171): Illuminate\\Foundation\\Http\\Middleware\\TransformsRequest->handle(Object(Illuminate\\Http\\Request), Object(Closure))
#31 C:\\Users\\eriko\\OneDrive\\Desktop\\VolleyGiocare2.0\\VolleyServe\\vendor\\laravel\\framework\\src\\Illuminate\\Foundation\\Http\\Middleware\\ValidatePostSize.php(27): Illuminate\\Pipeline\\Pipeline->Illuminate\\Pipeline\\{closure}(Object(Illuminate\\Http\\Request))
#32 C:\\Users\\eriko\\OneDrive\\Desktop\\VolleyGiocare2.0\\VolleyServe\\vendor\\laravel\\framework\\src\\Illuminate\\Pipeline\\Pipeline.php(171): Illuminate\\Foundation\\Http\\Middleware\\ValidatePostSize->handle(Object(Illuminate\\Http\\Request), Object(Closure))
#33 C:\\Users\\eriko\\OneDrive\\Desktop\\VolleyGiocare2.0\\VolleyServe\\vendor\\laravel\\framework\\src\\Illuminate\\Foundation\\Http\\Middleware\\CheckForMaintenanceMode.php(62): Illuminate\\Pipeline\\Pipeline->Illuminate\\Pipeline\\{closure}(Object(Illuminate\\Http\\Request))
#34 C:\\Users\\eriko\\OneDrive\\Desktop\\VolleyGiocare2.0\\VolleyServe\\vendor\\laravel\\framework\\src\\Illuminate\\Pipeline\\Pipeline.php(171): Illuminate\\Foundation\\Http\\Middleware\\CheckForMaintenanceMode->handle(Object(Illuminate\\Http\\Request), Object(Closure))
#35 C:\\Users\\eriko\\OneDrive\\Desktop\\VolleyGiocare2.0\\VolleyServe\\vendor\\fideloper\\proxy\\src\\TrustProxies.php(57): Illuminate\\Pipeline\\Pipeline->Illuminate\\Pipeline\\{closure}(Object(Illuminate\\Http\\Request))
#36 C:\\Users\\eriko\\OneDrive\\Desktop\\VolleyGiocare2.0\\VolleyServe\\vendor\\laravel\\framework\\src\\Illuminate\\Pipeline\\Pipeline.php(171): Fideloper\\Proxy\\TrustProxies->handle(Object(Illuminate\\Http\\Request), Object(Closure))
#37 C:\\Users\\eriko\\OneDrive\\Desktop\\VolleyGiocare2.0\\VolleyServe\\vendor\\laravel\\framework\\src\\Illuminate\\Pipeline\\Pipeline.php(105): Illuminate\\Pipeline\\Pipeline->Illuminate\\Pipeline\\{closure}(Object(Illuminate\\Http\\Request))
#38 C:\\Users\\eriko\\OneDrive\\Desktop\\VolleyGiocare2.0\\VolleyServe\\vendor\\laravel\\framework\\src\\Illuminate\\Foundation\\Http\\Kernel.php(151): Illuminate\\Pipeline\\Pipeline->then(Object(Closure))
#39 C:\\Users\\eriko\\OneDrive\\Desktop\\VolleyGiocare2.0\\VolleyServe\\vendor\\laravel\\framework\\src\\Illuminate\\Foundation\\Http\\Kernel.php(116): Illuminate\\Foundation\\Http\\Kernel->sendRequestThroughRouter(Object(Illuminate\\Http\\Request))
#40 C:\\Users\\eriko\\OneDrive\\Desktop\\VolleyGiocare2.0\\VolleyServe\\public\\index.php(55): Illuminate\\Foundation\\Http\\Kernel->handle(Object(Illuminate\\Http\\Request))
#41 C:\\Users\\eriko\\OneDrive\\Desktop\\VolleyGiocare2.0\\VolleyServe\\server.php(21): require_once('C:\\\\Users\\\\eriko\\\\...')
#42 {main}
"} 
