[2019-12-06 15:06:07] local.ERROR: SQLSTATE[HY000]: General error: 1824 Failed to open the referenced table 'role' (SQL: alter table `users` add constraint `users_id_ruolo_foreign` foreign key (`id_ruolo`) references `role` (`id`) on delete cascade) {"exception":"[object] (Illuminate\\Database\\QueryException(code: HY000): SQLSTATE[HY000]: General error: 1824 Failed to open the referenced table 'role' (SQL: alter table `users` add constraint `users_id_ruolo_foreign` foreign key (`id_ruolo`) references `role` (`id`) on delete cascade) at C:\\Users\\eriko\\OneDrive\\Desktop\\VolleyServer\\VolleyServer\\VolleyServer\\vendor\\laravel\\framework\\src\\Illuminate\\Database\\Connection.php:665)
[stacktrace]
#0 C:\\Users\\eriko\\OneDrive\\Desktop\\VolleyServer\\VolleyServer\\VolleyServer\\vendor\\laravel\\framework\\src\\Illuminate\\Database\\Connection.php(625): Illuminate\\Database\\Connection->runQueryCallback('alter table `us...', Array, Object(Closure))
#1 C:\\Users\\eriko\\OneDrive\\Desktop\\VolleyServer\\VolleyServer\\VolleyServer\\vendor\\laravel\\framework\\src\\Illuminate\\Database\\Connection.php(460): Illuminate\\Database\\Connection->run('alter table `us...', Array, Object(Closure))
#2 C:\\Users\\eriko\\OneDrive\\Desktop\\VolleyServer\\VolleyServer\\VolleyServer\\vendor\\laravel\\framework\\src\\Illuminate\\Database\\Schema\\Blueprint.php(97): Illuminate\\Database\\Connection->statement('alter table `us...')
#3 C:\\Users\\eriko\\OneDrive\\Desktop\\VolleyServer\\VolleyServer\\VolleyServer\\vendor\\laravel\\framework\\src\\Illuminate\\Database\\Schema\\Builder.php(290): Illuminate\\Database\\Schema\\Blueprint->build(Object(Illuminate\\Database\\MySqlConnection), Object(Illuminate\\Database\\Schema\\Grammars\\MySqlGrammar))
#4 C:\\Users\\eriko\\OneDrive\\Desktop\\VolleyServer\\VolleyServer\\VolleyServer\\vendor\\laravel\\framework\\src\\Illuminate\\Database\\Schema\\Builder.php(167): Illuminate\\Database\\Schema\\Builder->build(Object(Illuminate\\Database\\Schema\\Blueprint))
#5 C:\\Users\\eriko\\OneDrive\\Desktop\\VolleyServer\\VolleyServer\\VolleyServer\\vendor\\laravel\\framework\\src\\Illuminate\\Support\\Facades\\Facade.php(239): Illuminate\\Database\\Schema\\Builder->create('users', Object(Closure))
#6 C:\\Users\\eriko\\OneDrive\\Desktop\\VolleyServer\\VolleyServer\\VolleyServer\\database\\migrations\\2019_12_06_150238_create_users_table.php(32): Illuminate\\Support\\Facades\\Facade::__callStatic('create', Array)
#7 C:\\Users\\eriko\\OneDrive\\Desktop\\VolleyServer\\VolleyServer\\VolleyServer\\vendor\\laravel\\framework\\src\\Illuminate\\Database\\Migrations\\Migrator.php(387): CreateUsersTable->up()
#8 C:\\Users\\eriko\\OneDrive\\Desktop\\VolleyServer\\VolleyServer\\VolleyServer\\vendor\\laravel\\framework\\src\\Illuminate\\Database\\Migrations\\Migrator.php(396): Illuminate\\Database\\Migrations\\Migrator->Illuminate\\Database\\Migrations\\{closure}()
#9 C:\\Users\\eriko\\OneDrive\\Desktop\\VolleyServer\\VolleyServer\\VolleyServer\\vendor\\laravel\\framework\\src\\Illuminate\\Database\\Migrations\\Migrator.php(197): Illuminate\\Database\\Migrations\\Migrator->runMigration(Object(CreateUsersTable), 'up')
#10 C:\\Users\\eriko\\OneDrive\\Desktop\\VolleyServer\\VolleyServer\\VolleyServer\\vendor\\laravel\\framework\\src\\Illuminate\\Database\\Migrations\\Migrator.php(162): Illuminate\\Database\\Migrations\\Migrator->runUp('C:\\\\Users\\\\eriko\\\\...', 1, false)
#11 C:\\Users\\eriko\\OneDrive\\Desktop\\VolleyServer\\VolleyServer\\VolleyServer\\vendor\\laravel\\framework\\src\\Illuminate\\Database\\Migrations\\Migrator.php(109): Illuminate\\Database\\Migrations\\Migrator->runPending(Array, Array)
#12 C:\\Users\\eriko\\OneDrive\\Desktop\\VolleyServer\\VolleyServer\\VolleyServer\\vendor\\laravel\\framework\\src\\Illuminate\\Database\\Console\\Migrations\\MigrateCommand.php(71): Illuminate\\Database\\Migrations\\Migrator->run(Array, Array)
#13 [internal function]: Illuminate\\Database\\Console\\Migrations\\MigrateCommand->handle()
#14 C:\\Users\\eriko\\OneDrive\\Desktop\\VolleyServer\\VolleyServer\\VolleyServer\\vendor\\laravel\\framework\\src\\Illuminate\\Container\\BoundMethod.php(32): call_user_func_array(Array, Array)
#15 C:\\Users\\eriko\\OneDrive\\Desktop\\VolleyServer\\VolleyServer\\VolleyServer\\vendor\\laravel\\framework\\src\\Illuminate\\Support\\helpers.php(522): Illuminate\\Container\\BoundMethod::Illuminate\\Container\\{closure}()
#16 C:\\Users\\eriko\\OneDrive\\Desktop\\VolleyServer\\VolleyServer\\VolleyServer\\vendor\\laravel\\framework\\src\\Illuminate\\Container\\BoundMethod.php(90): value(Object(Closure))
#17 C:\\Users\\eriko\\OneDrive\\Desktop\\VolleyServer\\VolleyServer\\VolleyServer\\vendor\\laravel\\framework\\src\\Illuminate\\Container\\BoundMethod.php(34): Illuminate\\Container\\BoundMethod::callBoundMethod(Object(Illuminate\\Foundation\\Application), Array, Object(Closure))
#18 C:\\Users\\eriko\\OneDrive\\Desktop\\VolleyServer\\VolleyServer\\VolleyServer\\vendor\\laravel\\framework\\src\\Illuminate\\Container\\Container.php(591): Illuminate\\Container\\BoundMethod::call(Object(Illuminate\\Foundation\\Application), Array, Array, NULL)
#19 C:\\Users\\eriko\\OneDrive\\Desktop\\VolleyServer\\VolleyServer\\VolleyServer\\vendor\\laravel\\framework\\src\\Illuminate\\Console\\Command.php(202): Illuminate\\Container\\Container->call(Array)
#20 C:\\Users\\eriko\\OneDrive\\Desktop\\VolleyServer\\VolleyServer\\VolleyServer\\vendor\\symfony\\console\\Command\\Command.php(255): Illuminate\\Console\\Command->execute(Object(Symfony\\Component\\Console\\Input\\ArgvInput), Object(Illuminate\\Console\\OutputStyle))
#21 C:\\Users\\eriko\\OneDrive\\Desktop\\VolleyServer\\VolleyServer\\VolleyServer\\vendor\\laravel\\framework\\src\\Illuminate\\Console\\Command.php(189): Symfony\\Component\\Console\\Command\\Command->run(Object(Symfony\\Component\\Console\\Input\\ArgvInput), Object(Illuminate\\Console\\OutputStyle))
#22 C:\\Users\\eriko\\OneDrive\\Desktop\\VolleyServer\\VolleyServer\\VolleyServer\\vendor\\symfony\\console\\Application.php(934): Illuminate\\Console\\Command->run(Object(Symfony\\Component\\Console\\Input\\ArgvInput), Object(Symfony\\Component\\Console\\Output\\ConsoleOutput))
#23 C:\\Users\\eriko\\OneDrive\\Desktop\\VolleyServer\\VolleyServer\\VolleyServer\\vendor\\symfony\\console\\Application.php(273): Symfony\\Component\\Console\\Application->doRunCommand(Object(Illuminate\\Database\\Console\\Migrations\\MigrateCommand), Object(Symfony\\Component\\Console\\Input\\ArgvInput), Object(Symfony\\Component\\Console\\Output\\ConsoleOutput))
#24 C:\\Users\\eriko\\OneDrive\\Desktop\\VolleyServer\\VolleyServer\\VolleyServer\\vendor\\symfony\\console\\Application.php(149): Symfony\\Component\\Console\\Application->doRun(Object(Symfony\\Component\\Console\\Input\\ArgvInput), Object(Symfony\\Component\\Console\\Output\\ConsoleOutput))
#25 C:\\Users\\eriko\\OneDrive\\Desktop\\VolleyServer\\VolleyServer\\VolleyServer\\vendor\\laravel\\framework\\src\\Illuminate\\Console\\Application.php(90): Symfony\\Component\\Console\\Application->run(Object(Symfony\\Component\\Console\\Input\\ArgvInput), Object(Symfony\\Component\\Console\\Output\\ConsoleOutput))
#26 C:\\Users\\eriko\\OneDrive\\Desktop\\VolleyServer\\VolleyServer\\VolleyServer\\vendor\\laravel\\framework\\src\\Illuminate\\Foundation\\Console\\Kernel.php(131): Illuminate\\Console\\Application->run(Object(Symfony\\Component\\Console\\Input\\ArgvInput), Object(Symfony\\Component\\Console\\Output\\ConsoleOutput))
#27 C:\\Users\\eriko\\OneDrive\\Desktop\\VolleyServer\\VolleyServer\\VolleyServer\\artisan(37): Illuminate\\Foundation\\Console\\Kernel->handle(Object(Symfony\\Component\\Console\\Input\\ArgvInput), Object(Symfony\\Component\\Console\\Output\\ConsoleOutput))
#28 {main}

[previous exception] [object] (PDOException(code: HY000): SQLSTATE[HY000]: General error: 1824 Failed to open the referenced table 'role' at C:\\Users\\eriko\\OneDrive\\Desktop\\VolleyServer\\VolleyServer\\VolleyServer\\vendor\\laravel\\framework\\src\\Illuminate\\Database\\Connection.php:459)
[stacktrace]
#0 C:\\Users\\eriko\\OneDrive\\Desktop\\VolleyServer\\VolleyServer\\VolleyServer\\vendor\\laravel\\framework\\src\\Illuminate\\Database\\Connection.php(459): PDOStatement->execute()
#1 C:\\Users\\eriko\\OneDrive\\Desktop\\VolleyServer\\VolleyServer\\VolleyServer\\vendor\\laravel\\framework\\src\\Illuminate\\Database\\Connection.php(658): Illuminate\\Database\\Connection->Illuminate\\Database\\{closure}('alter table `us...', Array)
#2 C:\\Users\\eriko\\OneDrive\\Desktop\\VolleyServer\\VolleyServer\\VolleyServer\\vendor\\laravel\\framework\\src\\Illuminate\\Database\\Connection.php(625): Illuminate\\Database\\Connection->runQueryCallback('alter table `us...', Array, Object(Closure))
#3 C:\\Users\\eriko\\OneDrive\\Desktop\\VolleyServer\\VolleyServer\\VolleyServer\\vendor\\laravel\\framework\\src\\Illuminate\\Database\\Connection.php(460): Illuminate\\Database\\Connection->run('alter table `us...', Array, Object(Closure))
#4 C:\\Users\\eriko\\OneDrive\\Desktop\\VolleyServer\\VolleyServer\\VolleyServer\\vendor\\laravel\\framework\\src\\Illuminate\\Database\\Schema\\Blueprint.php(97): Illuminate\\Database\\Connection->statement('alter table `us...')
#5 C:\\Users\\eriko\\OneDrive\\Desktop\\VolleyServer\\VolleyServer\\VolleyServer\\vendor\\laravel\\framework\\src\\Illuminate\\Database\\Schema\\Builder.php(290): Illuminate\\Database\\Schema\\Blueprint->build(Object(Illuminate\\Database\\MySqlConnection), Object(Illuminate\\Database\\Schema\\Grammars\\MySqlGrammar))
#6 C:\\Users\\eriko\\OneDrive\\Desktop\\VolleyServer\\VolleyServer\\VolleyServer\\vendor\\laravel\\framework\\src\\Illuminate\\Database\\Schema\\Builder.php(167): Illuminate\\Database\\Schema\\Builder->build(Object(Illuminate\\Database\\Schema\\Blueprint))
#7 C:\\Users\\eriko\\OneDrive\\Desktop\\VolleyServer\\VolleyServer\\VolleyServer\\vendor\\laravel\\framework\\src\\Illuminate\\Support\\Facades\\Facade.php(239): Illuminate\\Database\\Schema\\Builder->create('users', Object(Closure))
#8 C:\\Users\\eriko\\OneDrive\\Desktop\\VolleyServer\\VolleyServer\\VolleyServer\\database\\migrations\\2019_12_06_150238_create_users_table.php(32): Illuminate\\Support\\Facades\\Facade::__callStatic('create', Array)
#9 C:\\Users\\eriko\\OneDrive\\Desktop\\VolleyServer\\VolleyServer\\VolleyServer\\vendor\\laravel\\framework\\src\\Illuminate\\Database\\Migrations\\Migrator.php(387): CreateUsersTable->up()
#10 C:\\Users\\eriko\\OneDrive\\Desktop\\VolleyServer\\VolleyServer\\VolleyServer\\vendor\\laravel\\framework\\src\\Illuminate\\Database\\Migrations\\Migrator.php(396): Illuminate\\Database\\Migrations\\Migrator->Illuminate\\Database\\Migrations\\{closure}()
#11 C:\\Users\\eriko\\OneDrive\\Desktop\\VolleyServer\\VolleyServer\\VolleyServer\\vendor\\laravel\\framework\\src\\Illuminate\\Database\\Migrations\\Migrator.php(197): Illuminate\\Database\\Migrations\\Migrator->runMigration(Object(CreateUsersTable), 'up')
#12 C:\\Users\\eriko\\OneDrive\\Desktop\\VolleyServer\\VolleyServer\\VolleyServer\\vendor\\laravel\\framework\\src\\Illuminate\\Database\\Migrations\\Migrator.php(162): Illuminate\\Database\\Migrations\\Migrator->runUp('C:\\\\Users\\\\eriko\\\\...', 1, false)
#13 C:\\Users\\eriko\\OneDrive\\Desktop\\VolleyServer\\VolleyServer\\VolleyServer\\vendor\\laravel\\framework\\src\\Illuminate\\Database\\Migrations\\Migrator.php(109): Illuminate\\Database\\Migrations\\Migrator->runPending(Array, Array)
#14 C:\\Users\\eriko\\OneDrive\\Desktop\\VolleyServer\\VolleyServer\\VolleyServer\\vendor\\laravel\\framework\\src\\Illuminate\\Database\\Console\\Migrations\\MigrateCommand.php(71): Illuminate\\Database\\Migrations\\Migrator->run(Array, Array)
#15 [internal function]: Illuminate\\Database\\Console\\Migrations\\MigrateCommand->handle()
#16 C:\\Users\\eriko\\OneDrive\\Desktop\\VolleyServer\\VolleyServer\\VolleyServer\\vendor\\laravel\\framework\\src\\Illuminate\\Container\\BoundMethod.php(32): call_user_func_array(Array, Array)
#17 C:\\Users\\eriko\\OneDrive\\Desktop\\VolleyServer\\VolleyServer\\VolleyServer\\vendor\\laravel\\framework\\src\\Illuminate\\Support\\helpers.php(522): Illuminate\\Container\\BoundMethod::Illuminate\\Container\\{closure}()
#18 C:\\Users\\eriko\\OneDrive\\Desktop\\VolleyServer\\VolleyServer\\VolleyServer\\vendor\\laravel\\framework\\src\\Illuminate\\Container\\BoundMethod.php(90): value(Object(Closure))
#19 C:\\Users\\eriko\\OneDrive\\Desktop\\VolleyServer\\VolleyServer\\VolleyServer\\vendor\\laravel\\framework\\src\\Illuminate\\Container\\BoundMethod.php(34): Illuminate\\Container\\BoundMethod::callBoundMethod(Object(Illuminate\\Foundation\\Application), Array, Object(Closure))
#20 C:\\Users\\eriko\\OneDrive\\Desktop\\VolleyServer\\VolleyServer\\VolleyServer\\vendor\\laravel\\framework\\src\\Illuminate\\Container\\Container.php(591): Illuminate\\Container\\BoundMethod::call(Object(Illuminate\\Foundation\\Application), Array, Array, NULL)
#21 C:\\Users\\eriko\\OneDrive\\Desktop\\VolleyServer\\VolleyServer\\VolleyServer\\vendor\\laravel\\framework\\src\\Illuminate\\Console\\Command.php(202): Illuminate\\Container\\Container->call(Array)
#22 C:\\Users\\eriko\\OneDrive\\Desktop\\VolleyServer\\VolleyServer\\VolleyServer\\vendor\\symfony\\console\\Command\\Command.php(255): Illuminate\\Console\\Command->execute(Object(Symfony\\Component\\Console\\Input\\ArgvInput), Object(Illuminate\\Console\\OutputStyle))
#23 C:\\Users\\eriko\\OneDrive\\Desktop\\VolleyServer\\VolleyServer\\VolleyServer\\vendor\\laravel\\framework\\src\\Illuminate\\Console\\Command.php(189): Symfony\\Component\\Console\\Command\\Command->run(Object(Symfony\\Component\\Console\\Input\\ArgvInput), Object(Illuminate\\Console\\OutputStyle))
#24 C:\\Users\\eriko\\OneDrive\\Desktop\\VolleyServer\\VolleyServer\\VolleyServer\\vendor\\symfony\\console\\Application.php(934): Illuminate\\Console\\Command->run(Object(Symfony\\Component\\Console\\Input\\ArgvInput), Object(Symfony\\Component\\Console\\Output\\ConsoleOutput))
#25 C:\\Users\\eriko\\OneDrive\\Desktop\\VolleyServer\\VolleyServer\\VolleyServer\\vendor\\symfony\\console\\Application.php(273): Symfony\\Component\\Console\\Application->doRunCommand(Object(Illuminate\\Database\\Console\\Migrations\\MigrateCommand), Object(Symfony\\Component\\Console\\Input\\ArgvInput), Object(Symfony\\Component\\Console\\Output\\ConsoleOutput))
#26 C:\\Users\\eriko\\OneDrive\\Desktop\\VolleyServer\\VolleyServer\\VolleyServer\\vendor\\symfony\\console\\Application.php(149): Symfony\\Component\\Console\\Application->doRun(Object(Symfony\\Component\\Console\\Input\\ArgvInput), Object(Symfony\\Component\\Console\\Output\\ConsoleOutput))
#27 C:\\Users\\eriko\\OneDrive\\Desktop\\VolleyServer\\VolleyServer\\VolleyServer\\vendor\\laravel\\framework\\src\\Illuminate\\Console\\Application.php(90): Symfony\\Component\\Console\\Application->run(Object(Symfony\\Component\\Console\\Input\\ArgvInput), Object(Symfony\\Component\\Console\\Output\\ConsoleOutput))
#28 C:\\Users\\eriko\\OneDrive\\Desktop\\VolleyServer\\VolleyServer\\VolleyServer\\vendor\\laravel\\framework\\src\\Illuminate\\Foundation\\Console\\Kernel.php(131): Illuminate\\Console\\Application->run(Object(Symfony\\Component\\Console\\Input\\ArgvInput), Object(Symfony\\Component\\Console\\Output\\ConsoleOutput))
#29 C:\\Users\\eriko\\OneDrive\\Desktop\\VolleyServer\\VolleyServer\\VolleyServer\\artisan(37): Illuminate\\Foundation\\Console\\Kernel->handle(Object(Symfony\\Component\\Console\\Input\\ArgvInput), Object(Symfony\\Component\\Console\\Output\\ConsoleOutput))
#30 {main}
"} 
[2019-12-06 15:13:03] local.ERROR: SQLSTATE[23000]: Integrity constraint violation: 1048 Column 'id_ruolo' cannot be null (SQL: insert into `users` (`nome`, `cognome`, `email`, `password`, `telefono`, `id_ruolo`, `updated_at`, `created_at`) values (Miriana, Pompilio, prova@prova, $2y$10$sqoFlD7dFfqWryzGiapwF.djYuGyvS.XduuAdTHfFfeN.Gm2ki7sy, 3337551943, ?, 2019-12-06 15:13:03, 2019-12-06 15:13:03)) {"exception":"[object] (Illuminate\\Database\\QueryException(code: 23000): SQLSTATE[23000]: Integrity constraint violation: 1048 Column 'id_ruolo' cannot be null (SQL: insert into `users` (`nome`, `cognome`, `email`, `password`, `telefono`, `id_ruolo`, `updated_at`, `created_at`) values (Miriana, Pompilio, prova@prova, $2y$10$sqoFlD7dFfqWryzGiapwF.djYuGyvS.XduuAdTHfFfeN.Gm2ki7sy, 3337551943, ?, 2019-12-06 15:13:03, 2019-12-06 15:13:03)) at C:\\Users\\eriko\\OneDrive\\Desktop\\VolleyServer\\VolleyServer\\VolleyServer\\vendor\\laravel\\framework\\src\\Illuminate\\Database\\Connection.php:665)
[stacktrace]
#0 C:\\Users\\eriko\\OneDrive\\Desktop\\VolleyServer\\VolleyServer\\VolleyServer\\vendor\\laravel\\framework\\src\\Illuminate\\Database\\Connection.php(625): Illuminate\\Database\\Connection->runQueryCallback('insert into `us...', Array, Object(Closure))
#1 C:\\Users\\eriko\\OneDrive\\Desktop\\VolleyServer\\VolleyServer\\VolleyServer\\vendor\\laravel\\framework\\src\\Illuminate\\Database\\Connection.php(460): Illuminate\\Database\\Connection->run('insert into `us...', Array, Object(Closure))
#2 C:\\Users\\eriko\\OneDrive\\Desktop\\VolleyServer\\VolleyServer\\VolleyServer\\vendor\\laravel\\framework\\src\\Illuminate\\Database\\Connection.php(412): Illuminate\\Database\\Connection->statement('insert into `us...', Array)
#3 C:\\Users\\eriko\\OneDrive\\Desktop\\VolleyServer\\VolleyServer\\VolleyServer\\vendor\\laravel\\framework\\src\\Illuminate\\Database\\Query\\Processors\\Processor.php(32): Illuminate\\Database\\Connection->insert('insert into `us...', Array)
#4 C:\\Users\\eriko\\OneDrive\\Desktop\\VolleyServer\\VolleyServer\\VolleyServer\\vendor\\laravel\\framework\\src\\Illuminate\\Database\\Query\\Builder.php(2658): Illuminate\\Database\\Query\\Processors\\Processor->processInsertGetId(Object(Illuminate\\Database\\Query\\Builder), 'insert into `us...', Array, 'id')
#5 C:\\Users\\eriko\\OneDrive\\Desktop\\VolleyServer\\VolleyServer\\VolleyServer\\vendor\\laravel\\framework\\src\\Illuminate\\Database\\Eloquent\\Builder.php(1350): Illuminate\\Database\\Query\\Builder->insertGetId(Array, 'id')
#6 C:\\Users\\eriko\\OneDrive\\Desktop\\VolleyServer\\VolleyServer\\VolleyServer\\vendor\\laravel\\framework\\src\\Illuminate\\Database\\Eloquent\\Model.php(839): Illuminate\\Database\\Eloquent\\Builder->__call('insertGetId', Array)
#7 C:\\Users\\eriko\\OneDrive\\Desktop\\VolleyServer\\VolleyServer\\VolleyServer\\vendor\\laravel\\framework\\src\\Illuminate\\Database\\Eloquent\\Model.php(804): Illuminate\\Database\\Eloquent\\Model->insertAndSetId(Object(Illuminate\\Database\\Eloquent\\Builder), Array)
#8 C:\\Users\\eriko\\OneDrive\\Desktop\\VolleyServer\\VolleyServer\\VolleyServer\\vendor\\laravel\\framework\\src\\Illuminate\\Database\\Eloquent\\Model.php(667): Illuminate\\Database\\Eloquent\\Model->performInsert(Object(Illuminate\\Database\\Eloquent\\Builder))
#9 C:\\Users\\eriko\\OneDrive\\Desktop\\VolleyServer\\VolleyServer\\VolleyServer\\app\\Http\\Controllers\\Auth\\AuthController.php(78): Illuminate\\Database\\Eloquent\\Model->save()
#10 [internal function]: App\\Http\\Controllers\\Auth\\AuthController->register(Object(Illuminate\\Http\\Request))
#11 C:\\Users\\eriko\\OneDrive\\Desktop\\VolleyServer\\VolleyServer\\VolleyServer\\vendor\\laravel\\framework\\src\\Illuminate\\Routing\\Controller.php(54): call_user_func_array(Array, Array)
#12 C:\\Users\\eriko\\OneDrive\\Desktop\\VolleyServer\\VolleyServer\\VolleyServer\\vendor\\laravel\\framework\\src\\Illuminate\\Routing\\ControllerDispatcher.php(45): Illuminate\\Routing\\Controller->callAction('register', Array)
#13 C:\\Users\\eriko\\OneDrive\\Desktop\\VolleyServer\\VolleyServer\\VolleyServer\\vendor\\laravel\\framework\\src\\Illuminate\\Routing\\Route.php(219): Illuminate\\Routing\\ControllerDispatcher->dispatch(Object(Illuminate\\Routing\\Route), Object(App\\Http\\Controllers\\Auth\\AuthController), 'register')
#14 C:\\Users\\eriko\\OneDrive\\Desktop\\VolleyServer\\VolleyServer\\VolleyServer\\vendor\\laravel\\framework\\src\\Illuminate\\Routing\\Route.php(176): Illuminate\\Routing\\Route->runController()
#15 C:\\Users\\eriko\\OneDrive\\Desktop\\VolleyServer\\VolleyServer\\VolleyServer\\vendor\\laravel\\framework\\src\\Illuminate\\Routing\\Router.php(680): Illuminate\\Routing\\Route->run()
#16 C:\\Users\\eriko\\OneDrive\\Desktop\\VolleyServer\\VolleyServer\\VolleyServer\\vendor\\laravel\\framework\\src\\Illuminate\\Pipeline\\Pipeline.php(130): Illuminate\\Routing\\Router->Illuminate\\Routing\\{closure}(Object(Illuminate\\Http\\Request))
#17 C:\\Users\\eriko\\OneDrive\\Desktop\\VolleyServer\\VolleyServer\\VolleyServer\\vendor\\laravel\\framework\\src\\Illuminate\\Routing\\Middleware\\SubstituteBindings.php(41): Illuminate\\Pipeline\\Pipeline->Illuminate\\Pipeline\\{closure}(Object(Illuminate\\Http\\Request))
#18 C:\\Users\\eriko\\OneDrive\\Desktop\\VolleyServer\\VolleyServer\\VolleyServer\\vendor\\laravel\\framework\\src\\Illuminate\\Pipeline\\Pipeline.php(171): Illuminate\\Routing\\Middleware\\SubstituteBindings->handle(Object(Illuminate\\Http\\Request), Object(Closure))
#19 C:\\Users\\eriko\\OneDrive\\Desktop\\VolleyServer\\VolleyServer\\VolleyServer\\vendor\\laravel\\framework\\src\\Illuminate\\Routing\\Middleware\\ThrottleRequests.php(59): Illuminate\\Pipeline\\Pipeline->Illuminate\\Pipeline\\{closure}(Object(Illuminate\\Http\\Request))
#20 C:\\Users\\eriko\\OneDrive\\Desktop\\VolleyServer\\VolleyServer\\VolleyServer\\vendor\\laravel\\framework\\src\\Illuminate\\Pipeline\\Pipeline.php(171): Illuminate\\Routing\\Middleware\\ThrottleRequests->handle(Object(Illuminate\\Http\\Request), Object(Closure), 60, '1')
#21 C:\\Users\\eriko\\OneDrive\\Desktop\\VolleyServer\\VolleyServer\\VolleyServer\\vendor\\laravel\\framework\\src\\Illuminate\\Pipeline\\Pipeline.php(105): Illuminate\\Pipeline\\Pipeline->Illuminate\\Pipeline\\{closure}(Object(Illuminate\\Http\\Request))
#22 C:\\Users\\eriko\\OneDrive\\Desktop\\VolleyServer\\VolleyServer\\VolleyServer\\vendor\\laravel\\framework\\src\\Illuminate\\Routing\\Router.php(682): Illuminate\\Pipeline\\Pipeline->then(Object(Closure))
#23 C:\\Users\\eriko\\OneDrive\\Desktop\\VolleyServer\\VolleyServer\\VolleyServer\\vendor\\laravel\\framework\\src\\Illuminate\\Routing\\Router.php(657): Illuminate\\Routing\\Router->runRouteWithinStack(Object(Illuminate\\Routing\\Route), Object(Illuminate\\Http\\Request))
#24 C:\\Users\\eriko\\OneDrive\\Desktop\\VolleyServer\\VolleyServer\\VolleyServer\\vendor\\laravel\\framework\\src\\Illuminate\\Routing\\Router.php(623): Illuminate\\Routing\\Router->runRoute(Object(Illuminate\\Http\\Request), Object(Illuminate\\Routing\\Route))
#25 C:\\Users\\eriko\\OneDrive\\Desktop\\VolleyServer\\VolleyServer\\VolleyServer\\vendor\\laravel\\framework\\src\\Illuminate\\Routing\\Router.php(612): Illuminate\\Routing\\Router->dispatchToRoute(Object(Illuminate\\Http\\Request))
#26 C:\\Users\\eriko\\OneDrive\\Desktop\\VolleyServer\\VolleyServer\\VolleyServer\\vendor\\laravel\\framework\\src\\Illuminate\\Foundation\\Http\\Kernel.php(176): Illuminate\\Routing\\Router->dispatch(Object(Illuminate\\Http\\Request))
#27 C:\\Users\\eriko\\OneDrive\\Desktop\\VolleyServer\\VolleyServer\\VolleyServer\\vendor\\laravel\\framework\\src\\Illuminate\\Pipeline\\Pipeline.php(130): Illuminate\\Foundation\\Http\\Kernel->Illuminate\\Foundation\\Http\\{closure}(Object(Illuminate\\Http\\Request))
#28 C:\\Users\\eriko\\OneDrive\\Desktop\\VolleyServer\\VolleyServer\\VolleyServer\\vendor\\laravel\\framework\\src\\Illuminate\\Foundation\\Http\\Middleware\\TransformsRequest.php(21): Illuminate\\Pipeline\\Pipeline->Illuminate\\Pipeline\\{closure}(Object(Illuminate\\Http\\Request))
#29 C:\\Users\\eriko\\OneDrive\\Desktop\\VolleyServer\\VolleyServer\\VolleyServer\\vendor\\laravel\\framework\\src\\Illuminate\\Pipeline\\Pipeline.php(171): Illuminate\\Foundation\\Http\\Middleware\\TransformsRequest->handle(Object(Illuminate\\Http\\Request), Object(Closure))
#30 C:\\Users\\eriko\\OneDrive\\Desktop\\VolleyServer\\VolleyServer\\VolleyServer\\vendor\\laravel\\framework\\src\\Illuminate\\Foundation\\Http\\Middleware\\TransformsRequest.php(21): Illuminate\\Pipeline\\Pipeline->Illuminate\\Pipeline\\{closure}(Object(Illuminate\\Http\\Request))
#31 C:\\Users\\eriko\\OneDrive\\Desktop\\VolleyServer\\VolleyServer\\VolleyServer\\vendor\\laravel\\framework\\src\\Illuminate\\Pipeline\\Pipeline.php(171): Illuminate\\Foundation\\Http\\Middleware\\TransformsRequest->handle(Object(Illuminate\\Http\\Request), Object(Closure))
#32 C:\\Users\\eriko\\OneDrive\\Desktop\\VolleyServer\\VolleyServer\\VolleyServer\\vendor\\laravel\\framework\\src\\Illuminate\\Foundation\\Http\\Middleware\\ValidatePostSize.php(27): Illuminate\\Pipeline\\Pipeline->Illuminate\\Pipeline\\{closure}(Object(Illuminate\\Http\\Request))
#33 C:\\Users\\eriko\\OneDrive\\Desktop\\VolleyServer\\VolleyServer\\VolleyServer\\vendor\\laravel\\framework\\src\\Illuminate\\Pipeline\\Pipeline.php(171): Illuminate\\Foundation\\Http\\Middleware\\ValidatePostSize->handle(Object(Illuminate\\Http\\Request), Object(Closure))
#34 C:\\Users\\eriko\\OneDrive\\Desktop\\VolleyServer\\VolleyServer\\VolleyServer\\vendor\\laravel\\framework\\src\\Illuminate\\Foundation\\Http\\Middleware\\CheckForMaintenanceMode.php(62): Illuminate\\Pipeline\\Pipeline->Illuminate\\Pipeline\\{closure}(Object(Illuminate\\Http\\Request))
#35 C:\\Users\\eriko\\OneDrive\\Desktop\\VolleyServer\\VolleyServer\\VolleyServer\\vendor\\laravel\\framework\\src\\Illuminate\\Pipeline\\Pipeline.php(171): Illuminate\\Foundation\\Http\\Middleware\\CheckForMaintenanceMode->handle(Object(Illuminate\\Http\\Request), Object(Closure))
#36 C:\\Users\\eriko\\OneDrive\\Desktop\\VolleyServer\\VolleyServer\\VolleyServer\\vendor\\fideloper\\proxy\\src\\TrustProxies.php(57): Illuminate\\Pipeline\\Pipeline->Illuminate\\Pipeline\\{closure}(Object(Illuminate\\Http\\Request))
#37 C:\\Users\\eriko\\OneDrive\\Desktop\\VolleyServer\\VolleyServer\\VolleyServer\\vendor\\laravel\\framework\\src\\Illuminate\\Pipeline\\Pipeline.php(171): Fideloper\\Proxy\\TrustProxies->handle(Object(Illuminate\\Http\\Request), Object(Closure))
#38 C:\\Users\\eriko\\OneDrive\\Desktop\\VolleyServer\\VolleyServer\\VolleyServer\\vendor\\laravel\\framework\\src\\Illuminate\\Pipeline\\Pipeline.php(105): Illuminate\\Pipeline\\Pipeline->Illuminate\\Pipeline\\{closure}(Object(Illuminate\\Http\\Request))
#39 C:\\Users\\eriko\\OneDrive\\Desktop\\VolleyServer\\VolleyServer\\VolleyServer\\vendor\\laravel\\framework\\src\\Illuminate\\Foundation\\Http\\Kernel.php(151): Illuminate\\Pipeline\\Pipeline->then(Object(Closure))
#40 C:\\Users\\eriko\\OneDrive\\Desktop\\VolleyServer\\VolleyServer\\VolleyServer\\vendor\\laravel\\framework\\src\\Illuminate\\Foundation\\Http\\Kernel.php(116): Illuminate\\Foundation\\Http\\Kernel->sendRequestThroughRouter(Object(Illuminate\\Http\\Request))
#41 C:\\Users\\eriko\\OneDrive\\Desktop\\VolleyServer\\VolleyServer\\VolleyServer\\public\\index.php(55): Illuminate\\Foundation\\Http\\Kernel->handle(Object(Illuminate\\Http\\Request))
#42 C:\\Users\\eriko\\OneDrive\\Desktop\\VolleyServer\\VolleyServer\\VolleyServer\\server.php(21): require_once('C:\\\\Users\\\\eriko\\\\...')
#43 {main}

[previous exception] [object] (PDOException(code: 23000): SQLSTATE[23000]: Integrity constraint violation: 1048 Column 'id_ruolo' cannot be null at C:\\Users\\eriko\\OneDrive\\Desktop\\VolleyServer\\VolleyServer\\VolleyServer\\vendor\\laravel\\framework\\src\\Illuminate\\Database\\Connection.php:459)
[stacktrace]
#0 C:\\Users\\eriko\\OneDrive\\Desktop\\VolleyServer\\VolleyServer\\VolleyServer\\vendor\\laravel\\framework\\src\\Illuminate\\Database\\Connection.php(459): PDOStatement->execute()
#1 C:\\Users\\eriko\\OneDrive\\Desktop\\VolleyServer\\VolleyServer\\VolleyServer\\vendor\\laravel\\framework\\src\\Illuminate\\Database\\Connection.php(658): Illuminate\\Database\\Connection->Illuminate\\Database\\{closure}('insert into `us...', Array)
#2 C:\\Users\\eriko\\OneDrive\\Desktop\\VolleyServer\\VolleyServer\\VolleyServer\\vendor\\laravel\\framework\\src\\Illuminate\\Database\\Connection.php(625): Illuminate\\Database\\Connection->runQueryCallback('insert into `us...', Array, Object(Closure))
#3 C:\\Users\\eriko\\OneDrive\\Desktop\\VolleyServer\\VolleyServer\\VolleyServer\\vendor\\laravel\\framework\\src\\Illuminate\\Database\\Connection.php(460): Illuminate\\Database\\Connection->run('insert into `us...', Array, Object(Closure))
#4 C:\\Users\\eriko\\OneDrive\\Desktop\\VolleyServer\\VolleyServer\\VolleyServer\\vendor\\laravel\\framework\\src\\Illuminate\\Database\\Connection.php(412): Illuminate\\Database\\Connection->statement('insert into `us...', Array)
#5 C:\\Users\\eriko\\OneDrive\\Desktop\\VolleyServer\\VolleyServer\\VolleyServer\\vendor\\laravel\\framework\\src\\Illuminate\\Database\\Query\\Processors\\Processor.php(32): Illuminate\\Database\\Connection->insert('insert into `us...', Array)
#6 C:\\Users\\eriko\\OneDrive\\Desktop\\VolleyServer\\VolleyServer\\VolleyServer\\vendor\\laravel\\framework\\src\\Illuminate\\Database\\Query\\Builder.php(2658): Illuminate\\Database\\Query\\Processors\\Processor->processInsertGetId(Object(Illuminate\\Database\\Query\\Builder), 'insert into `us...', Array, 'id')
#7 C:\\Users\\eriko\\OneDrive\\Desktop\\VolleyServer\\VolleyServer\\VolleyServer\\vendor\\laravel\\framework\\src\\Illuminate\\Database\\Eloquent\\Builder.php(1350): Illuminate\\Database\\Query\\Builder->insertGetId(Array, 'id')
#8 C:\\Users\\eriko\\OneDrive\\Desktop\\VolleyServer\\VolleyServer\\VolleyServer\\vendor\\laravel\\framework\\src\\Illuminate\\Database\\Eloquent\\Model.php(839): Illuminate\\Database\\Eloquent\\Builder->__call('insertGetId', Array)
#9 C:\\Users\\eriko\\OneDrive\\Desktop\\VolleyServer\\VolleyServer\\VolleyServer\\vendor\\laravel\\framework\\src\\Illuminate\\Database\\Eloquent\\Model.php(804): Illuminate\\Database\\Eloquent\\Model->insertAndSetId(Object(Illuminate\\Database\\Eloquent\\Builder), Array)
#10 C:\\Users\\eriko\\OneDrive\\Desktop\\VolleyServer\\VolleyServer\\VolleyServer\\vendor\\laravel\\framework\\src\\Illuminate\\Database\\Eloquent\\Model.php(667): Illuminate\\Database\\Eloquent\\Model->performInsert(Object(Illuminate\\Database\\Eloquent\\Builder))
#11 C:\\Users\\eriko\\OneDrive\\Desktop\\VolleyServer\\VolleyServer\\VolleyServer\\app\\Http\\Controllers\\Auth\\AuthController.php(78): Illuminate\\Database\\Eloquent\\Model->save()
#12 [internal function]: App\\Http\\Controllers\\Auth\\AuthController->register(Object(Illuminate\\Http\\Request))
#13 C:\\Users\\eriko\\OneDrive\\Desktop\\VolleyServer\\VolleyServer\\VolleyServer\\vendor\\laravel\\framework\\src\\Illuminate\\Routing\\Controller.php(54): call_user_func_array(Array, Array)
#14 C:\\Users\\eriko\\OneDrive\\Desktop\\VolleyServer\\VolleyServer\\VolleyServer\\vendor\\laravel\\framework\\src\\Illuminate\\Routing\\ControllerDispatcher.php(45): Illuminate\\Routing\\Controller->callAction('register', Array)
#15 C:\\Users\\eriko\\OneDrive\\Desktop\\VolleyServer\\VolleyServer\\VolleyServer\\vendor\\laravel\\framework\\src\\Illuminate\\Routing\\Route.php(219): Illuminate\\Routing\\ControllerDispatcher->dispatch(Object(Illuminate\\Routing\\Route), Object(App\\Http\\Controllers\\Auth\\AuthController), 'register')
#16 C:\\Users\\eriko\\OneDrive\\Desktop\\VolleyServer\\VolleyServer\\VolleyServer\\vendor\\laravel\\framework\\src\\Illuminate\\Routing\\Route.php(176): Illuminate\\Routing\\Route->runController()
#17 C:\\Users\\eriko\\OneDrive\\Desktop\\VolleyServer\\VolleyServer\\VolleyServer\\vendor\\laravel\\framework\\src\\Illuminate\\Routing\\Router.php(680): Illuminate\\Routing\\Route->run()
#18 C:\\Users\\eriko\\OneDrive\\Desktop\\VolleyServer\\VolleyServer\\VolleyServer\\vendor\\laravel\\framework\\src\\Illuminate\\Pipeline\\Pipeline.php(130): Illuminate\\Routing\\Router->Illuminate\\Routing\\{closure}(Object(Illuminate\\Http\\Request))
#19 C:\\Users\\eriko\\OneDrive\\Desktop\\VolleyServer\\VolleyServer\\VolleyServer\\vendor\\laravel\\framework\\src\\Illuminate\\Routing\\Middleware\\SubstituteBindings.php(41): Illuminate\\Pipeline\\Pipeline->Illuminate\\Pipeline\\{closure}(Object(Illuminate\\Http\\Request))
#20 C:\\Users\\eriko\\OneDrive\\Desktop\\VolleyServer\\VolleyServer\\VolleyServer\\vendor\\laravel\\framework\\src\\Illuminate\\Pipeline\\Pipeline.php(171): Illuminate\\Routing\\Middleware\\SubstituteBindings->handle(Object(Illuminate\\Http\\Request), Object(Closure))
#21 C:\\Users\\eriko\\OneDrive\\Desktop\\VolleyServer\\VolleyServer\\VolleyServer\\vendor\\laravel\\framework\\src\\Illuminate\\Routing\\Middleware\\ThrottleRequests.php(59): Illuminate\\Pipeline\\Pipeline->Illuminate\\Pipeline\\{closure}(Object(Illuminate\\Http\\Request))
#22 C:\\Users\\eriko\\OneDrive\\Desktop\\VolleyServer\\VolleyServer\\VolleyServer\\vendor\\laravel\\framework\\src\\Illuminate\\Pipeline\\Pipeline.php(171): Illuminate\\Routing\\Middleware\\ThrottleRequests->handle(Object(Illuminate\\Http\\Request), Object(Closure), 60, '1')
#23 C:\\Users\\eriko\\OneDrive\\Desktop\\VolleyServer\\VolleyServer\\VolleyServer\\vendor\\laravel\\framework\\src\\Illuminate\\Pipeline\\Pipeline.php(105): Illuminate\\Pipeline\\Pipeline->Illuminate\\Pipeline\\{closure}(Object(Illuminate\\Http\\Request))
#24 C:\\Users\\eriko\\OneDrive\\Desktop\\VolleyServer\\VolleyServer\\VolleyServer\\vendor\\laravel\\framework\\src\\Illuminate\\Routing\\Router.php(682): Illuminate\\Pipeline\\Pipeline->then(Object(Closure))
#25 C:\\Users\\eriko\\OneDrive\\Desktop\\VolleyServer\\VolleyServer\\VolleyServer\\vendor\\laravel\\framework\\src\\Illuminate\\Routing\\Router.php(657): Illuminate\\Routing\\Router->runRouteWithinStack(Object(Illuminate\\Routing\\Route), Object(Illuminate\\Http\\Request))
#26 C:\\Users\\eriko\\OneDrive\\Desktop\\VolleyServer\\VolleyServer\\VolleyServer\\vendor\\laravel\\framework\\src\\Illuminate\\Routing\\Router.php(623): Illuminate\\Routing\\Router->runRoute(Object(Illuminate\\Http\\Request), Object(Illuminate\\Routing\\Route))
#27 C:\\Users\\eriko\\OneDrive\\Desktop\\VolleyServer\\VolleyServer\\VolleyServer\\vendor\\laravel\\framework\\src\\Illuminate\\Routing\\Router.php(612): Illuminate\\Routing\\Router->dispatchToRoute(Object(Illuminate\\Http\\Request))
#28 C:\\Users\\eriko\\OneDrive\\Desktop\\VolleyServer\\VolleyServer\\VolleyServer\\vendor\\laravel\\framework\\src\\Illuminate\\Foundation\\Http\\Kernel.php(176): Illuminate\\Routing\\Router->dispatch(Object(Illuminate\\Http\\Request))
#29 C:\\Users\\eriko\\OneDrive\\Desktop\\VolleyServer\\VolleyServer\\VolleyServer\\vendor\\laravel\\framework\\src\\Illuminate\\Pipeline\\Pipeline.php(130): Illuminate\\Foundation\\Http\\Kernel->Illuminate\\Foundation\\Http\\{closure}(Object(Illuminate\\Http\\Request))
#30 C:\\Users\\eriko\\OneDrive\\Desktop\\VolleyServer\\VolleyServer\\VolleyServer\\vendor\\laravel\\framework\\src\\Illuminate\\Foundation\\Http\\Middleware\\TransformsRequest.php(21): Illuminate\\Pipeline\\Pipeline->Illuminate\\Pipeline\\{closure}(Object(Illuminate\\Http\\Request))
#31 C:\\Users\\eriko\\OneDrive\\Desktop\\VolleyServer\\VolleyServer\\VolleyServer\\vendor\\laravel\\framework\\src\\Illuminate\\Pipeline\\Pipeline.php(171): Illuminate\\Foundation\\Http\\Middleware\\TransformsRequest->handle(Object(Illuminate\\Http\\Request), Object(Closure))
#32 C:\\Users\\eriko\\OneDrive\\Desktop\\VolleyServer\\VolleyServer\\VolleyServer\\vendor\\laravel\\framework\\src\\Illuminate\\Foundation\\Http\\Middleware\\TransformsRequest.php(21): Illuminate\\Pipeline\\Pipeline->Illuminate\\Pipeline\\{closure}(Object(Illuminate\\Http\\Request))
#33 C:\\Users\\eriko\\OneDrive\\Desktop\\VolleyServer\\VolleyServer\\VolleyServer\\vendor\\laravel\\framework\\src\\Illuminate\\Pipeline\\Pipeline.php(171): Illuminate\\Foundation\\Http\\Middleware\\TransformsRequest->handle(Object(Illuminate\\Http\\Request), Object(Closure))
#34 C:\\Users\\eriko\\OneDrive\\Desktop\\VolleyServer\\VolleyServer\\VolleyServer\\vendor\\laravel\\framework\\src\\Illuminate\\Foundation\\Http\\Middleware\\ValidatePostSize.php(27): Illuminate\\Pipeline\\Pipeline->Illuminate\\Pipeline\\{closure}(Object(Illuminate\\Http\\Request))
#35 C:\\Users\\eriko\\OneDrive\\Desktop\\VolleyServer\\VolleyServer\\VolleyServer\\vendor\\laravel\\framework\\src\\Illuminate\\Pipeline\\Pipeline.php(171): Illuminate\\Foundation\\Http\\Middleware\\ValidatePostSize->handle(Object(Illuminate\\Http\\Request), Object(Closure))
#36 C:\\Users\\eriko\\OneDrive\\Desktop\\VolleyServer\\VolleyServer\\VolleyServer\\vendor\\laravel\\framework\\src\\Illuminate\\Foundation\\Http\\Middleware\\CheckForMaintenanceMode.php(62): Illuminate\\Pipeline\\Pipeline->Illuminate\\Pipeline\\{closure}(Object(Illuminate\\Http\\Request))
#37 C:\\Users\\eriko\\OneDrive\\Desktop\\VolleyServer\\VolleyServer\\VolleyServer\\vendor\\laravel\\framework\\src\\Illuminate\\Pipeline\\Pipeline.php(171): Illuminate\\Foundation\\Http\\Middleware\\CheckForMaintenanceMode->handle(Object(Illuminate\\Http\\Request), Object(Closure))
#38 C:\\Users\\eriko\\OneDrive\\Desktop\\VolleyServer\\VolleyServer\\VolleyServer\\vendor\\fideloper\\proxy\\src\\TrustProxies.php(57): Illuminate\\Pipeline\\Pipeline->Illuminate\\Pipeline\\{closure}(Object(Illuminate\\Http\\Request))
#39 C:\\Users\\eriko\\OneDrive\\Desktop\\VolleyServer\\VolleyServer\\VolleyServer\\vendor\\laravel\\framework\\src\\Illuminate\\Pipeline\\Pipeline.php(171): Fideloper\\Proxy\\TrustProxies->handle(Object(Illuminate\\Http\\Request), Object(Closure))
#40 C:\\Users\\eriko\\OneDrive\\Desktop\\VolleyServer\\VolleyServer\\VolleyServer\\vendor\\laravel\\framework\\src\\Illuminate\\Pipeline\\Pipeline.php(105): Illuminate\\Pipeline\\Pipeline->Illuminate\\Pipeline\\{closure}(Object(Illuminate\\Http\\Request))
#41 C:\\Users\\eriko\\OneDrive\\Desktop\\VolleyServer\\VolleyServer\\VolleyServer\\vendor\\laravel\\framework\\src\\Illuminate\\Foundation\\Http\\Kernel.php(151): Illuminate\\Pipeline\\Pipeline->then(Object(Closure))
#42 C:\\Users\\eriko\\OneDrive\\Desktop\\VolleyServer\\VolleyServer\\VolleyServer\\vendor\\laravel\\framework\\src\\Illuminate\\Foundation\\Http\\Kernel.php(116): Illuminate\\Foundation\\Http\\Kernel->sendRequestThroughRouter(Object(Illuminate\\Http\\Request))
#43 C:\\Users\\eriko\\OneDrive\\Desktop\\VolleyServer\\VolleyServer\\VolleyServer\\public\\index.php(55): Illuminate\\Foundation\\Http\\Kernel->handle(Object(Illuminate\\Http\\Request))
#44 C:\\Users\\eriko\\OneDrive\\Desktop\\VolleyServer\\VolleyServer\\VolleyServer\\server.php(21): require_once('C:\\\\Users\\\\eriko\\\\...')
#45 {main}
"} 
[2019-12-06 15:14:26] local.ERROR: SQLSTATE[23000]: Integrity constraint violation: 1048 Column 'id_ruolo' cannot be null (SQL: insert into `users` (`nome`, `cognome`, `email`, `password`, `telefono`, `id_ruolo`, `updated_at`, `created_at`) values (Miriana, Pompilio, prova@prova, $2y$10$TtbLvr46LE2oVQAeqqIT6.MKFj4iMxnJ2en3jHBNPrcppKKkErprO, 3337551943, ?, 2019-12-06 15:14:26, 2019-12-06 15:14:26)) {"exception":"[object] (Illuminate\\Database\\QueryException(code: 23000): SQLSTATE[23000]: Integrity constraint violation: 1048 Column 'id_ruolo' cannot be null (SQL: insert into `users` (`nome`, `cognome`, `email`, `password`, `telefono`, `id_ruolo`, `updated_at`, `created_at`) values (Miriana, Pompilio, prova@prova, $2y$10$TtbLvr46LE2oVQAeqqIT6.MKFj4iMxnJ2en3jHBNPrcppKKkErprO, 3337551943, ?, 2019-12-06 15:14:26, 2019-12-06 15:14:26)) at C:\\Users\\eriko\\OneDrive\\Desktop\\VolleyServer\\VolleyServer\\VolleyServer\\vendor\\laravel\\framework\\src\\Illuminate\\Database\\Connection.php:665)
[stacktrace]
#0 C:\\Users\\eriko\\OneDrive\\Desktop\\VolleyServer\\VolleyServer\\VolleyServer\\vendor\\laravel\\framework\\src\\Illuminate\\Database\\Connection.php(625): Illuminate\\Database\\Connection->runQueryCallback('insert into `us...', Array, Object(Closure))
#1 C:\\Users\\eriko\\OneDrive\\Desktop\\VolleyServer\\VolleyServer\\VolleyServer\\vendor\\laravel\\framework\\src\\Illuminate\\Database\\Connection.php(460): Illuminate\\Database\\Connection->run('insert into `us...', Array, Object(Closure))
#2 C:\\Users\\eriko\\OneDrive\\Desktop\\VolleyServer\\VolleyServer\\VolleyServer\\vendor\\laravel\\framework\\src\\Illuminate\\Database\\Connection.php(412): Illuminate\\Database\\Connection->statement('insert into `us...', Array)
#3 C:\\Users\\eriko\\OneDrive\\Desktop\\VolleyServer\\VolleyServer\\VolleyServer\\vendor\\laravel\\framework\\src\\Illuminate\\Database\\Query\\Processors\\Processor.php(32): Illuminate\\Database\\Connection->insert('insert into `us...', Array)
#4 C:\\Users\\eriko\\OneDrive\\Desktop\\VolleyServer\\VolleyServer\\VolleyServer\\vendor\\laravel\\framework\\src\\Illuminate\\Database\\Query\\Builder.php(2658): Illuminate\\Database\\Query\\Processors\\Processor->processInsertGetId(Object(Illuminate\\Database\\Query\\Builder), 'insert into `us...', Array, 'id')
#5 C:\\Users\\eriko\\OneDrive\\Desktop\\VolleyServer\\VolleyServer\\VolleyServer\\vendor\\laravel\\framework\\src\\Illuminate\\Database\\Eloquent\\Builder.php(1350): Illuminate\\Database\\Query\\Builder->insertGetId(Array, 'id')
#6 C:\\Users\\eriko\\OneDrive\\Desktop\\VolleyServer\\VolleyServer\\VolleyServer\\vendor\\laravel\\framework\\src\\Illuminate\\Database\\Eloquent\\Model.php(839): Illuminate\\Database\\Eloquent\\Builder->__call('insertGetId', Array)
#7 C:\\Users\\eriko\\OneDrive\\Desktop\\VolleyServer\\VolleyServer\\VolleyServer\\vendor\\laravel\\framework\\src\\Illuminate\\Database\\Eloquent\\Model.php(804): Illuminate\\Database\\Eloquent\\Model->insertAndSetId(Object(Illuminate\\Database\\Eloquent\\Builder), Array)
#8 C:\\Users\\eriko\\OneDrive\\Desktop\\VolleyServer\\VolleyServer\\VolleyServer\\vendor\\laravel\\framework\\src\\Illuminate\\Database\\Eloquent\\Model.php(667): Illuminate\\Database\\Eloquent\\Model->performInsert(Object(Illuminate\\Database\\Eloquent\\Builder))
#9 C:\\Users\\eriko\\OneDrive\\Desktop\\VolleyServer\\VolleyServer\\VolleyServer\\app\\Http\\Controllers\\Auth\\AuthController.php(80): Illuminate\\Database\\Eloquent\\Model->save()
#10 [internal function]: App\\Http\\Controllers\\Auth\\AuthController->register(Object(Illuminate\\Http\\Request))
#11 C:\\Users\\eriko\\OneDrive\\Desktop\\VolleyServer\\VolleyServer\\VolleyServer\\vendor\\laravel\\framework\\src\\Illuminate\\Routing\\Controller.php(54): call_user_func_array(Array, Array)
#12 C:\\Users\\eriko\\OneDrive\\Desktop\\VolleyServer\\VolleyServer\\VolleyServer\\vendor\\laravel\\framework\\src\\Illuminate\\Routing\\ControllerDispatcher.php(45): Illuminate\\Routing\\Controller->callAction('register', Array)
#13 C:\\Users\\eriko\\OneDrive\\Desktop\\VolleyServer\\VolleyServer\\VolleyServer\\vendor\\laravel\\framework\\src\\Illuminate\\Routing\\Route.php(219): Illuminate\\Routing\\ControllerDispatcher->dispatch(Object(Illuminate\\Routing\\Route), Object(App\\Http\\Controllers\\Auth\\AuthController), 'register')
#14 C:\\Users\\eriko\\OneDrive\\Desktop\\VolleyServer\\VolleyServer\\VolleyServer\\vendor\\laravel\\framework\\src\\Illuminate\\Routing\\Route.php(176): Illuminate\\Routing\\Route->runController()
#15 C:\\Users\\eriko\\OneDrive\\Desktop\\VolleyServer\\VolleyServer\\VolleyServer\\vendor\\laravel\\framework\\src\\Illuminate\\Routing\\Router.php(680): Illuminate\\Routing\\Route->run()
#16 C:\\Users\\eriko\\OneDrive\\Desktop\\VolleyServer\\VolleyServer\\VolleyServer\\vendor\\laravel\\framework\\src\\Illuminate\\Pipeline\\Pipeline.php(130): Illuminate\\Routing\\Router->Illuminate\\Routing\\{closure}(Object(Illuminate\\Http\\Request))
#17 C:\\Users\\eriko\\OneDrive\\Desktop\\VolleyServer\\VolleyServer\\VolleyServer\\vendor\\laravel\\framework\\src\\Illuminate\\Routing\\Middleware\\SubstituteBindings.php(41): Illuminate\\Pipeline\\Pipeline->Illuminate\\Pipeline\\{closure}(Object(Illuminate\\Http\\Request))
#18 C:\\Users\\eriko\\OneDrive\\Desktop\\VolleyServer\\VolleyServer\\VolleyServer\\vendor\\laravel\\framework\\src\\Illuminate\\Pipeline\\Pipeline.php(171): Illuminate\\Routing\\Middleware\\SubstituteBindings->handle(Object(Illuminate\\Http\\Request), Object(Closure))
#19 C:\\Users\\eriko\\OneDrive\\Desktop\\VolleyServer\\VolleyServer\\VolleyServer\\vendor\\laravel\\framework\\src\\Illuminate\\Routing\\Middleware\\ThrottleRequests.php(59): Illuminate\\Pipeline\\Pipeline->Illuminate\\Pipeline\\{closure}(Object(Illuminate\\Http\\Request))
#20 C:\\Users\\eriko\\OneDrive\\Desktop\\VolleyServer\\VolleyServer\\VolleyServer\\vendor\\laravel\\framework\\src\\Illuminate\\Pipeline\\Pipeline.php(171): Illuminate\\Routing\\Middleware\\ThrottleRequests->handle(Object(Illuminate\\Http\\Request), Object(Closure), 60, '1')
#21 C:\\Users\\eriko\\OneDrive\\Desktop\\VolleyServer\\VolleyServer\\VolleyServer\\vendor\\laravel\\framework\\src\\Illuminate\\Pipeline\\Pipeline.php(105): Illuminate\\Pipeline\\Pipeline->Illuminate\\Pipeline\\{closure}(Object(Illuminate\\Http\\Request))
#22 C:\\Users\\eriko\\OneDrive\\Desktop\\VolleyServer\\VolleyServer\\VolleyServer\\vendor\\laravel\\framework\\src\\Illuminate\\Routing\\Router.php(682): Illuminate\\Pipeline\\Pipeline->then(Object(Closure))
#23 C:\\Users\\eriko\\OneDrive\\Desktop\\VolleyServer\\VolleyServer\\VolleyServer\\vendor\\laravel\\framework\\src\\Illuminate\\Routing\\Router.php(657): Illuminate\\Routing\\Router->runRouteWithinStack(Object(Illuminate\\Routing\\Route), Object(Illuminate\\Http\\Request))
#24 C:\\Users\\eriko\\OneDrive\\Desktop\\VolleyServer\\VolleyServer\\VolleyServer\\vendor\\laravel\\framework\\src\\Illuminate\\Routing\\Router.php(623): Illuminate\\Routing\\Router->runRoute(Object(Illuminate\\Http\\Request), Object(Illuminate\\Routing\\Route))
#25 C:\\Users\\eriko\\OneDrive\\Desktop\\VolleyServer\\VolleyServer\\VolleyServer\\vendor\\laravel\\framework\\src\\Illuminate\\Routing\\Router.php(612): Illuminate\\Routing\\Router->dispatchToRoute(Object(Illuminate\\Http\\Request))
#26 C:\\Users\\eriko\\OneDrive\\Desktop\\VolleyServer\\VolleyServer\\VolleyServer\\vendor\\laravel\\framework\\src\\Illuminate\\Foundation\\Http\\Kernel.php(176): Illuminate\\Routing\\Router->dispatch(Object(Illuminate\\Http\\Request))
#27 C:\\Users\\eriko\\OneDrive\\Desktop\\VolleyServer\\VolleyServer\\VolleyServer\\vendor\\laravel\\framework\\src\\Illuminate\\Pipeline\\Pipeline.php(130): Illuminate\\Foundation\\Http\\Kernel->Illuminate\\Foundation\\Http\\{closure}(Object(Illuminate\\Http\\Request))
#28 C:\\Users\\eriko\\OneDrive\\Desktop\\VolleyServer\\VolleyServer\\VolleyServer\\vendor\\laravel\\framework\\src\\Illuminate\\Foundation\\Http\\Middleware\\TransformsRequest.php(21): Illuminate\\Pipeline\\Pipeline->Illuminate\\Pipeline\\{closure}(Object(Illuminate\\Http\\Request))
#29 C:\\Users\\eriko\\OneDrive\\Desktop\\VolleyServer\\VolleyServer\\VolleyServer\\vendor\\laravel\\framework\\src\\Illuminate\\Pipeline\\Pipeline.php(171): Illuminate\\Foundation\\Http\\Middleware\\TransformsRequest->handle(Object(Illuminate\\Http\\Request), Object(Closure))
#30 C:\\Users\\eriko\\OneDrive\\Desktop\\VolleyServer\\VolleyServer\\VolleyServer\\vendor\\laravel\\framework\\src\\Illuminate\\Foundation\\Http\\Middleware\\TransformsRequest.php(21): Illuminate\\Pipeline\\Pipeline->Illuminate\\Pipeline\\{closure}(Object(Illuminate\\Http\\Request))
#31 C:\\Users\\eriko\\OneDrive\\Desktop\\VolleyServer\\VolleyServer\\VolleyServer\\vendor\\laravel\\framework\\src\\Illuminate\\Pipeline\\Pipeline.php(171): Illuminate\\Foundation\\Http\\Middleware\\TransformsRequest->handle(Object(Illuminate\\Http\\Request), Object(Closure))
#32 C:\\Users\\eriko\\OneDrive\\Desktop\\VolleyServer\\VolleyServer\\VolleyServer\\vendor\\laravel\\framework\\src\\Illuminate\\Foundation\\Http\\Middleware\\ValidatePostSize.php(27): Illuminate\\Pipeline\\Pipeline->Illuminate\\Pipeline\\{closure}(Object(Illuminate\\Http\\Request))
#33 C:\\Users\\eriko\\OneDrive\\Desktop\\VolleyServer\\VolleyServer\\VolleyServer\\vendor\\laravel\\framework\\src\\Illuminate\\Pipeline\\Pipeline.php(171): Illuminate\\Foundation\\Http\\Middleware\\ValidatePostSize->handle(Object(Illuminate\\Http\\Request), Object(Closure))
#34 C:\\Users\\eriko\\OneDrive\\Desktop\\VolleyServer\\VolleyServer\\VolleyServer\\vendor\\laravel\\framework\\src\\Illuminate\\Foundation\\Http\\Middleware\\CheckForMaintenanceMode.php(62): Illuminate\\Pipeline\\Pipeline->Illuminate\\Pipeline\\{closure}(Object(Illuminate\\Http\\Request))
#35 C:\\Users\\eriko\\OneDrive\\Desktop\\VolleyServer\\VolleyServer\\VolleyServer\\vendor\\laravel\\framework\\src\\Illuminate\\Pipeline\\Pipeline.php(171): Illuminate\\Foundation\\Http\\Middleware\\CheckForMaintenanceMode->handle(Object(Illuminate\\Http\\Request), Object(Closure))
#36 C:\\Users\\eriko\\OneDrive\\Desktop\\VolleyServer\\VolleyServer\\VolleyServer\\vendor\\fideloper\\proxy\\src\\TrustProxies.php(57): Illuminate\\Pipeline\\Pipeline->Illuminate\\Pipeline\\{closure}(Object(Illuminate\\Http\\Request))
#37 C:\\Users\\eriko\\OneDrive\\Desktop\\VolleyServer\\VolleyServer\\VolleyServer\\vendor\\laravel\\framework\\src\\Illuminate\\Pipeline\\Pipeline.php(171): Fideloper\\Proxy\\TrustProxies->handle(Object(Illuminate\\Http\\Request), Object(Closure))
#38 C:\\Users\\eriko\\OneDrive\\Desktop\\VolleyServer\\VolleyServer\\VolleyServer\\vendor\\laravel\\framework\\src\\Illuminate\\Pipeline\\Pipeline.php(105): Illuminate\\Pipeline\\Pipeline->Illuminate\\Pipeline\\{closure}(Object(Illuminate\\Http\\Request))
#39 C:\\Users\\eriko\\OneDrive\\Desktop\\VolleyServer\\VolleyServer\\VolleyServer\\vendor\\laravel\\framework\\src\\Illuminate\\Foundation\\Http\\Kernel.php(151): Illuminate\\Pipeline\\Pipeline->then(Object(Closure))
#40 C:\\Users\\eriko\\OneDrive\\Desktop\\VolleyServer\\VolleyServer\\VolleyServer\\vendor\\laravel\\framework\\src\\Illuminate\\Foundation\\Http\\Kernel.php(116): Illuminate\\Foundation\\Http\\Kernel->sendRequestThroughRouter(Object(Illuminate\\Http\\Request))
#41 C:\\Users\\eriko\\OneDrive\\Desktop\\VolleyServer\\VolleyServer\\VolleyServer\\public\\index.php(55): Illuminate\\Foundation\\Http\\Kernel->handle(Object(Illuminate\\Http\\Request))
#42 C:\\Users\\eriko\\OneDrive\\Desktop\\VolleyServer\\VolleyServer\\VolleyServer\\server.php(21): require_once('C:\\\\Users\\\\eriko\\\\...')
#43 {main}

[previous exception] [object] (PDOException(code: 23000): SQLSTATE[23000]: Integrity constraint violation: 1048 Column 'id_ruolo' cannot be null at C:\\Users\\eriko\\OneDrive\\Desktop\\VolleyServer\\VolleyServer\\VolleyServer\\vendor\\laravel\\framework\\src\\Illuminate\\Database\\Connection.php:459)
[stacktrace]
#0 C:\\Users\\eriko\\OneDrive\\Desktop\\VolleyServer\\VolleyServer\\VolleyServer\\vendor\\laravel\\framework\\src\\Illuminate\\Database\\Connection.php(459): PDOStatement->execute()
#1 C:\\Users\\eriko\\OneDrive\\Desktop\\VolleyServer\\VolleyServer\\VolleyServer\\vendor\\laravel\\framework\\src\\Illuminate\\Database\\Connection.php(658): Illuminate\\Database\\Connection->Illuminate\\Database\\{closure}('insert into `us...', Array)
#2 C:\\Users\\eriko\\OneDrive\\Desktop\\VolleyServer\\VolleyServer\\VolleyServer\\vendor\\laravel\\framework\\src\\Illuminate\\Database\\Connection.php(625): Illuminate\\Database\\Connection->runQueryCallback('insert into `us...', Array, Object(Closure))
#3 C:\\Users\\eriko\\OneDrive\\Desktop\\VolleyServer\\VolleyServer\\VolleyServer\\vendor\\laravel\\framework\\src\\Illuminate\\Database\\Connection.php(460): Illuminate\\Database\\Connection->run('insert into `us...', Array, Object(Closure))
#4 C:\\Users\\eriko\\OneDrive\\Desktop\\VolleyServer\\VolleyServer\\VolleyServer\\vendor\\laravel\\framework\\src\\Illuminate\\Database\\Connection.php(412): Illuminate\\Database\\Connection->statement('insert into `us...', Array)
#5 C:\\Users\\eriko\\OneDrive\\Desktop\\VolleyServer\\VolleyServer\\VolleyServer\\vendor\\laravel\\framework\\src\\Illuminate\\Database\\Query\\Processors\\Processor.php(32): Illuminate\\Database\\Connection->insert('insert into `us...', Array)
#6 C:\\Users\\eriko\\OneDrive\\Desktop\\VolleyServer\\VolleyServer\\VolleyServer\\vendor\\laravel\\framework\\src\\Illuminate\\Database\\Query\\Builder.php(2658): Illuminate\\Database\\Query\\Processors\\Processor->processInsertGetId(Object(Illuminate\\Database\\Query\\Builder), 'insert into `us...', Array, 'id')
#7 C:\\Users\\eriko\\OneDrive\\Desktop\\VolleyServer\\VolleyServer\\VolleyServer\\vendor\\laravel\\framework\\src\\Illuminate\\Database\\Eloquent\\Builder.php(1350): Illuminate\\Database\\Query\\Builder->insertGetId(Array, 'id')
#8 C:\\Users\\eriko\\OneDrive\\Desktop\\VolleyServer\\VolleyServer\\VolleyServer\\vendor\\laravel\\framework\\src\\Illuminate\\Database\\Eloquent\\Model.php(839): Illuminate\\Database\\Eloquent\\Builder->__call('insertGetId', Array)
#9 C:\\Users\\eriko\\OneDrive\\Desktop\\VolleyServer\\VolleyServer\\VolleyServer\\vendor\\laravel\\framework\\src\\Illuminate\\Database\\Eloquent\\Model.php(804): Illuminate\\Database\\Eloquent\\Model->insertAndSetId(Object(Illuminate\\Database\\Eloquent\\Builder), Array)
#10 C:\\Users\\eriko\\OneDrive\\Desktop\\VolleyServer\\VolleyServer\\VolleyServer\\vendor\\laravel\\framework\\src\\Illuminate\\Database\\Eloquent\\Model.php(667): Illuminate\\Database\\Eloquent\\Model->performInsert(Object(Illuminate\\Database\\Eloquent\\Builder))
#11 C:\\Users\\eriko\\OneDrive\\Desktop\\VolleyServer\\VolleyServer\\VolleyServer\\app\\Http\\Controllers\\Auth\\AuthController.php(80): Illuminate\\Database\\Eloquent\\Model->save()
#12 [internal function]: App\\Http\\Controllers\\Auth\\AuthController->register(Object(Illuminate\\Http\\Request))
#13 C:\\Users\\eriko\\OneDrive\\Desktop\\VolleyServer\\VolleyServer\\VolleyServer\\vendor\\laravel\\framework\\src\\Illuminate\\Routing\\Controller.php(54): call_user_func_array(Array, Array)
#14 C:\\Users\\eriko\\OneDrive\\Desktop\\VolleyServer\\VolleyServer\\VolleyServer\\vendor\\laravel\\framework\\src\\Illuminate\\Routing\\ControllerDispatcher.php(45): Illuminate\\Routing\\Controller->callAction('register', Array)
#15 C:\\Users\\eriko\\OneDrive\\Desktop\\VolleyServer\\VolleyServer\\VolleyServer\\vendor\\laravel\\framework\\src\\Illuminate\\Routing\\Route.php(219): Illuminate\\Routing\\ControllerDispatcher->dispatch(Object(Illuminate\\Routing\\Route), Object(App\\Http\\Controllers\\Auth\\AuthController), 'register')
#16 C:\\Users\\eriko\\OneDrive\\Desktop\\VolleyServer\\VolleyServer\\VolleyServer\\vendor\\laravel\\framework\\src\\Illuminate\\Routing\\Route.php(176): Illuminate\\Routing\\Route->runController()
#17 C:\\Users\\eriko\\OneDrive\\Desktop\\VolleyServer\\VolleyServer\\VolleyServer\\vendor\\laravel\\framework\\src\\Illuminate\\Routing\\Router.php(680): Illuminate\\Routing\\Route->run()
#18 C:\\Users\\eriko\\OneDrive\\Desktop\\VolleyServer\\VolleyServer\\VolleyServer\\vendor\\laravel\\framework\\src\\Illuminate\\Pipeline\\Pipeline.php(130): Illuminate\\Routing\\Router->Illuminate\\Routing\\{closure}(Object(Illuminate\\Http\\Request))
#19 C:\\Users\\eriko\\OneDrive\\Desktop\\VolleyServer\\VolleyServer\\VolleyServer\\vendor\\laravel\\framework\\src\\Illuminate\\Routing\\Middleware\\SubstituteBindings.php(41): Illuminate\\Pipeline\\Pipeline->Illuminate\\Pipeline\\{closure}(Object(Illuminate\\Http\\Request))
#20 C:\\Users\\eriko\\OneDrive\\Desktop\\VolleyServer\\VolleyServer\\VolleyServer\\vendor\\laravel\\framework\\src\\Illuminate\\Pipeline\\Pipeline.php(171): Illuminate\\Routing\\Middleware\\SubstituteBindings->handle(Object(Illuminate\\Http\\Request), Object(Closure))
#21 C:\\Users\\eriko\\OneDrive\\Desktop\\VolleyServer\\VolleyServer\\VolleyServer\\vendor\\laravel\\framework\\src\\Illuminate\\Routing\\Middleware\\ThrottleRequests.php(59): Illuminate\\Pipeline\\Pipeline->Illuminate\\Pipeline\\{closure}(Object(Illuminate\\Http\\Request))
#22 C:\\Users\\eriko\\OneDrive\\Desktop\\VolleyServer\\VolleyServer\\VolleyServer\\vendor\\laravel\\framework\\src\\Illuminate\\Pipeline\\Pipeline.php(171): Illuminate\\Routing\\Middleware\\ThrottleRequests->handle(Object(Illuminate\\Http\\Request), Object(Closure), 60, '1')
#23 C:\\Users\\eriko\\OneDrive\\Desktop\\VolleyServer\\VolleyServer\\VolleyServer\\vendor\\laravel\\framework\\src\\Illuminate\\Pipeline\\Pipeline.php(105): Illuminate\\Pipeline\\Pipeline->Illuminate\\Pipeline\\{closure}(Object(Illuminate\\Http\\Request))
#24 C:\\Users\\eriko\\OneDrive\\Desktop\\VolleyServer\\VolleyServer\\VolleyServer\\vendor\\laravel\\framework\\src\\Illuminate\\Routing\\Router.php(682): Illuminate\\Pipeline\\Pipeline->then(Object(Closure))
#25 C:\\Users\\eriko\\OneDrive\\Desktop\\VolleyServer\\VolleyServer\\VolleyServer\\vendor\\laravel\\framework\\src\\Illuminate\\Routing\\Router.php(657): Illuminate\\Routing\\Router->runRouteWithinStack(Object(Illuminate\\Routing\\Route), Object(Illuminate\\Http\\Request))
#26 C:\\Users\\eriko\\OneDrive\\Desktop\\VolleyServer\\VolleyServer\\VolleyServer\\vendor\\laravel\\framework\\src\\Illuminate\\Routing\\Router.php(623): Illuminate\\Routing\\Router->runRoute(Object(Illuminate\\Http\\Request), Object(Illuminate\\Routing\\Route))
#27 C:\\Users\\eriko\\OneDrive\\Desktop\\VolleyServer\\VolleyServer\\VolleyServer\\vendor\\laravel\\framework\\src\\Illuminate\\Routing\\Router.php(612): Illuminate\\Routing\\Router->dispatchToRoute(Object(Illuminate\\Http\\Request))
#28 C:\\Users\\eriko\\OneDrive\\Desktop\\VolleyServer\\VolleyServer\\VolleyServer\\vendor\\laravel\\framework\\src\\Illuminate\\Foundation\\Http\\Kernel.php(176): Illuminate\\Routing\\Router->dispatch(Object(Illuminate\\Http\\Request))
#29 C:\\Users\\eriko\\OneDrive\\Desktop\\VolleyServer\\VolleyServer\\VolleyServer\\vendor\\laravel\\framework\\src\\Illuminate\\Pipeline\\Pipeline.php(130): Illuminate\\Foundation\\Http\\Kernel->Illuminate\\Foundation\\Http\\{closure}(Object(Illuminate\\Http\\Request))
#30 C:\\Users\\eriko\\OneDrive\\Desktop\\VolleyServer\\VolleyServer\\VolleyServer\\vendor\\laravel\\framework\\src\\Illuminate\\Foundation\\Http\\Middleware\\TransformsRequest.php(21): Illuminate\\Pipeline\\Pipeline->Illuminate\\Pipeline\\{closure}(Object(Illuminate\\Http\\Request))
#31 C:\\Users\\eriko\\OneDrive\\Desktop\\VolleyServer\\VolleyServer\\VolleyServer\\vendor\\laravel\\framework\\src\\Illuminate\\Pipeline\\Pipeline.php(171): Illuminate\\Foundation\\Http\\Middleware\\TransformsRequest->handle(Object(Illuminate\\Http\\Request), Object(Closure))
#32 C:\\Users\\eriko\\OneDrive\\Desktop\\VolleyServer\\VolleyServer\\VolleyServer\\vendor\\laravel\\framework\\src\\Illuminate\\Foundation\\Http\\Middleware\\TransformsRequest.php(21): Illuminate\\Pipeline\\Pipeline->Illuminate\\Pipeline\\{closure}(Object(Illuminate\\Http\\Request))
#33 C:\\Users\\eriko\\OneDrive\\Desktop\\VolleyServer\\VolleyServer\\VolleyServer\\vendor\\laravel\\framework\\src\\Illuminate\\Pipeline\\Pipeline.php(171): Illuminate\\Foundation\\Http\\Middleware\\TransformsRequest->handle(Object(Illuminate\\Http\\Request), Object(Closure))
#34 C:\\Users\\eriko\\OneDrive\\Desktop\\VolleyServer\\VolleyServer\\VolleyServer\\vendor\\laravel\\framework\\src\\Illuminate\\Foundation\\Http\\Middleware\\ValidatePostSize.php(27): Illuminate\\Pipeline\\Pipeline->Illuminate\\Pipeline\\{closure}(Object(Illuminate\\Http\\Request))
#35 C:\\Users\\eriko\\OneDrive\\Desktop\\VolleyServer\\VolleyServer\\VolleyServer\\vendor\\laravel\\framework\\src\\Illuminate\\Pipeline\\Pipeline.php(171): Illuminate\\Foundation\\Http\\Middleware\\ValidatePostSize->handle(Object(Illuminate\\Http\\Request), Object(Closure))
#36 C:\\Users\\eriko\\OneDrive\\Desktop\\VolleyServer\\VolleyServer\\VolleyServer\\vendor\\laravel\\framework\\src\\Illuminate\\Foundation\\Http\\Middleware\\CheckForMaintenanceMode.php(62): Illuminate\\Pipeline\\Pipeline->Illuminate\\Pipeline\\{closure}(Object(Illuminate\\Http\\Request))
#37 C:\\Users\\eriko\\OneDrive\\Desktop\\VolleyServer\\VolleyServer\\VolleyServer\\vendor\\laravel\\framework\\src\\Illuminate\\Pipeline\\Pipeline.php(171): Illuminate\\Foundation\\Http\\Middleware\\CheckForMaintenanceMode->handle(Object(Illuminate\\Http\\Request), Object(Closure))
#38 C:\\Users\\eriko\\OneDrive\\Desktop\\VolleyServer\\VolleyServer\\VolleyServer\\vendor\\fideloper\\proxy\\src\\TrustProxies.php(57): Illuminate\\Pipeline\\Pipeline->Illuminate\\Pipeline\\{closure}(Object(Illuminate\\Http\\Request))
#39 C:\\Users\\eriko\\OneDrive\\Desktop\\VolleyServer\\VolleyServer\\VolleyServer\\vendor\\laravel\\framework\\src\\Illuminate\\Pipeline\\Pipeline.php(171): Fideloper\\Proxy\\TrustProxies->handle(Object(Illuminate\\Http\\Request), Object(Closure))
#40 C:\\Users\\eriko\\OneDrive\\Desktop\\VolleyServer\\VolleyServer\\VolleyServer\\vendor\\laravel\\framework\\src\\Illuminate\\Pipeline\\Pipeline.php(105): Illuminate\\Pipeline\\Pipeline->Illuminate\\Pipeline\\{closure}(Object(Illuminate\\Http\\Request))
#41 C:\\Users\\eriko\\OneDrive\\Desktop\\VolleyServer\\VolleyServer\\VolleyServer\\vendor\\laravel\\framework\\src\\Illuminate\\Foundation\\Http\\Kernel.php(151): Illuminate\\Pipeline\\Pipeline->then(Object(Closure))
#42 C:\\Users\\eriko\\OneDrive\\Desktop\\VolleyServer\\VolleyServer\\VolleyServer\\vendor\\laravel\\framework\\src\\Illuminate\\Foundation\\Http\\Kernel.php(116): Illuminate\\Foundation\\Http\\Kernel->sendRequestThroughRouter(Object(Illuminate\\Http\\Request))
#43 C:\\Users\\eriko\\OneDrive\\Desktop\\VolleyServer\\VolleyServer\\VolleyServer\\public\\index.php(55): Illuminate\\Foundation\\Http\\Kernel->handle(Object(Illuminate\\Http\\Request))
#44 C:\\Users\\eriko\\OneDrive\\Desktop\\VolleyServer\\VolleyServer\\VolleyServer\\server.php(21): require_once('C:\\\\Users\\\\eriko\\\\...')
#45 {main}
"} 
[2019-12-06 15:14:44] local.ERROR: SQLSTATE[23000]: Integrity constraint violation: 1048 Column 'id_ruolo' cannot be null (SQL: insert into `users` (`nome`, `cognome`, `email`, `password`, `telefono`, `id_ruolo`, `updated_at`, `created_at`) values (Miriana, Pompilio, prova@prova, $2y$10$1i.pnclW47wOd0ymIhm9YuGf7/tC4Nyi3IRrZnhCxhEMVJPQTnq4G, 3337551943, ?, 2019-12-06 15:14:44, 2019-12-06 15:14:44)) {"exception":"[object] (Illuminate\\Database\\QueryException(code: 23000): SQLSTATE[23000]: Integrity constraint violation: 1048 Column 'id_ruolo' cannot be null (SQL: insert into `users` (`nome`, `cognome`, `email`, `password`, `telefono`, `id_ruolo`, `updated_at`, `created_at`) values (Miriana, Pompilio, prova@prova, $2y$10$1i.pnclW47wOd0ymIhm9YuGf7/tC4Nyi3IRrZnhCxhEMVJPQTnq4G, 3337551943, ?, 2019-12-06 15:14:44, 2019-12-06 15:14:44)) at C:\\Users\\eriko\\OneDrive\\Desktop\\VolleyServer\\VolleyServer\\VolleyServer\\vendor\\laravel\\framework\\src\\Illuminate\\Database\\Connection.php:665)
[stacktrace]
#0 C:\\Users\\eriko\\OneDrive\\Desktop\\VolleyServer\\VolleyServer\\VolleyServer\\vendor\\laravel\\framework\\src\\Illuminate\\Database\\Connection.php(625): Illuminate\\Database\\Connection->runQueryCallback('insert into `us...', Array, Object(Closure))
#1 C:\\Users\\eriko\\OneDrive\\Desktop\\VolleyServer\\VolleyServer\\VolleyServer\\vendor\\laravel\\framework\\src\\Illuminate\\Database\\Connection.php(460): Illuminate\\Database\\Connection->run('insert into `us...', Array, Object(Closure))
#2 C:\\Users\\eriko\\OneDrive\\Desktop\\VolleyServer\\VolleyServer\\VolleyServer\\vendor\\laravel\\framework\\src\\Illuminate\\Database\\Connection.php(412): Illuminate\\Database\\Connection->statement('insert into `us...', Array)
#3 C:\\Users\\eriko\\OneDrive\\Desktop\\VolleyServer\\VolleyServer\\VolleyServer\\vendor\\laravel\\framework\\src\\Illuminate\\Database\\Query\\Processors\\Processor.php(32): Illuminate\\Database\\Connection->insert('insert into `us...', Array)
#4 C:\\Users\\eriko\\OneDrive\\Desktop\\VolleyServer\\VolleyServer\\VolleyServer\\vendor\\laravel\\framework\\src\\Illuminate\\Database\\Query\\Builder.php(2658): Illuminate\\Database\\Query\\Processors\\Processor->processInsertGetId(Object(Illuminate\\Database\\Query\\Builder), 'insert into `us...', Array, 'id')
#5 C:\\Users\\eriko\\OneDrive\\Desktop\\VolleyServer\\VolleyServer\\VolleyServer\\vendor\\laravel\\framework\\src\\Illuminate\\Database\\Eloquent\\Builder.php(1350): Illuminate\\Database\\Query\\Builder->insertGetId(Array, 'id')
#6 C:\\Users\\eriko\\OneDrive\\Desktop\\VolleyServer\\VolleyServer\\VolleyServer\\vendor\\laravel\\framework\\src\\Illuminate\\Database\\Eloquent\\Model.php(839): Illuminate\\Database\\Eloquent\\Builder->__call('insertGetId', Array)
#7 C:\\Users\\eriko\\OneDrive\\Desktop\\VolleyServer\\VolleyServer\\VolleyServer\\vendor\\laravel\\framework\\src\\Illuminate\\Database\\Eloquent\\Model.php(804): Illuminate\\Database\\Eloquent\\Model->insertAndSetId(Object(Illuminate\\Database\\Eloquent\\Builder), Array)
#8 C:\\Users\\eriko\\OneDrive\\Desktop\\VolleyServer\\VolleyServer\\VolleyServer\\vendor\\laravel\\framework\\src\\Illuminate\\Database\\Eloquent\\Model.php(667): Illuminate\\Database\\Eloquent\\Model->performInsert(Object(Illuminate\\Database\\Eloquent\\Builder))
#9 C:\\Users\\eriko\\OneDrive\\Desktop\\VolleyServer\\VolleyServer\\VolleyServer\\app\\Http\\Controllers\\Auth\\AuthController.php(79): Illuminate\\Database\\Eloquent\\Model->save()
#10 [internal function]: App\\Http\\Controllers\\Auth\\AuthController->register(Object(Illuminate\\Http\\Request))
#11 C:\\Users\\eriko\\OneDrive\\Desktop\\VolleyServer\\VolleyServer\\VolleyServer\\vendor\\laravel\\framework\\src\\Illuminate\\Routing\\Controller.php(54): call_user_func_array(Array, Array)
#12 C:\\Users\\eriko\\OneDrive\\Desktop\\VolleyServer\\VolleyServer\\VolleyServer\\vendor\\laravel\\framework\\src\\Illuminate\\Routing\\ControllerDispatcher.php(45): Illuminate\\Routing\\Controller->callAction('register', Array)
#13 C:\\Users\\eriko\\OneDrive\\Desktop\\VolleyServer\\VolleyServer\\VolleyServer\\vendor\\laravel\\framework\\src\\Illuminate\\Routing\\Route.php(219): Illuminate\\Routing\\ControllerDispatcher->dispatch(Object(Illuminate\\Routing\\Route), Object(App\\Http\\Controllers\\Auth\\AuthController), 'register')
#14 C:\\Users\\eriko\\OneDrive\\Desktop\\VolleyServer\\VolleyServer\\VolleyServer\\vendor\\laravel\\framework\\src\\Illuminate\\Routing\\Route.php(176): Illuminate\\Routing\\Route->runController()
#15 C:\\Users\\eriko\\OneDrive\\Desktop\\VolleyServer\\VolleyServer\\VolleyServer\\vendor\\laravel\\framework\\src\\Illuminate\\Routing\\Router.php(680): Illuminate\\Routing\\Route->run()
#16 C:\\Users\\eriko\\OneDrive\\Desktop\\VolleyServer\\VolleyServer\\VolleyServer\\vendor\\laravel\\framework\\src\\Illuminate\\Pipeline\\Pipeline.php(130): Illuminate\\Routing\\Router->Illuminate\\Routing\\{closure}(Object(Illuminate\\Http\\Request))
#17 C:\\Users\\eriko\\OneDrive\\Desktop\\VolleyServer\\VolleyServer\\VolleyServer\\vendor\\laravel\\framework\\src\\Illuminate\\Routing\\Middleware\\SubstituteBindings.php(41): Illuminate\\Pipeline\\Pipeline->Illuminate\\Pipeline\\{closure}(Object(Illuminate\\Http\\Request))
#18 C:\\Users\\eriko\\OneDrive\\Desktop\\VolleyServer\\VolleyServer\\VolleyServer\\vendor\\laravel\\framework\\src\\Illuminate\\Pipeline\\Pipeline.php(171): Illuminate\\Routing\\Middleware\\SubstituteBindings->handle(Object(Illuminate\\Http\\Request), Object(Closure))
#19 C:\\Users\\eriko\\OneDrive\\Desktop\\VolleyServer\\VolleyServer\\VolleyServer\\vendor\\laravel\\framework\\src\\Illuminate\\Routing\\Middleware\\ThrottleRequests.php(59): Illuminate\\Pipeline\\Pipeline->Illuminate\\Pipeline\\{closure}(Object(Illuminate\\Http\\Request))
#20 C:\\Users\\eriko\\OneDrive\\Desktop\\VolleyServer\\VolleyServer\\VolleyServer\\vendor\\laravel\\framework\\src\\Illuminate\\Pipeline\\Pipeline.php(171): Illuminate\\Routing\\Middleware\\ThrottleRequests->handle(Object(Illuminate\\Http\\Request), Object(Closure), 60, '1')
#21 C:\\Users\\eriko\\OneDrive\\Desktop\\VolleyServer\\VolleyServer\\VolleyServer\\vendor\\laravel\\framework\\src\\Illuminate\\Pipeline\\Pipeline.php(105): Illuminate\\Pipeline\\Pipeline->Illuminate\\Pipeline\\{closure}(Object(Illuminate\\Http\\Request))
#22 C:\\Users\\eriko\\OneDrive\\Desktop\\VolleyServer\\VolleyServer\\VolleyServer\\vendor\\laravel\\framework\\src\\Illuminate\\Routing\\Router.php(682): Illuminate\\Pipeline\\Pipeline->then(Object(Closure))
#23 C:\\Users\\eriko\\OneDrive\\Desktop\\VolleyServer\\VolleyServer\\VolleyServer\\vendor\\laravel\\framework\\src\\Illuminate\\Routing\\Router.php(657): Illuminate\\Routing\\Router->runRouteWithinStack(Object(Illuminate\\Routing\\Route), Object(Illuminate\\Http\\Request))
#24 C:\\Users\\eriko\\OneDrive\\Desktop\\VolleyServer\\VolleyServer\\VolleyServer\\vendor\\laravel\\framework\\src\\Illuminate\\Routing\\Router.php(623): Illuminate\\Routing\\Router->runRoute(Object(Illuminate\\Http\\Request), Object(Illuminate\\Routing\\Route))
#25 C:\\Users\\eriko\\OneDrive\\Desktop\\VolleyServer\\VolleyServer\\VolleyServer\\vendor\\laravel\\framework\\src\\Illuminate\\Routing\\Router.php(612): Illuminate\\Routing\\Router->dispatchToRoute(Object(Illuminate\\Http\\Request))
#26 C:\\Users\\eriko\\OneDrive\\Desktop\\VolleyServer\\VolleyServer\\VolleyServer\\vendor\\laravel\\framework\\src\\Illuminate\\Foundation\\Http\\Kernel.php(176): Illuminate\\Routing\\Router->dispatch(Object(Illuminate\\Http\\Request))
#27 C:\\Users\\eriko\\OneDrive\\Desktop\\VolleyServer\\VolleyServer\\VolleyServer\\vendor\\laravel\\framework\\src\\Illuminate\\Pipeline\\Pipeline.php(130): Illuminate\\Foundation\\Http\\Kernel->Illuminate\\Foundation\\Http\\{closure}(Object(Illuminate\\Http\\Request))
#28 C:\\Users\\eriko\\OneDrive\\Desktop\\VolleyServer\\VolleyServer\\VolleyServer\\vendor\\laravel\\framework\\src\\Illuminate\\Foundation\\Http\\Middleware\\TransformsRequest.php(21): Illuminate\\Pipeline\\Pipeline->Illuminate\\Pipeline\\{closure}(Object(Illuminate\\Http\\Request))
#29 C:\\Users\\eriko\\OneDrive\\Desktop\\VolleyServer\\VolleyServer\\VolleyServer\\vendor\\laravel\\framework\\src\\Illuminate\\Pipeline\\Pipeline.php(171): Illuminate\\Foundation\\Http\\Middleware\\TransformsRequest->handle(Object(Illuminate\\Http\\Request), Object(Closure))
#30 C:\\Users\\eriko\\OneDrive\\Desktop\\VolleyServer\\VolleyServer\\VolleyServer\\vendor\\laravel\\framework\\src\\Illuminate\\Foundation\\Http\\Middleware\\TransformsRequest.php(21): Illuminate\\Pipeline\\Pipeline->Illuminate\\Pipeline\\{closure}(Object(Illuminate\\Http\\Request))
#31 C:\\Users\\eriko\\OneDrive\\Desktop\\VolleyServer\\VolleyServer\\VolleyServer\\vendor\\laravel\\framework\\src\\Illuminate\\Pipeline\\Pipeline.php(171): Illuminate\\Foundation\\Http\\Middleware\\TransformsRequest->handle(Object(Illuminate\\Http\\Request), Object(Closure))
#32 C:\\Users\\eriko\\OneDrive\\Desktop\\VolleyServer\\VolleyServer\\VolleyServer\\vendor\\laravel\\framework\\src\\Illuminate\\Foundation\\Http\\Middleware\\ValidatePostSize.php(27): Illuminate\\Pipeline\\Pipeline->Illuminate\\Pipeline\\{closure}(Object(Illuminate\\Http\\Request))
#33 C:\\Users\\eriko\\OneDrive\\Desktop\\VolleyServer\\VolleyServer\\VolleyServer\\vendor\\laravel\\framework\\src\\Illuminate\\Pipeline\\Pipeline.php(171): Illuminate\\Foundation\\Http\\Middleware\\ValidatePostSize->handle(Object(Illuminate\\Http\\Request), Object(Closure))
#34 C:\\Users\\eriko\\OneDrive\\Desktop\\VolleyServer\\VolleyServer\\VolleyServer\\vendor\\laravel\\framework\\src\\Illuminate\\Foundation\\Http\\Middleware\\CheckForMaintenanceMode.php(62): Illuminate\\Pipeline\\Pipeline->Illuminate\\Pipeline\\{closure}(Object(Illuminate\\Http\\Request))
#35 C:\\Users\\eriko\\OneDrive\\Desktop\\VolleyServer\\VolleyServer\\VolleyServer\\vendor\\laravel\\framework\\src\\Illuminate\\Pipeline\\Pipeline.php(171): Illuminate\\Foundation\\Http\\Middleware\\CheckForMaintenanceMode->handle(Object(Illuminate\\Http\\Request), Object(Closure))
#36 C:\\Users\\eriko\\OneDrive\\Desktop\\VolleyServer\\VolleyServer\\VolleyServer\\vendor\\fideloper\\proxy\\src\\TrustProxies.php(57): Illuminate\\Pipeline\\Pipeline->Illuminate\\Pipeline\\{closure}(Object(Illuminate\\Http\\Request))
#37 C:\\Users\\eriko\\OneDrive\\Desktop\\VolleyServer\\VolleyServer\\VolleyServer\\vendor\\laravel\\framework\\src\\Illuminate\\Pipeline\\Pipeline.php(171): Fideloper\\Proxy\\TrustProxies->handle(Object(Illuminate\\Http\\Request), Object(Closure))
#38 C:\\Users\\eriko\\OneDrive\\Desktop\\VolleyServer\\VolleyServer\\VolleyServer\\vendor\\laravel\\framework\\src\\Illuminate\\Pipeline\\Pipeline.php(105): Illuminate\\Pipeline\\Pipeline->Illuminate\\Pipeline\\{closure}(Object(Illuminate\\Http\\Request))
#39 C:\\Users\\eriko\\OneDrive\\Desktop\\VolleyServer\\VolleyServer\\VolleyServer\\vendor\\laravel\\framework\\src\\Illuminate\\Foundation\\Http\\Kernel.php(151): Illuminate\\Pipeline\\Pipeline->then(Object(Closure))
#40 C:\\Users\\eriko\\OneDrive\\Desktop\\VolleyServer\\VolleyServer\\VolleyServer\\vendor\\laravel\\framework\\src\\Illuminate\\Foundation\\Http\\Kernel.php(116): Illuminate\\Foundation\\Http\\Kernel->sendRequestThroughRouter(Object(Illuminate\\Http\\Request))
#41 C:\\Users\\eriko\\OneDrive\\Desktop\\VolleyServer\\VolleyServer\\VolleyServer\\public\\index.php(55): Illuminate\\Foundation\\Http\\Kernel->handle(Object(Illuminate\\Http\\Request))
#42 C:\\Users\\eriko\\OneDrive\\Desktop\\VolleyServer\\VolleyServer\\VolleyServer\\server.php(21): require_once('C:\\\\Users\\\\eriko\\\\...')
#43 {main}

[previous exception] [object] (PDOException(code: 23000): SQLSTATE[23000]: Integrity constraint violation: 1048 Column 'id_ruolo' cannot be null at C:\\Users\\eriko\\OneDrive\\Desktop\\VolleyServer\\VolleyServer\\VolleyServer\\vendor\\laravel\\framework\\src\\Illuminate\\Database\\Connection.php:459)
[stacktrace]
#0 C:\\Users\\eriko\\OneDrive\\Desktop\\VolleyServer\\VolleyServer\\VolleyServer\\vendor\\laravel\\framework\\src\\Illuminate\\Database\\Connection.php(459): PDOStatement->execute()
#1 C:\\Users\\eriko\\OneDrive\\Desktop\\VolleyServer\\VolleyServer\\VolleyServer\\vendor\\laravel\\framework\\src\\Illuminate\\Database\\Connection.php(658): Illuminate\\Database\\Connection->Illuminate\\Database\\{closure}('insert into `us...', Array)
#2 C:\\Users\\eriko\\OneDrive\\Desktop\\VolleyServer\\VolleyServer\\VolleyServer\\vendor\\laravel\\framework\\src\\Illuminate\\Database\\Connection.php(625): Illuminate\\Database\\Connection->runQueryCallback('insert into `us...', Array, Object(Closure))
#3 C:\\Users\\eriko\\OneDrive\\Desktop\\VolleyServer\\VolleyServer\\VolleyServer\\vendor\\laravel\\framework\\src\\Illuminate\\Database\\Connection.php(460): Illuminate\\Database\\Connection->run('insert into `us...', Array, Object(Closure))
#4 C:\\Users\\eriko\\OneDrive\\Desktop\\VolleyServer\\VolleyServer\\VolleyServer\\vendor\\laravel\\framework\\src\\Illuminate\\Database\\Connection.php(412): Illuminate\\Database\\Connection->statement('insert into `us...', Array)
#5 C:\\Users\\eriko\\OneDrive\\Desktop\\VolleyServer\\VolleyServer\\VolleyServer\\vendor\\laravel\\framework\\src\\Illuminate\\Database\\Query\\Processors\\Processor.php(32): Illuminate\\Database\\Connection->insert('insert into `us...', Array)
#6 C:\\Users\\eriko\\OneDrive\\Desktop\\VolleyServer\\VolleyServer\\VolleyServer\\vendor\\laravel\\framework\\src\\Illuminate\\Database\\Query\\Builder.php(2658): Illuminate\\Database\\Query\\Processors\\Processor->processInsertGetId(Object(Illuminate\\Database\\Query\\Builder), 'insert into `us...', Array, 'id')
#7 C:\\Users\\eriko\\OneDrive\\Desktop\\VolleyServer\\VolleyServer\\VolleyServer\\vendor\\laravel\\framework\\src\\Illuminate\\Database\\Eloquent\\Builder.php(1350): Illuminate\\Database\\Query\\Builder->insertGetId(Array, 'id')
#8 C:\\Users\\eriko\\OneDrive\\Desktop\\VolleyServer\\VolleyServer\\VolleyServer\\vendor\\laravel\\framework\\src\\Illuminate\\Database\\Eloquent\\Model.php(839): Illuminate\\Database\\Eloquent\\Builder->__call('insertGetId', Array)
#9 C:\\Users\\eriko\\OneDrive\\Desktop\\VolleyServer\\VolleyServer\\VolleyServer\\vendor\\laravel\\framework\\src\\Illuminate\\Database\\Eloquent\\Model.php(804): Illuminate\\Database\\Eloquent\\Model->insertAndSetId(Object(Illuminate\\Database\\Eloquent\\Builder), Array)
#10 C:\\Users\\eriko\\OneDrive\\Desktop\\VolleyServer\\VolleyServer\\VolleyServer\\vendor\\laravel\\framework\\src\\Illuminate\\Database\\Eloquent\\Model.php(667): Illuminate\\Database\\Eloquent\\Model->performInsert(Object(Illuminate\\Database\\Eloquent\\Builder))
#11 C:\\Users\\eriko\\OneDrive\\Desktop\\VolleyServer\\VolleyServer\\VolleyServer\\app\\Http\\Controllers\\Auth\\AuthController.php(79): Illuminate\\Database\\Eloquent\\Model->save()
#12 [internal function]: App\\Http\\Controllers\\Auth\\AuthController->register(Object(Illuminate\\Http\\Request))
#13 C:\\Users\\eriko\\OneDrive\\Desktop\\VolleyServer\\VolleyServer\\VolleyServer\\vendor\\laravel\\framework\\src\\Illuminate\\Routing\\Controller.php(54): call_user_func_array(Array, Array)
#14 C:\\Users\\eriko\\OneDrive\\Desktop\\VolleyServer\\VolleyServer\\VolleyServer\\vendor\\laravel\\framework\\src\\Illuminate\\Routing\\ControllerDispatcher.php(45): Illuminate\\Routing\\Controller->callAction('register', Array)
#15 C:\\Users\\eriko\\OneDrive\\Desktop\\VolleyServer\\VolleyServer\\VolleyServer\\vendor\\laravel\\framework\\src\\Illuminate\\Routing\\Route.php(219): Illuminate\\Routing\\ControllerDispatcher->dispatch(Object(Illuminate\\Routing\\Route), Object(App\\Http\\Controllers\\Auth\\AuthController), 'register')
#16 C:\\Users\\eriko\\OneDrive\\Desktop\\VolleyServer\\VolleyServer\\VolleyServer\\vendor\\laravel\\framework\\src\\Illuminate\\Routing\\Route.php(176): Illuminate\\Routing\\Route->runController()
#17 C:\\Users\\eriko\\OneDrive\\Desktop\\VolleyServer\\VolleyServer\\VolleyServer\\vendor\\laravel\\framework\\src\\Illuminate\\Routing\\Router.php(680): Illuminate\\Routing\\Route->run()
#18 C:\\Users\\eriko\\OneDrive\\Desktop\\VolleyServer\\VolleyServer\\VolleyServer\\vendor\\laravel\\framework\\src\\Illuminate\\Pipeline\\Pipeline.php(130): Illuminate\\Routing\\Router->Illuminate\\Routing\\{closure}(Object(Illuminate\\Http\\Request))
#19 C:\\Users\\eriko\\OneDrive\\Desktop\\VolleyServer\\VolleyServer\\VolleyServer\\vendor\\laravel\\framework\\src\\Illuminate\\Routing\\Middleware\\SubstituteBindings.php(41): Illuminate\\Pipeline\\Pipeline->Illuminate\\Pipeline\\{closure}(Object(Illuminate\\Http\\Request))
#20 C:\\Users\\eriko\\OneDrive\\Desktop\\VolleyServer\\VolleyServer\\VolleyServer\\vendor\\laravel\\framework\\src\\Illuminate\\Pipeline\\Pipeline.php(171): Illuminate\\Routing\\Middleware\\SubstituteBindings->handle(Object(Illuminate\\Http\\Request), Object(Closure))
#21 C:\\Users\\eriko\\OneDrive\\Desktop\\VolleyServer\\VolleyServer\\VolleyServer\\vendor\\laravel\\framework\\src\\Illuminate\\Routing\\Middleware\\ThrottleRequests.php(59): Illuminate\\Pipeline\\Pipeline->Illuminate\\Pipeline\\{closure}(Object(Illuminate\\Http\\Request))
#22 C:\\Users\\eriko\\OneDrive\\Desktop\\VolleyServer\\VolleyServer\\VolleyServer\\vendor\\laravel\\framework\\src\\Illuminate\\Pipeline\\Pipeline.php(171): Illuminate\\Routing\\Middleware\\ThrottleRequests->handle(Object(Illuminate\\Http\\Request), Object(Closure), 60, '1')
#23 C:\\Users\\eriko\\OneDrive\\Desktop\\VolleyServer\\VolleyServer\\VolleyServer\\vendor\\laravel\\framework\\src\\Illuminate\\Pipeline\\Pipeline.php(105): Illuminate\\Pipeline\\Pipeline->Illuminate\\Pipeline\\{closure}(Object(Illuminate\\Http\\Request))
#24 C:\\Users\\eriko\\OneDrive\\Desktop\\VolleyServer\\VolleyServer\\VolleyServer\\vendor\\laravel\\framework\\src\\Illuminate\\Routing\\Router.php(682): Illuminate\\Pipeline\\Pipeline->then(Object(Closure))
#25 C:\\Users\\eriko\\OneDrive\\Desktop\\VolleyServer\\VolleyServer\\VolleyServer\\vendor\\laravel\\framework\\src\\Illuminate\\Routing\\Router.php(657): Illuminate\\Routing\\Router->runRouteWithinStack(Object(Illuminate\\Routing\\Route), Object(Illuminate\\Http\\Request))
#26 C:\\Users\\eriko\\OneDrive\\Desktop\\VolleyServer\\VolleyServer\\VolleyServer\\vendor\\laravel\\framework\\src\\Illuminate\\Routing\\Router.php(623): Illuminate\\Routing\\Router->runRoute(Object(Illuminate\\Http\\Request), Object(Illuminate\\Routing\\Route))
#27 C:\\Users\\eriko\\OneDrive\\Desktop\\VolleyServer\\VolleyServer\\VolleyServer\\vendor\\laravel\\framework\\src\\Illuminate\\Routing\\Router.php(612): Illuminate\\Routing\\Router->dispatchToRoute(Object(Illuminate\\Http\\Request))
#28 C:\\Users\\eriko\\OneDrive\\Desktop\\VolleyServer\\VolleyServer\\VolleyServer\\vendor\\laravel\\framework\\src\\Illuminate\\Foundation\\Http\\Kernel.php(176): Illuminate\\Routing\\Router->dispatch(Object(Illuminate\\Http\\Request))
#29 C:\\Users\\eriko\\OneDrive\\Desktop\\VolleyServer\\VolleyServer\\VolleyServer\\vendor\\laravel\\framework\\src\\Illuminate\\Pipeline\\Pipeline.php(130): Illuminate\\Foundation\\Http\\Kernel->Illuminate\\Foundation\\Http\\{closure}(Object(Illuminate\\Http\\Request))
#30 C:\\Users\\eriko\\OneDrive\\Desktop\\VolleyServer\\VolleyServer\\VolleyServer\\vendor\\laravel\\framework\\src\\Illuminate\\Foundation\\Http\\Middleware\\TransformsRequest.php(21): Illuminate\\Pipeline\\Pipeline->Illuminate\\Pipeline\\{closure}(Object(Illuminate\\Http\\Request))
#31 C:\\Users\\eriko\\OneDrive\\Desktop\\VolleyServer\\VolleyServer\\VolleyServer\\vendor\\laravel\\framework\\src\\Illuminate\\Pipeline\\Pipeline.php(171): Illuminate\\Foundation\\Http\\Middleware\\TransformsRequest->handle(Object(Illuminate\\Http\\Request), Object(Closure))
#32 C:\\Users\\eriko\\OneDrive\\Desktop\\VolleyServer\\VolleyServer\\VolleyServer\\vendor\\laravel\\framework\\src\\Illuminate\\Foundation\\Http\\Middleware\\TransformsRequest.php(21): Illuminate\\Pipeline\\Pipeline->Illuminate\\Pipeline\\{closure}(Object(Illuminate\\Http\\Request))
#33 C:\\Users\\eriko\\OneDrive\\Desktop\\VolleyServer\\VolleyServer\\VolleyServer\\vendor\\laravel\\framework\\src\\Illuminate\\Pipeline\\Pipeline.php(171): Illuminate\\Foundation\\Http\\Middleware\\TransformsRequest->handle(Object(Illuminate\\Http\\Request), Object(Closure))
#34 C:\\Users\\eriko\\OneDrive\\Desktop\\VolleyServer\\VolleyServer\\VolleyServer\\vendor\\laravel\\framework\\src\\Illuminate\\Foundation\\Http\\Middleware\\ValidatePostSize.php(27): Illuminate\\Pipeline\\Pipeline->Illuminate\\Pipeline\\{closure}(Object(Illuminate\\Http\\Request))
#35 C:\\Users\\eriko\\OneDrive\\Desktop\\VolleyServer\\VolleyServer\\VolleyServer\\vendor\\laravel\\framework\\src\\Illuminate\\Pipeline\\Pipeline.php(171): Illuminate\\Foundation\\Http\\Middleware\\ValidatePostSize->handle(Object(Illuminate\\Http\\Request), Object(Closure))
#36 C:\\Users\\eriko\\OneDrive\\Desktop\\VolleyServer\\VolleyServer\\VolleyServer\\vendor\\laravel\\framework\\src\\Illuminate\\Foundation\\Http\\Middleware\\CheckForMaintenanceMode.php(62): Illuminate\\Pipeline\\Pipeline->Illuminate\\Pipeline\\{closure}(Object(Illuminate\\Http\\Request))
#37 C:\\Users\\eriko\\OneDrive\\Desktop\\VolleyServer\\VolleyServer\\VolleyServer\\vendor\\laravel\\framework\\src\\Illuminate\\Pipeline\\Pipeline.php(171): Illuminate\\Foundation\\Http\\Middleware\\CheckForMaintenanceMode->handle(Object(Illuminate\\Http\\Request), Object(Closure))
#38 C:\\Users\\eriko\\OneDrive\\Desktop\\VolleyServer\\VolleyServer\\VolleyServer\\vendor\\fideloper\\proxy\\src\\TrustProxies.php(57): Illuminate\\Pipeline\\Pipeline->Illuminate\\Pipeline\\{closure}(Object(Illuminate\\Http\\Request))
#39 C:\\Users\\eriko\\OneDrive\\Desktop\\VolleyServer\\VolleyServer\\VolleyServer\\vendor\\laravel\\framework\\src\\Illuminate\\Pipeline\\Pipeline.php(171): Fideloper\\Proxy\\TrustProxies->handle(Object(Illuminate\\Http\\Request), Object(Closure))
#40 C:\\Users\\eriko\\OneDrive\\Desktop\\VolleyServer\\VolleyServer\\VolleyServer\\vendor\\laravel\\framework\\src\\Illuminate\\Pipeline\\Pipeline.php(105): Illuminate\\Pipeline\\Pipeline->Illuminate\\Pipeline\\{closure}(Object(Illuminate\\Http\\Request))
#41 C:\\Users\\eriko\\OneDrive\\Desktop\\VolleyServer\\VolleyServer\\VolleyServer\\vendor\\laravel\\framework\\src\\Illuminate\\Foundation\\Http\\Kernel.php(151): Illuminate\\Pipeline\\Pipeline->then(Object(Closure))
#42 C:\\Users\\eriko\\OneDrive\\Desktop\\VolleyServer\\VolleyServer\\VolleyServer\\vendor\\laravel\\framework\\src\\Illuminate\\Foundation\\Http\\Kernel.php(116): Illuminate\\Foundation\\Http\\Kernel->sendRequestThroughRouter(Object(Illuminate\\Http\\Request))
#43 C:\\Users\\eriko\\OneDrive\\Desktop\\VolleyServer\\VolleyServer\\VolleyServer\\public\\index.php(55): Illuminate\\Foundation\\Http\\Kernel->handle(Object(Illuminate\\Http\\Request))
#44 C:\\Users\\eriko\\OneDrive\\Desktop\\VolleyServer\\VolleyServer\\VolleyServer\\server.php(21): require_once('C:\\\\Users\\\\eriko\\\\...')
#45 {main}
"} 
