[2019-11-13 15:51:43] local.ERROR: Array to string conversion {"exception":"[object] (ErrorException(code: 0): Array to string conversion at C:\\Users\\eriko\\OneDrive\\Desktop\\VolleyGiocare2.0\\VolleyServe\\vendor\\laravel\\framework\\src\\Illuminate\\Support\\Str.php:360)
[stacktrace]
#0 C:\\Users\\eriko\\OneDrive\\Desktop\\VolleyGiocare2.0\\VolleyServe\\vendor\\laravel\\framework\\src\\Illuminate\\Support\\Str.php(360): Illuminate\\Foundation\\Bootstrap\\HandleExceptions->handleError(8, 'Array to string...', 'C:\\\\Users\\\\eriko\\\\...', 360, Array)
#1 C:\\Users\\eriko\\OneDrive\\Desktop\\VolleyGiocare2.0\\VolleyServe\\vendor\\laravel\\framework\\src\\Illuminate\\Database\\QueryException.php(56): Illuminate\\Support\\Str::replaceArray('?', Array, 'insert into `ma...')
#2 C:\\Users\\eriko\\OneDrive\\Desktop\\VolleyGiocare2.0\\VolleyServe\\vendor\\laravel\\framework\\src\\Illuminate\\Database\\QueryException.php(39): Illuminate\\Database\\QueryException->formatMessage('insert into `ma...', Array, Object(ErrorException))
#3 C:\\Users\\eriko\\OneDrive\\Desktop\\VolleyGiocare2.0\\VolleyServe\\vendor\\laravel\\framework\\src\\Illuminate\\Database\\Connection.php(666): Illuminate\\Database\\QueryException->__construct('insert into `ma...', Array, Object(ErrorException))
#4 C:\\Users\\eriko\\OneDrive\\Desktop\\VolleyGiocare2.0\\VolleyServe\\vendor\\laravel\\framework\\src\\Illuminate\\Database\\Connection.php(625): Illuminate\\Database\\Connection->runQueryCallback('insert into `ma...', Array, Object(Closure))
#5 C:\\Users\\eriko\\OneDrive\\Desktop\\VolleyGiocare2.0\\VolleyServe\\vendor\\laravel\\framework\\src\\Illuminate\\Database\\Connection.php(460): Illuminate\\Database\\Connection->run('insert into `ma...', Array, Object(Closure))
#6 C:\\Users\\eriko\\OneDrive\\Desktop\\VolleyGiocare2.0\\VolleyServe\\vendor\\laravel\\framework\\src\\Illuminate\\Database\\Connection.php(412): Illuminate\\Database\\Connection->statement('insert into `ma...', Array)
#7 C:\\Users\\eriko\\OneDrive\\Desktop\\VolleyGiocare2.0\\VolleyServe\\vendor\\laravel\\framework\\src\\Illuminate\\Database\\Query\\Processors\\Processor.php(32): Illuminate\\Database\\Connection->insert('insert into `ma...', Array)
#8 C:\\Users\\eriko\\OneDrive\\Desktop\\VolleyGiocare2.0\\VolleyServe\\vendor\\laravel\\framework\\src\\Illuminate\\Database\\Query\\Builder.php(2658): Illuminate\\Database\\Query\\Processors\\Processor->processInsertGetId(Object(Illuminate\\Database\\Query\\Builder), 'insert into `ma...', Array, 'id')
#9 C:\\Users\\eriko\\OneDrive\\Desktop\\VolleyGiocare2.0\\VolleyServe\\vendor\\laravel\\framework\\src\\Illuminate\\Database\\Eloquent\\Builder.php(1350): Illuminate\\Database\\Query\\Builder->insertGetId(Array, 'id')
#10 C:\\Users\\eriko\\OneDrive\\Desktop\\VolleyGiocare2.0\\VolleyServe\\vendor\\laravel\\framework\\src\\Illuminate\\Database\\Eloquent\\Model.php(839): Illuminate\\Database\\Eloquent\\Builder->__call('insertGetId', Array)
#11 C:\\Users\\eriko\\OneDrive\\Desktop\\VolleyGiocare2.0\\VolleyServe\\vendor\\laravel\\framework\\src\\Illuminate\\Database\\Eloquent\\Model.php(804): Illuminate\\Database\\Eloquent\\Model->insertAndSetId(Object(Illuminate\\Database\\Eloquent\\Builder), Array)
#12 C:\\Users\\eriko\\OneDrive\\Desktop\\VolleyGiocare2.0\\VolleyServe\\vendor\\laravel\\framework\\src\\Illuminate\\Database\\Eloquent\\Model.php(667): Illuminate\\Database\\Eloquent\\Model->performInsert(Object(Illuminate\\Database\\Eloquent\\Builder))
#13 C:\\Users\\eriko\\OneDrive\\Desktop\\VolleyGiocare2.0\\VolleyServe\\app\\Http\\Controllers\\matchesController.php(52): Illuminate\\Database\\Eloquent\\Model->save()
#14 [internal function]: App\\Http\\Controllers\\matchesController->addMatch(Object(Illuminate\\Http\\Request))
#15 C:\\Users\\eriko\\OneDrive\\Desktop\\VolleyGiocare2.0\\VolleyServe\\vendor\\laravel\\framework\\src\\Illuminate\\Routing\\Controller.php(54): call_user_func_array(Array, Array)
#16 C:\\Users\\eriko\\OneDrive\\Desktop\\VolleyGiocare2.0\\VolleyServe\\vendor\\laravel\\framework\\src\\Illuminate\\Routing\\ControllerDispatcher.php(45): Illuminate\\Routing\\Controller->callAction('addMatch', Array)
#17 C:\\Users\\eriko\\OneDrive\\Desktop\\VolleyGiocare2.0\\VolleyServe\\vendor\\laravel\\framework\\src\\Illuminate\\Routing\\Route.php(219): Illuminate\\Routing\\ControllerDispatcher->dispatch(Object(Illuminate\\Routing\\Route), Object(App\\Http\\Controllers\\matchesController), 'addMatch')
#18 C:\\Users\\eriko\\OneDrive\\Desktop\\VolleyGiocare2.0\\VolleyServe\\vendor\\laravel\\framework\\src\\Illuminate\\Routing\\Route.php(176): Illuminate\\Routing\\Route->runController()
#19 C:\\Users\\eriko\\OneDrive\\Desktop\\VolleyGiocare2.0\\VolleyServe\\vendor\\laravel\\framework\\src\\Illuminate\\Routing\\Router.php(680): Illuminate\\Routing\\Route->run()
#20 C:\\Users\\eriko\\OneDrive\\Desktop\\VolleyGiocare2.0\\VolleyServe\\vendor\\laravel\\framework\\src\\Illuminate\\Pipeline\\Pipeline.php(130): Illuminate\\Routing\\Router->Illuminate\\Routing\\{closure}(Object(Illuminate\\Http\\Request))
#21 C:\\Users\\eriko\\OneDrive\\Desktop\\VolleyGiocare2.0\\VolleyServe\\vendor\\laravel\\framework\\src\\Illuminate\\Routing\\Middleware\\SubstituteBindings.php(41): Illuminate\\Pipeline\\Pipeline->Illuminate\\Pipeline\\{closure}(Object(Illuminate\\Http\\Request))
#22 C:\\Users\\eriko\\OneDrive\\Desktop\\VolleyGiocare2.0\\VolleyServe\\vendor\\laravel\\framework\\src\\Illuminate\\Pipeline\\Pipeline.php(171): Illuminate\\Routing\\Middleware\\SubstituteBindings->handle(Object(Illuminate\\Http\\Request), Object(Closure))
#23 C:\\Users\\eriko\\OneDrive\\Desktop\\VolleyGiocare2.0\\VolleyServe\\vendor\\laravel\\framework\\src\\Illuminate\\Foundation\\Http\\Middleware\\VerifyCsrfToken.php(76): Illuminate\\Pipeline\\Pipeline->Illuminate\\Pipeline\\{closure}(Object(Illuminate\\Http\\Request))
#24 C:\\Users\\eriko\\OneDrive\\Desktop\\VolleyGiocare2.0\\VolleyServe\\vendor\\laravel\\framework\\src\\Illuminate\\Pipeline\\Pipeline.php(171): Illuminate\\Foundation\\Http\\Middleware\\VerifyCsrfToken->handle(Object(Illuminate\\Http\\Request), Object(Closure))
#25 C:\\Users\\eriko\\OneDrive\\Desktop\\VolleyGiocare2.0\\VolleyServe\\vendor\\laravel\\framework\\src\\Illuminate\\View\\Middleware\\ShareErrorsFromSession.php(49): Illuminate\\Pipeline\\Pipeline->Illuminate\\Pipeline\\{closure}(Object(Illuminate\\Http\\Request))
#26 C:\\Users\\eriko\\OneDrive\\Desktop\\VolleyGiocare2.0\\VolleyServe\\vendor\\laravel\\framework\\src\\Illuminate\\Pipeline\\Pipeline.php(171): Illuminate\\View\\Middleware\\ShareErrorsFromSession->handle(Object(Illuminate\\Http\\Request), Object(Closure))
#27 C:\\Users\\eriko\\OneDrive\\Desktop\\VolleyGiocare2.0\\VolleyServe\\vendor\\laravel\\framework\\src\\Illuminate\\Session\\Middleware\\StartSession.php(56): Illuminate\\Pipeline\\Pipeline->Illuminate\\Pipeline\\{closure}(Object(Illuminate\\Http\\Request))
#28 C:\\Users\\eriko\\OneDrive\\Desktop\\VolleyGiocare2.0\\VolleyServe\\vendor\\laravel\\framework\\src\\Illuminate\\Pipeline\\Pipeline.php(171): Illuminate\\Session\\Middleware\\StartSession->handle(Object(Illuminate\\Http\\Request), Object(Closure))
#29 C:\\Users\\eriko\\OneDrive\\Desktop\\VolleyGiocare2.0\\VolleyServe\\vendor\\laravel\\framework\\src\\Illuminate\\Cookie\\Middleware\\AddQueuedCookiesToResponse.php(37): Illuminate\\Pipeline\\Pipeline->Illuminate\\Pipeline\\{closure}(Object(Illuminate\\Http\\Request))
#30 C:\\Users\\eriko\\OneDrive\\Desktop\\VolleyGiocare2.0\\VolleyServe\\vendor\\laravel\\framework\\src\\Illuminate\\Pipeline\\Pipeline.php(171): Illuminate\\Cookie\\Middleware\\AddQueuedCookiesToResponse->handle(Object(Illuminate\\Http\\Request), Object(Closure))
#31 C:\\Users\\eriko\\OneDrive\\Desktop\\VolleyGiocare2.0\\VolleyServe\\vendor\\laravel\\framework\\src\\Illuminate\\Cookie\\Middleware\\EncryptCookies.php(66): Illuminate\\Pipeline\\Pipeline->Illuminate\\Pipeline\\{closure}(Object(Illuminate\\Http\\Request))
#32 C:\\Users\\eriko\\OneDrive\\Desktop\\VolleyGiocare2.0\\VolleyServe\\vendor\\laravel\\framework\\src\\Illuminate\\Pipeline\\Pipeline.php(171): Illuminate\\Cookie\\Middleware\\EncryptCookies->handle(Object(Illuminate\\Http\\Request), Object(Closure))
#33 C:\\Users\\eriko\\OneDrive\\Desktop\\VolleyGiocare2.0\\VolleyServe\\vendor\\laravel\\framework\\src\\Illuminate\\Pipeline\\Pipeline.php(105): Illuminate\\Pipeline\\Pipeline->Illuminate\\Pipeline\\{closure}(Object(Illuminate\\Http\\Request))
#34 C:\\Users\\eriko\\OneDrive\\Desktop\\VolleyGiocare2.0\\VolleyServe\\vendor\\laravel\\framework\\src\\Illuminate\\Routing\\Router.php(682): Illuminate\\Pipeline\\Pipeline->then(Object(Closure))
#35 C:\\Users\\eriko\\OneDrive\\Desktop\\VolleyGiocare2.0\\VolleyServe\\vendor\\laravel\\framework\\src\\Illuminate\\Routing\\Router.php(657): Illuminate\\Routing\\Router->runRouteWithinStack(Object(Illuminate\\Routing\\Route), Object(Illuminate\\Http\\Request))
#36 C:\\Users\\eriko\\OneDrive\\Desktop\\VolleyGiocare2.0\\VolleyServe\\vendor\\laravel\\framework\\src\\Illuminate\\Routing\\Router.php(623): Illuminate\\Routing\\Router->runRoute(Object(Illuminate\\Http\\Request), Object(Illuminate\\Routing\\Route))
#37 C:\\Users\\eriko\\OneDrive\\Desktop\\VolleyGiocare2.0\\VolleyServe\\vendor\\laravel\\framework\\src\\Illuminate\\Routing\\Router.php(612): Illuminate\\Routing\\Router->dispatchToRoute(Object(Illuminate\\Http\\Request))
#38 C:\\Users\\eriko\\OneDrive\\Desktop\\VolleyGiocare2.0\\VolleyServe\\vendor\\laravel\\framework\\src\\Illuminate\\Foundation\\Http\\Kernel.php(176): Illuminate\\Routing\\Router->dispatch(Object(Illuminate\\Http\\Request))
#39 C:\\Users\\eriko\\OneDrive\\Desktop\\VolleyGiocare2.0\\VolleyServe\\vendor\\laravel\\framework\\src\\Illuminate\\Pipeline\\Pipeline.php(130): Illuminate\\Foundation\\Http\\Kernel->Illuminate\\Foundation\\Http\\{closure}(Object(Illuminate\\Http\\Request))
#40 C:\\Users\\eriko\\OneDrive\\Desktop\\VolleyGiocare2.0\\VolleyServe\\vendor\\laravel\\framework\\src\\Illuminate\\Foundation\\Http\\Middleware\\TransformsRequest.php(21): Illuminate\\Pipeline\\Pipeline->Illuminate\\Pipeline\\{closure}(Object(Illuminate\\Http\\Request))
#41 C:\\Users\\eriko\\OneDrive\\Desktop\\VolleyGiocare2.0\\VolleyServe\\vendor\\laravel\\framework\\src\\Illuminate\\Pipeline\\Pipeline.php(171): Illuminate\\Foundation\\Http\\Middleware\\TransformsRequest->handle(Object(Illuminate\\Http\\Request), Object(Closure))
#42 C:\\Users\\eriko\\OneDrive\\Desktop\\VolleyGiocare2.0\\VolleyServe\\vendor\\laravel\\framework\\src\\Illuminate\\Foundation\\Http\\Middleware\\TransformsRequest.php(21): Illuminate\\Pipeline\\Pipeline->Illuminate\\Pipeline\\{closure}(Object(Illuminate\\Http\\Request))
#43 C:\\Users\\eriko\\OneDrive\\Desktop\\VolleyGiocare2.0\\VolleyServe\\vendor\\laravel\\framework\\src\\Illuminate\\Pipeline\\Pipeline.php(171): Illuminate\\Foundation\\Http\\Middleware\\TransformsRequest->handle(Object(Illuminate\\Http\\Request), Object(Closure))
#44 C:\\Users\\eriko\\OneDrive\\Desktop\\VolleyGiocare2.0\\VolleyServe\\vendor\\laravel\\framework\\src\\Illuminate\\Foundation\\Http\\Middleware\\ValidatePostSize.php(27): Illuminate\\Pipeline\\Pipeline->Illuminate\\Pipeline\\{closure}(Object(Illuminate\\Http\\Request))
#45 C:\\Users\\eriko\\OneDrive\\Desktop\\VolleyGiocare2.0\\VolleyServe\\vendor\\laravel\\framework\\src\\Illuminate\\Pipeline\\Pipeline.php(171): Illuminate\\Foundation\\Http\\Middleware\\ValidatePostSize->handle(Object(Illuminate\\Http\\Request), Object(Closure))
#46 C:\\Users\\eriko\\OneDrive\\Desktop\\VolleyGiocare2.0\\VolleyServe\\vendor\\laravel\\framework\\src\\Illuminate\\Foundation\\Http\\Middleware\\CheckForMaintenanceMode.php(62): Illuminate\\Pipeline\\Pipeline->Illuminate\\Pipeline\\{closure}(Object(Illuminate\\Http\\Request))
#47 C:\\Users\\eriko\\OneDrive\\Desktop\\VolleyGiocare2.0\\VolleyServe\\vendor\\laravel\\framework\\src\\Illuminate\\Pipeline\\Pipeline.php(171): Illuminate\\Foundation\\Http\\Middleware\\CheckForMaintenanceMode->handle(Object(Illuminate\\Http\\Request), Object(Closure))
#48 C:\\Users\\eriko\\OneDrive\\Desktop\\VolleyGiocare2.0\\VolleyServe\\vendor\\fideloper\\proxy\\src\\TrustProxies.php(57): Illuminate\\Pipeline\\Pipeline->Illuminate\\Pipeline\\{closure}(Object(Illuminate\\Http\\Request))
#49 C:\\Users\\eriko\\OneDrive\\Desktop\\VolleyGiocare2.0\\VolleyServe\\vendor\\laravel\\framework\\src\\Illuminate\\Pipeline\\Pipeline.php(171): Fideloper\\Proxy\\TrustProxies->handle(Object(Illuminate\\Http\\Request), Object(Closure))
#50 C:\\Users\\eriko\\OneDrive\\Desktop\\VolleyGiocare2.0\\VolleyServe\\vendor\\laravel\\framework\\src\\Illuminate\\Pipeline\\Pipeline.php(105): Illuminate\\Pipeline\\Pipeline->Illuminate\\Pipeline\\{closure}(Object(Illuminate\\Http\\Request))
#51 C:\\Users\\eriko\\OneDrive\\Desktop\\VolleyGiocare2.0\\VolleyServe\\vendor\\laravel\\framework\\src\\Illuminate\\Foundation\\Http\\Kernel.php(151): Illuminate\\Pipeline\\Pipeline->then(Object(Closure))
#52 C:\\Users\\eriko\\OneDrive\\Desktop\\VolleyGiocare2.0\\VolleyServe\\vendor\\laravel\\framework\\src\\Illuminate\\Foundation\\Http\\Kernel.php(116): Illuminate\\Foundation\\Http\\Kernel->sendRequestThroughRouter(Object(Illuminate\\Http\\Request))
#53 C:\\Users\\eriko\\OneDrive\\Desktop\\VolleyGiocare2.0\\VolleyServe\\public\\index.php(55): Illuminate\\Foundation\\Http\\Kernel->handle(Object(Illuminate\\Http\\Request))
#54 C:\\Users\\eriko\\OneDrive\\Desktop\\VolleyGiocare2.0\\VolleyServe\\server.php(21): require_once('C:\\\\Users\\\\eriko\\\\...')
#55 {main}
"} 
[2019-11-13 15:59:27] local.ERROR: SQLSTATE[23000]: Integrity constraint violation: 1052 Column 'id' in order clause is ambiguous (SQL: select * from `match` inner join `users` on `match`.`organizzatore` = `users`.`id` order by `id` desc) {"exception":"[object] (Illuminate\\Database\\QueryException(code: 23000): SQLSTATE[23000]: Integrity constraint violation: 1052 Column 'id' in order clause is ambiguous (SQL: select * from `match` inner join `users` on `match`.`organizzatore` = `users`.`id` order by `id` desc) at C:\\Users\\eriko\\OneDrive\\Desktop\\VolleyGiocare2.0\\VolleyServe\\vendor\\laravel\\framework\\src\\Illuminate\\Database\\Connection.php:665)
[stacktrace]
#0 C:\\Users\\eriko\\OneDrive\\Desktop\\VolleyGiocare2.0\\VolleyServe\\vendor\\laravel\\framework\\src\\Illuminate\\Database\\Connection.php(625): Illuminate\\Database\\Connection->runQueryCallback('select * from `...', Array, Object(Closure))
#1 C:\\Users\\eriko\\OneDrive\\Desktop\\VolleyGiocare2.0\\VolleyServe\\vendor\\laravel\\framework\\src\\Illuminate\\Database\\Connection.php(334): Illuminate\\Database\\Connection->run('select * from `...', Array, Object(Closure))
#2 C:\\Users\\eriko\\OneDrive\\Desktop\\VolleyGiocare2.0\\VolleyServe\\vendor\\laravel\\framework\\src\\Illuminate\\Database\\Query\\Builder.php(2140): Illuminate\\Database\\Connection->select('select * from `...', Array, true)
#3 C:\\Users\\eriko\\OneDrive\\Desktop\\VolleyGiocare2.0\\VolleyServe\\vendor\\laravel\\framework\\src\\Illuminate\\Database\\Query\\Builder.php(2128): Illuminate\\Database\\Query\\Builder->runSelect()
#4 C:\\Users\\eriko\\OneDrive\\Desktop\\VolleyGiocare2.0\\VolleyServe\\vendor\\laravel\\framework\\src\\Illuminate\\Database\\Query\\Builder.php(2572): Illuminate\\Database\\Query\\Builder->Illuminate\\Database\\Query\\{closure}()
#5 C:\\Users\\eriko\\OneDrive\\Desktop\\VolleyGiocare2.0\\VolleyServe\\vendor\\laravel\\framework\\src\\Illuminate\\Database\\Query\\Builder.php(2129): Illuminate\\Database\\Query\\Builder->onceWithColumns(Array, Object(Closure))
#6 C:\\Users\\eriko\\OneDrive\\Desktop\\VolleyGiocare2.0\\VolleyServe\\app\\Http\\Controllers\\matchesController.php(15): Illuminate\\Database\\Query\\Builder->get()
#7 [internal function]: App\\Http\\Controllers\\matchesController->listmatches()
#8 C:\\Users\\eriko\\OneDrive\\Desktop\\VolleyGiocare2.0\\VolleyServe\\vendor\\laravel\\framework\\src\\Illuminate\\Routing\\Controller.php(54): call_user_func_array(Array, Array)
#9 C:\\Users\\eriko\\OneDrive\\Desktop\\VolleyGiocare2.0\\VolleyServe\\vendor\\laravel\\framework\\src\\Illuminate\\Routing\\ControllerDispatcher.php(45): Illuminate\\Routing\\Controller->callAction('listmatches', Array)
#10 C:\\Users\\eriko\\OneDrive\\Desktop\\VolleyGiocare2.0\\VolleyServe\\vendor\\laravel\\framework\\src\\Illuminate\\Routing\\Route.php(219): Illuminate\\Routing\\ControllerDispatcher->dispatch(Object(Illuminate\\Routing\\Route), Object(App\\Http\\Controllers\\matchesController), 'listmatches')
#11 C:\\Users\\eriko\\OneDrive\\Desktop\\VolleyGiocare2.0\\VolleyServe\\vendor\\laravel\\framework\\src\\Illuminate\\Routing\\Route.php(176): Illuminate\\Routing\\Route->runController()
#12 C:\\Users\\eriko\\OneDrive\\Desktop\\VolleyGiocare2.0\\VolleyServe\\vendor\\laravel\\framework\\src\\Illuminate\\Routing\\Router.php(680): Illuminate\\Routing\\Route->run()
#13 C:\\Users\\eriko\\OneDrive\\Desktop\\VolleyGiocare2.0\\VolleyServe\\vendor\\laravel\\framework\\src\\Illuminate\\Pipeline\\Pipeline.php(130): Illuminate\\Routing\\Router->Illuminate\\Routing\\{closure}(Object(Illuminate\\Http\\Request))
#14 C:\\Users\\eriko\\OneDrive\\Desktop\\VolleyGiocare2.0\\VolleyServe\\vendor\\laravel\\framework\\src\\Illuminate\\Routing\\Middleware\\SubstituteBindings.php(41): Illuminate\\Pipeline\\Pipeline->Illuminate\\Pipeline\\{closure}(Object(Illuminate\\Http\\Request))
#15 C:\\Users\\eriko\\OneDrive\\Desktop\\VolleyGiocare2.0\\VolleyServe\\vendor\\laravel\\framework\\src\\Illuminate\\Pipeline\\Pipeline.php(171): Illuminate\\Routing\\Middleware\\SubstituteBindings->handle(Object(Illuminate\\Http\\Request), Object(Closure))
#16 C:\\Users\\eriko\\OneDrive\\Desktop\\VolleyGiocare2.0\\VolleyServe\\vendor\\laravel\\framework\\src\\Illuminate\\Foundation\\Http\\Middleware\\VerifyCsrfToken.php(76): Illuminate\\Pipeline\\Pipeline->Illuminate\\Pipeline\\{closure}(Object(Illuminate\\Http\\Request))
#17 C:\\Users\\eriko\\OneDrive\\Desktop\\VolleyGiocare2.0\\VolleyServe\\vendor\\laravel\\framework\\src\\Illuminate\\Pipeline\\Pipeline.php(171): Illuminate\\Foundation\\Http\\Middleware\\VerifyCsrfToken->handle(Object(Illuminate\\Http\\Request), Object(Closure))
#18 C:\\Users\\eriko\\OneDrive\\Desktop\\VolleyGiocare2.0\\VolleyServe\\vendor\\laravel\\framework\\src\\Illuminate\\View\\Middleware\\ShareErrorsFromSession.php(49): Illuminate\\Pipeline\\Pipeline->Illuminate\\Pipeline\\{closure}(Object(Illuminate\\Http\\Request))
#19 C:\\Users\\eriko\\OneDrive\\Desktop\\VolleyGiocare2.0\\VolleyServe\\vendor\\laravel\\framework\\src\\Illuminate\\Pipeline\\Pipeline.php(171): Illuminate\\View\\Middleware\\ShareErrorsFromSession->handle(Object(Illuminate\\Http\\Request), Object(Closure))
#20 C:\\Users\\eriko\\OneDrive\\Desktop\\VolleyGiocare2.0\\VolleyServe\\vendor\\laravel\\framework\\src\\Illuminate\\Session\\Middleware\\StartSession.php(56): Illuminate\\Pipeline\\Pipeline->Illuminate\\Pipeline\\{closure}(Object(Illuminate\\Http\\Request))
#21 C:\\Users\\eriko\\OneDrive\\Desktop\\VolleyGiocare2.0\\VolleyServe\\vendor\\laravel\\framework\\src\\Illuminate\\Pipeline\\Pipeline.php(171): Illuminate\\Session\\Middleware\\StartSession->handle(Object(Illuminate\\Http\\Request), Object(Closure))
#22 C:\\Users\\eriko\\OneDrive\\Desktop\\VolleyGiocare2.0\\VolleyServe\\vendor\\laravel\\framework\\src\\Illuminate\\Cookie\\Middleware\\AddQueuedCookiesToResponse.php(37): Illuminate\\Pipeline\\Pipeline->Illuminate\\Pipeline\\{closure}(Object(Illuminate\\Http\\Request))
#23 C:\\Users\\eriko\\OneDrive\\Desktop\\VolleyGiocare2.0\\VolleyServe\\vendor\\laravel\\framework\\src\\Illuminate\\Pipeline\\Pipeline.php(171): Illuminate\\Cookie\\Middleware\\AddQueuedCookiesToResponse->handle(Object(Illuminate\\Http\\Request), Object(Closure))
#24 C:\\Users\\eriko\\OneDrive\\Desktop\\VolleyGiocare2.0\\VolleyServe\\vendor\\laravel\\framework\\src\\Illuminate\\Cookie\\Middleware\\EncryptCookies.php(66): Illuminate\\Pipeline\\Pipeline->Illuminate\\Pipeline\\{closure}(Object(Illuminate\\Http\\Request))
#25 C:\\Users\\eriko\\OneDrive\\Desktop\\VolleyGiocare2.0\\VolleyServe\\vendor\\laravel\\framework\\src\\Illuminate\\Pipeline\\Pipeline.php(171): Illuminate\\Cookie\\Middleware\\EncryptCookies->handle(Object(Illuminate\\Http\\Request), Object(Closure))
#26 C:\\Users\\eriko\\OneDrive\\Desktop\\VolleyGiocare2.0\\VolleyServe\\vendor\\laravel\\framework\\src\\Illuminate\\Pipeline\\Pipeline.php(105): Illuminate\\Pipeline\\Pipeline->Illuminate\\Pipeline\\{closure}(Object(Illuminate\\Http\\Request))
#27 C:\\Users\\eriko\\OneDrive\\Desktop\\VolleyGiocare2.0\\VolleyServe\\vendor\\laravel\\framework\\src\\Illuminate\\Routing\\Router.php(682): Illuminate\\Pipeline\\Pipeline->then(Object(Closure))
#28 C:\\Users\\eriko\\OneDrive\\Desktop\\VolleyGiocare2.0\\VolleyServe\\vendor\\laravel\\framework\\src\\Illuminate\\Routing\\Router.php(657): Illuminate\\Routing\\Router->runRouteWithinStack(Object(Illuminate\\Routing\\Route), Object(Illuminate\\Http\\Request))
#29 C:\\Users\\eriko\\OneDrive\\Desktop\\VolleyGiocare2.0\\VolleyServe\\vendor\\laravel\\framework\\src\\Illuminate\\Routing\\Router.php(623): Illuminate\\Routing\\Router->runRoute(Object(Illuminate\\Http\\Request), Object(Illuminate\\Routing\\Route))
#30 C:\\Users\\eriko\\OneDrive\\Desktop\\VolleyGiocare2.0\\VolleyServe\\vendor\\laravel\\framework\\src\\Illuminate\\Routing\\Router.php(612): Illuminate\\Routing\\Router->dispatchToRoute(Object(Illuminate\\Http\\Request))
#31 C:\\Users\\eriko\\OneDrive\\Desktop\\VolleyGiocare2.0\\VolleyServe\\vendor\\laravel\\framework\\src\\Illuminate\\Foundation\\Http\\Kernel.php(176): Illuminate\\Routing\\Router->dispatch(Object(Illuminate\\Http\\Request))
#32 C:\\Users\\eriko\\OneDrive\\Desktop\\VolleyGiocare2.0\\VolleyServe\\vendor\\laravel\\framework\\src\\Illuminate\\Pipeline\\Pipeline.php(130): Illuminate\\Foundation\\Http\\Kernel->Illuminate\\Foundation\\Http\\{closure}(Object(Illuminate\\Http\\Request))
#33 C:\\Users\\eriko\\OneDrive\\Desktop\\VolleyGiocare2.0\\VolleyServe\\vendor\\laravel\\framework\\src\\Illuminate\\Foundation\\Http\\Middleware\\TransformsRequest.php(21): Illuminate\\Pipeline\\Pipeline->Illuminate\\Pipeline\\{closure}(Object(Illuminate\\Http\\Request))
#34 C:\\Users\\eriko\\OneDrive\\Desktop\\VolleyGiocare2.0\\VolleyServe\\vendor\\laravel\\framework\\src\\Illuminate\\Pipeline\\Pipeline.php(171): Illuminate\\Foundation\\Http\\Middleware\\TransformsRequest->handle(Object(Illuminate\\Http\\Request), Object(Closure))
#35 C:\\Users\\eriko\\OneDrive\\Desktop\\VolleyGiocare2.0\\VolleyServe\\vendor\\laravel\\framework\\src\\Illuminate\\Foundation\\Http\\Middleware\\TransformsRequest.php(21): Illuminate\\Pipeline\\Pipeline->Illuminate\\Pipeline\\{closure}(Object(Illuminate\\Http\\Request))
#36 C:\\Users\\eriko\\OneDrive\\Desktop\\VolleyGiocare2.0\\VolleyServe\\vendor\\laravel\\framework\\src\\Illuminate\\Pipeline\\Pipeline.php(171): Illuminate\\Foundation\\Http\\Middleware\\TransformsRequest->handle(Object(Illuminate\\Http\\Request), Object(Closure))
#37 C:\\Users\\eriko\\OneDrive\\Desktop\\VolleyGiocare2.0\\VolleyServe\\vendor\\laravel\\framework\\src\\Illuminate\\Foundation\\Http\\Middleware\\ValidatePostSize.php(27): Illuminate\\Pipeline\\Pipeline->Illuminate\\Pipeline\\{closure}(Object(Illuminate\\Http\\Request))
#38 C:\\Users\\eriko\\OneDrive\\Desktop\\VolleyGiocare2.0\\VolleyServe\\vendor\\laravel\\framework\\src\\Illuminate\\Pipeline\\Pipeline.php(171): Illuminate\\Foundation\\Http\\Middleware\\ValidatePostSize->handle(Object(Illuminate\\Http\\Request), Object(Closure))
#39 C:\\Users\\eriko\\OneDrive\\Desktop\\VolleyGiocare2.0\\VolleyServe\\vendor\\laravel\\framework\\src\\Illuminate\\Foundation\\Http\\Middleware\\CheckForMaintenanceMode.php(62): Illuminate\\Pipeline\\Pipeline->Illuminate\\Pipeline\\{closure}(Object(Illuminate\\Http\\Request))
#40 C:\\Users\\eriko\\OneDrive\\Desktop\\VolleyGiocare2.0\\VolleyServe\\vendor\\laravel\\framework\\src\\Illuminate\\Pipeline\\Pipeline.php(171): Illuminate\\Foundation\\Http\\Middleware\\CheckForMaintenanceMode->handle(Object(Illuminate\\Http\\Request), Object(Closure))
#41 C:\\Users\\eriko\\OneDrive\\Desktop\\VolleyGiocare2.0\\VolleyServe\\vendor\\fideloper\\proxy\\src\\TrustProxies.php(57): Illuminate\\Pipeline\\Pipeline->Illuminate\\Pipeline\\{closure}(Object(Illuminate\\Http\\Request))
#42 C:\\Users\\eriko\\OneDrive\\Desktop\\VolleyGiocare2.0\\VolleyServe\\vendor\\laravel\\framework\\src\\Illuminate\\Pipeline\\Pipeline.php(171): Fideloper\\Proxy\\TrustProxies->handle(Object(Illuminate\\Http\\Request), Object(Closure))
#43 C:\\Users\\eriko\\OneDrive\\Desktop\\VolleyGiocare2.0\\VolleyServe\\vendor\\laravel\\framework\\src\\Illuminate\\Pipeline\\Pipeline.php(105): Illuminate\\Pipeline\\Pipeline->Illuminate\\Pipeline\\{closure}(Object(Illuminate\\Http\\Request))
#44 C:\\Users\\eriko\\OneDrive\\Desktop\\VolleyGiocare2.0\\VolleyServe\\vendor\\laravel\\framework\\src\\Illuminate\\Foundation\\Http\\Kernel.php(151): Illuminate\\Pipeline\\Pipeline->then(Object(Closure))
#45 C:\\Users\\eriko\\OneDrive\\Desktop\\VolleyGiocare2.0\\VolleyServe\\vendor\\laravel\\framework\\src\\Illuminate\\Foundation\\Http\\Kernel.php(116): Illuminate\\Foundation\\Http\\Kernel->sendRequestThroughRouter(Object(Illuminate\\Http\\Request))
#46 C:\\Users\\eriko\\OneDrive\\Desktop\\VolleyGiocare2.0\\VolleyServe\\public\\index.php(55): Illuminate\\Foundation\\Http\\Kernel->handle(Object(Illuminate\\Http\\Request))
#47 C:\\Users\\eriko\\OneDrive\\Desktop\\VolleyGiocare2.0\\VolleyServe\\server.php(21): require_once('C:\\\\Users\\\\eriko\\\\...')
#48 {main}

[previous exception] [object] (PDOException(code: 23000): SQLSTATE[23000]: Integrity constraint violation: 1052 Column 'id' in order clause is ambiguous at C:\\Users\\eriko\\OneDrive\\Desktop\\VolleyGiocare2.0\\VolleyServe\\vendor\\laravel\\framework\\src\\Illuminate\\Database\\Connection.php:327)
[stacktrace]
#0 C:\\Users\\eriko\\OneDrive\\Desktop\\VolleyGiocare2.0\\VolleyServe\\vendor\\laravel\\framework\\src\\Illuminate\\Database\\Connection.php(327): PDO->prepare('select * from `...')
#1 C:\\Users\\eriko\\OneDrive\\Desktop\\VolleyGiocare2.0\\VolleyServe\\vendor\\laravel\\framework\\src\\Illuminate\\Database\\Connection.php(658): Illuminate\\Database\\Connection->Illuminate\\Database\\{closure}('select * from `...', Array)
#2 C:\\Users\\eriko\\OneDrive\\Desktop\\VolleyGiocare2.0\\VolleyServe\\vendor\\laravel\\framework\\src\\Illuminate\\Database\\Connection.php(625): Illuminate\\Database\\Connection->runQueryCallback('select * from `...', Array, Object(Closure))
#3 C:\\Users\\eriko\\OneDrive\\Desktop\\VolleyGiocare2.0\\VolleyServe\\vendor\\laravel\\framework\\src\\Illuminate\\Database\\Connection.php(334): Illuminate\\Database\\Connection->run('select * from `...', Array, Object(Closure))
#4 C:\\Users\\eriko\\OneDrive\\Desktop\\VolleyGiocare2.0\\VolleyServe\\vendor\\laravel\\framework\\src\\Illuminate\\Database\\Query\\Builder.php(2140): Illuminate\\Database\\Connection->select('select * from `...', Array, true)
#5 C:\\Users\\eriko\\OneDrive\\Desktop\\VolleyGiocare2.0\\VolleyServe\\vendor\\laravel\\framework\\src\\Illuminate\\Database\\Query\\Builder.php(2128): Illuminate\\Database\\Query\\Builder->runSelect()
#6 C:\\Users\\eriko\\OneDrive\\Desktop\\VolleyGiocare2.0\\VolleyServe\\vendor\\laravel\\framework\\src\\Illuminate\\Database\\Query\\Builder.php(2572): Illuminate\\Database\\Query\\Builder->Illuminate\\Database\\Query\\{closure}()
#7 C:\\Users\\eriko\\OneDrive\\Desktop\\VolleyGiocare2.0\\VolleyServe\\vendor\\laravel\\framework\\src\\Illuminate\\Database\\Query\\Builder.php(2129): Illuminate\\Database\\Query\\Builder->onceWithColumns(Array, Object(Closure))
#8 C:\\Users\\eriko\\OneDrive\\Desktop\\VolleyGiocare2.0\\VolleyServe\\app\\Http\\Controllers\\matchesController.php(15): Illuminate\\Database\\Query\\Builder->get()
#9 [internal function]: App\\Http\\Controllers\\matchesController->listmatches()
#10 C:\\Users\\eriko\\OneDrive\\Desktop\\VolleyGiocare2.0\\VolleyServe\\vendor\\laravel\\framework\\src\\Illuminate\\Routing\\Controller.php(54): call_user_func_array(Array, Array)
#11 C:\\Users\\eriko\\OneDrive\\Desktop\\VolleyGiocare2.0\\VolleyServe\\vendor\\laravel\\framework\\src\\Illuminate\\Routing\\ControllerDispatcher.php(45): Illuminate\\Routing\\Controller->callAction('listmatches', Array)
#12 C:\\Users\\eriko\\OneDrive\\Desktop\\VolleyGiocare2.0\\VolleyServe\\vendor\\laravel\\framework\\src\\Illuminate\\Routing\\Route.php(219): Illuminate\\Routing\\ControllerDispatcher->dispatch(Object(Illuminate\\Routing\\Route), Object(App\\Http\\Controllers\\matchesController), 'listmatches')
#13 C:\\Users\\eriko\\OneDrive\\Desktop\\VolleyGiocare2.0\\VolleyServe\\vendor\\laravel\\framework\\src\\Illuminate\\Routing\\Route.php(176): Illuminate\\Routing\\Route->runController()
#14 C:\\Users\\eriko\\OneDrive\\Desktop\\VolleyGiocare2.0\\VolleyServe\\vendor\\laravel\\framework\\src\\Illuminate\\Routing\\Router.php(680): Illuminate\\Routing\\Route->run()
#15 C:\\Users\\eriko\\OneDrive\\Desktop\\VolleyGiocare2.0\\VolleyServe\\vendor\\laravel\\framework\\src\\Illuminate\\Pipeline\\Pipeline.php(130): Illuminate\\Routing\\Router->Illuminate\\Routing\\{closure}(Object(Illuminate\\Http\\Request))
#16 C:\\Users\\eriko\\OneDrive\\Desktop\\VolleyGiocare2.0\\VolleyServe\\vendor\\laravel\\framework\\src\\Illuminate\\Routing\\Middleware\\SubstituteBindings.php(41): Illuminate\\Pipeline\\Pipeline->Illuminate\\Pipeline\\{closure}(Object(Illuminate\\Http\\Request))
#17 C:\\Users\\eriko\\OneDrive\\Desktop\\VolleyGiocare2.0\\VolleyServe\\vendor\\laravel\\framework\\src\\Illuminate\\Pipeline\\Pipeline.php(171): Illuminate\\Routing\\Middleware\\SubstituteBindings->handle(Object(Illuminate\\Http\\Request), Object(Closure))
#18 C:\\Users\\eriko\\OneDrive\\Desktop\\VolleyGiocare2.0\\VolleyServe\\vendor\\laravel\\framework\\src\\Illuminate\\Foundation\\Http\\Middleware\\VerifyCsrfToken.php(76): Illuminate\\Pipeline\\Pipeline->Illuminate\\Pipeline\\{closure}(Object(Illuminate\\Http\\Request))
#19 C:\\Users\\eriko\\OneDrive\\Desktop\\VolleyGiocare2.0\\VolleyServe\\vendor\\laravel\\framework\\src\\Illuminate\\Pipeline\\Pipeline.php(171): Illuminate\\Foundation\\Http\\Middleware\\VerifyCsrfToken->handle(Object(Illuminate\\Http\\Request), Object(Closure))
#20 C:\\Users\\eriko\\OneDrive\\Desktop\\VolleyGiocare2.0\\VolleyServe\\vendor\\laravel\\framework\\src\\Illuminate\\View\\Middleware\\ShareErrorsFromSession.php(49): Illuminate\\Pipeline\\Pipeline->Illuminate\\Pipeline\\{closure}(Object(Illuminate\\Http\\Request))
#21 C:\\Users\\eriko\\OneDrive\\Desktop\\VolleyGiocare2.0\\VolleyServe\\vendor\\laravel\\framework\\src\\Illuminate\\Pipeline\\Pipeline.php(171): Illuminate\\View\\Middleware\\ShareErrorsFromSession->handle(Object(Illuminate\\Http\\Request), Object(Closure))
#22 C:\\Users\\eriko\\OneDrive\\Desktop\\VolleyGiocare2.0\\VolleyServe\\vendor\\laravel\\framework\\src\\Illuminate\\Session\\Middleware\\StartSession.php(56): Illuminate\\Pipeline\\Pipeline->Illuminate\\Pipeline\\{closure}(Object(Illuminate\\Http\\Request))
#23 C:\\Users\\eriko\\OneDrive\\Desktop\\VolleyGiocare2.0\\VolleyServe\\vendor\\laravel\\framework\\src\\Illuminate\\Pipeline\\Pipeline.php(171): Illuminate\\Session\\Middleware\\StartSession->handle(Object(Illuminate\\Http\\Request), Object(Closure))
#24 C:\\Users\\eriko\\OneDrive\\Desktop\\VolleyGiocare2.0\\VolleyServe\\vendor\\laravel\\framework\\src\\Illuminate\\Cookie\\Middleware\\AddQueuedCookiesToResponse.php(37): Illuminate\\Pipeline\\Pipeline->Illuminate\\Pipeline\\{closure}(Object(Illuminate\\Http\\Request))
#25 C:\\Users\\eriko\\OneDrive\\Desktop\\VolleyGiocare2.0\\VolleyServe\\vendor\\laravel\\framework\\src\\Illuminate\\Pipeline\\Pipeline.php(171): Illuminate\\Cookie\\Middleware\\AddQueuedCookiesToResponse->handle(Object(Illuminate\\Http\\Request), Object(Closure))
#26 C:\\Users\\eriko\\OneDrive\\Desktop\\VolleyGiocare2.0\\VolleyServe\\vendor\\laravel\\framework\\src\\Illuminate\\Cookie\\Middleware\\EncryptCookies.php(66): Illuminate\\Pipeline\\Pipeline->Illuminate\\Pipeline\\{closure}(Object(Illuminate\\Http\\Request))
#27 C:\\Users\\eriko\\OneDrive\\Desktop\\VolleyGiocare2.0\\VolleyServe\\vendor\\laravel\\framework\\src\\Illuminate\\Pipeline\\Pipeline.php(171): Illuminate\\Cookie\\Middleware\\EncryptCookies->handle(Object(Illuminate\\Http\\Request), Object(Closure))
#28 C:\\Users\\eriko\\OneDrive\\Desktop\\VolleyGiocare2.0\\VolleyServe\\vendor\\laravel\\framework\\src\\Illuminate\\Pipeline\\Pipeline.php(105): Illuminate\\Pipeline\\Pipeline->Illuminate\\Pipeline\\{closure}(Object(Illuminate\\Http\\Request))
#29 C:\\Users\\eriko\\OneDrive\\Desktop\\VolleyGiocare2.0\\VolleyServe\\vendor\\laravel\\framework\\src\\Illuminate\\Routing\\Router.php(682): Illuminate\\Pipeline\\Pipeline->then(Object(Closure))
#30 C:\\Users\\eriko\\OneDrive\\Desktop\\VolleyGiocare2.0\\VolleyServe\\vendor\\laravel\\framework\\src\\Illuminate\\Routing\\Router.php(657): Illuminate\\Routing\\Router->runRouteWithinStack(Object(Illuminate\\Routing\\Route), Object(Illuminate\\Http\\Request))
#31 C:\\Users\\eriko\\OneDrive\\Desktop\\VolleyGiocare2.0\\VolleyServe\\vendor\\laravel\\framework\\src\\Illuminate\\Routing\\Router.php(623): Illuminate\\Routing\\Router->runRoute(Object(Illuminate\\Http\\Request), Object(Illuminate\\Routing\\Route))
#32 C:\\Users\\eriko\\OneDrive\\Desktop\\VolleyGiocare2.0\\VolleyServe\\vendor\\laravel\\framework\\src\\Illuminate\\Routing\\Router.php(612): Illuminate\\Routing\\Router->dispatchToRoute(Object(Illuminate\\Http\\Request))
#33 C:\\Users\\eriko\\OneDrive\\Desktop\\VolleyGiocare2.0\\VolleyServe\\vendor\\laravel\\framework\\src\\Illuminate\\Foundation\\Http\\Kernel.php(176): Illuminate\\Routing\\Router->dispatch(Object(Illuminate\\Http\\Request))
#34 C:\\Users\\eriko\\OneDrive\\Desktop\\VolleyGiocare2.0\\VolleyServe\\vendor\\laravel\\framework\\src\\Illuminate\\Pipeline\\Pipeline.php(130): Illuminate\\Foundation\\Http\\Kernel->Illuminate\\Foundation\\Http\\{closure}(Object(Illuminate\\Http\\Request))
#35 C:\\Users\\eriko\\OneDrive\\Desktop\\VolleyGiocare2.0\\VolleyServe\\vendor\\laravel\\framework\\src\\Illuminate\\Foundation\\Http\\Middleware\\TransformsRequest.php(21): Illuminate\\Pipeline\\Pipeline->Illuminate\\Pipeline\\{closure}(Object(Illuminate\\Http\\Request))
#36 C:\\Users\\eriko\\OneDrive\\Desktop\\VolleyGiocare2.0\\VolleyServe\\vendor\\laravel\\framework\\src\\Illuminate\\Pipeline\\Pipeline.php(171): Illuminate\\Foundation\\Http\\Middleware\\TransformsRequest->handle(Object(Illuminate\\Http\\Request), Object(Closure))
#37 C:\\Users\\eriko\\OneDrive\\Desktop\\VolleyGiocare2.0\\VolleyServe\\vendor\\laravel\\framework\\src\\Illuminate\\Foundation\\Http\\Middleware\\TransformsRequest.php(21): Illuminate\\Pipeline\\Pipeline->Illuminate\\Pipeline\\{closure}(Object(Illuminate\\Http\\Request))
#38 C:\\Users\\eriko\\OneDrive\\Desktop\\VolleyGiocare2.0\\VolleyServe\\vendor\\laravel\\framework\\src\\Illuminate\\Pipeline\\Pipeline.php(171): Illuminate\\Foundation\\Http\\Middleware\\TransformsRequest->handle(Object(Illuminate\\Http\\Request), Object(Closure))
#39 C:\\Users\\eriko\\OneDrive\\Desktop\\VolleyGiocare2.0\\VolleyServe\\vendor\\laravel\\framework\\src\\Illuminate\\Foundation\\Http\\Middleware\\ValidatePostSize.php(27): Illuminate\\Pipeline\\Pipeline->Illuminate\\Pipeline\\{closure}(Object(Illuminate\\Http\\Request))
#40 C:\\Users\\eriko\\OneDrive\\Desktop\\VolleyGiocare2.0\\VolleyServe\\vendor\\laravel\\framework\\src\\Illuminate\\Pipeline\\Pipeline.php(171): Illuminate\\Foundation\\Http\\Middleware\\ValidatePostSize->handle(Object(Illuminate\\Http\\Request), Object(Closure))
#41 C:\\Users\\eriko\\OneDrive\\Desktop\\VolleyGiocare2.0\\VolleyServe\\vendor\\laravel\\framework\\src\\Illuminate\\Foundation\\Http\\Middleware\\CheckForMaintenanceMode.php(62): Illuminate\\Pipeline\\Pipeline->Illuminate\\Pipeline\\{closure}(Object(Illuminate\\Http\\Request))
#42 C:\\Users\\eriko\\OneDrive\\Desktop\\VolleyGiocare2.0\\VolleyServe\\vendor\\laravel\\framework\\src\\Illuminate\\Pipeline\\Pipeline.php(171): Illuminate\\Foundation\\Http\\Middleware\\CheckForMaintenanceMode->handle(Object(Illuminate\\Http\\Request), Object(Closure))
#43 C:\\Users\\eriko\\OneDrive\\Desktop\\VolleyGiocare2.0\\VolleyServe\\vendor\\fideloper\\proxy\\src\\TrustProxies.php(57): Illuminate\\Pipeline\\Pipeline->Illuminate\\Pipeline\\{closure}(Object(Illuminate\\Http\\Request))
#44 C:\\Users\\eriko\\OneDrive\\Desktop\\VolleyGiocare2.0\\VolleyServe\\vendor\\laravel\\framework\\src\\Illuminate\\Pipeline\\Pipeline.php(171): Fideloper\\Proxy\\TrustProxies->handle(Object(Illuminate\\Http\\Request), Object(Closure))
#45 C:\\Users\\eriko\\OneDrive\\Desktop\\VolleyGiocare2.0\\VolleyServe\\vendor\\laravel\\framework\\src\\Illuminate\\Pipeline\\Pipeline.php(105): Illuminate\\Pipeline\\Pipeline->Illuminate\\Pipeline\\{closure}(Object(Illuminate\\Http\\Request))
#46 C:\\Users\\eriko\\OneDrive\\Desktop\\VolleyGiocare2.0\\VolleyServe\\vendor\\laravel\\framework\\src\\Illuminate\\Foundation\\Http\\Kernel.php(151): Illuminate\\Pipeline\\Pipeline->then(Object(Closure))
#47 C:\\Users\\eriko\\OneDrive\\Desktop\\VolleyGiocare2.0\\VolleyServe\\vendor\\laravel\\framework\\src\\Illuminate\\Foundation\\Http\\Kernel.php(116): Illuminate\\Foundation\\Http\\Kernel->sendRequestThroughRouter(Object(Illuminate\\Http\\Request))
#48 C:\\Users\\eriko\\OneDrive\\Desktop\\VolleyGiocare2.0\\VolleyServe\\public\\index.php(55): Illuminate\\Foundation\\Http\\Kernel->handle(Object(Illuminate\\Http\\Request))
#49 C:\\Users\\eriko\\OneDrive\\Desktop\\VolleyGiocare2.0\\VolleyServe\\server.php(21): require_once('C:\\\\Users\\\\eriko\\\\...')
#50 {main}
"} 
[2019-11-13 16:09:08] local.ERROR: SQLSTATE[42S22]: Column not found: 1054 Unknown column 'users.nome' in 'field list' (SQL: select `match`.`titolo`, `match`.`descrizione`, `match`.`luogo`, `match`.`tipo`, `users`.`nome` from `match` inner join `users` on `match`.`organizzatore` = `users`.`id` order by `match`.`id` desc) {"exception":"[object] (Illuminate\\Database\\QueryException(code: 42S22): SQLSTATE[42S22]: Column not found: 1054 Unknown column 'users.nome' in 'field list' (SQL: select `match`.`titolo`, `match`.`descrizione`, `match`.`luogo`, `match`.`tipo`, `users`.`nome` from `match` inner join `users` on `match`.`organizzatore` = `users`.`id` order by `match`.`id` desc) at C:\\Users\\eriko\\OneDrive\\Desktop\\VolleyGiocare2.0\\VolleyServe\\vendor\\laravel\\framework\\src\\Illuminate\\Database\\Connection.php:665)
[stacktrace]
#0 C:\\Users\\eriko\\OneDrive\\Desktop\\VolleyGiocare2.0\\VolleyServe\\vendor\\laravel\\framework\\src\\Illuminate\\Database\\Connection.php(625): Illuminate\\Database\\Connection->runQueryCallback('select `match`....', Array, Object(Closure))
#1 C:\\Users\\eriko\\OneDrive\\Desktop\\VolleyGiocare2.0\\VolleyServe\\vendor\\laravel\\framework\\src\\Illuminate\\Database\\Connection.php(334): Illuminate\\Database\\Connection->run('select `match`....', Array, Object(Closure))
#2 C:\\Users\\eriko\\OneDrive\\Desktop\\VolleyGiocare2.0\\VolleyServe\\vendor\\laravel\\framework\\src\\Illuminate\\Database\\Query\\Builder.php(2140): Illuminate\\Database\\Connection->select('select `match`....', Array, true)
#3 C:\\Users\\eriko\\OneDrive\\Desktop\\VolleyGiocare2.0\\VolleyServe\\vendor\\laravel\\framework\\src\\Illuminate\\Database\\Query\\Builder.php(2128): Illuminate\\Database\\Query\\Builder->runSelect()
#4 C:\\Users\\eriko\\OneDrive\\Desktop\\VolleyGiocare2.0\\VolleyServe\\vendor\\laravel\\framework\\src\\Illuminate\\Database\\Query\\Builder.php(2572): Illuminate\\Database\\Query\\Builder->Illuminate\\Database\\Query\\{closure}()
#5 C:\\Users\\eriko\\OneDrive\\Desktop\\VolleyGiocare2.0\\VolleyServe\\vendor\\laravel\\framework\\src\\Illuminate\\Database\\Query\\Builder.php(2129): Illuminate\\Database\\Query\\Builder->onceWithColumns(Array, Object(Closure))
#6 C:\\Users\\eriko\\OneDrive\\Desktop\\VolleyGiocare2.0\\VolleyServe\\app\\Http\\Controllers\\matchesController.php(16): Illuminate\\Database\\Query\\Builder->get()
#7 [internal function]: App\\Http\\Controllers\\matchesController->listmatches()
#8 C:\\Users\\eriko\\OneDrive\\Desktop\\VolleyGiocare2.0\\VolleyServe\\vendor\\laravel\\framework\\src\\Illuminate\\Routing\\Controller.php(54): call_user_func_array(Array, Array)
#9 C:\\Users\\eriko\\OneDrive\\Desktop\\VolleyGiocare2.0\\VolleyServe\\vendor\\laravel\\framework\\src\\Illuminate\\Routing\\ControllerDispatcher.php(45): Illuminate\\Routing\\Controller->callAction('listmatches', Array)
#10 C:\\Users\\eriko\\OneDrive\\Desktop\\VolleyGiocare2.0\\VolleyServe\\vendor\\laravel\\framework\\src\\Illuminate\\Routing\\Route.php(219): Illuminate\\Routing\\ControllerDispatcher->dispatch(Object(Illuminate\\Routing\\Route), Object(App\\Http\\Controllers\\matchesController), 'listmatches')
#11 C:\\Users\\eriko\\OneDrive\\Desktop\\VolleyGiocare2.0\\VolleyServe\\vendor\\laravel\\framework\\src\\Illuminate\\Routing\\Route.php(176): Illuminate\\Routing\\Route->runController()
#12 C:\\Users\\eriko\\OneDrive\\Desktop\\VolleyGiocare2.0\\VolleyServe\\vendor\\laravel\\framework\\src\\Illuminate\\Routing\\Router.php(680): Illuminate\\Routing\\Route->run()
#13 C:\\Users\\eriko\\OneDrive\\Desktop\\VolleyGiocare2.0\\VolleyServe\\vendor\\laravel\\framework\\src\\Illuminate\\Pipeline\\Pipeline.php(130): Illuminate\\Routing\\Router->Illuminate\\Routing\\{closure}(Object(Illuminate\\Http\\Request))
#14 C:\\Users\\eriko\\OneDrive\\Desktop\\VolleyGiocare2.0\\VolleyServe\\vendor\\laravel\\framework\\src\\Illuminate\\Routing\\Middleware\\SubstituteBindings.php(41): Illuminate\\Pipeline\\Pipeline->Illuminate\\Pipeline\\{closure}(Object(Illuminate\\Http\\Request))
#15 C:\\Users\\eriko\\OneDrive\\Desktop\\VolleyGiocare2.0\\VolleyServe\\vendor\\laravel\\framework\\src\\Illuminate\\Pipeline\\Pipeline.php(171): Illuminate\\Routing\\Middleware\\SubstituteBindings->handle(Object(Illuminate\\Http\\Request), Object(Closure))
#16 C:\\Users\\eriko\\OneDrive\\Desktop\\VolleyGiocare2.0\\VolleyServe\\vendor\\laravel\\framework\\src\\Illuminate\\Foundation\\Http\\Middleware\\VerifyCsrfToken.php(76): Illuminate\\Pipeline\\Pipeline->Illuminate\\Pipeline\\{closure}(Object(Illuminate\\Http\\Request))
#17 C:\\Users\\eriko\\OneDrive\\Desktop\\VolleyGiocare2.0\\VolleyServe\\vendor\\laravel\\framework\\src\\Illuminate\\Pipeline\\Pipeline.php(171): Illuminate\\Foundation\\Http\\Middleware\\VerifyCsrfToken->handle(Object(Illuminate\\Http\\Request), Object(Closure))
#18 C:\\Users\\eriko\\OneDrive\\Desktop\\VolleyGiocare2.0\\VolleyServe\\vendor\\laravel\\framework\\src\\Illuminate\\View\\Middleware\\ShareErrorsFromSession.php(49): Illuminate\\Pipeline\\Pipeline->Illuminate\\Pipeline\\{closure}(Object(Illuminate\\Http\\Request))
#19 C:\\Users\\eriko\\OneDrive\\Desktop\\VolleyGiocare2.0\\VolleyServe\\vendor\\laravel\\framework\\src\\Illuminate\\Pipeline\\Pipeline.php(171): Illuminate\\View\\Middleware\\ShareErrorsFromSession->handle(Object(Illuminate\\Http\\Request), Object(Closure))
#20 C:\\Users\\eriko\\OneDrive\\Desktop\\VolleyGiocare2.0\\VolleyServe\\vendor\\laravel\\framework\\src\\Illuminate\\Session\\Middleware\\StartSession.php(56): Illuminate\\Pipeline\\Pipeline->Illuminate\\Pipeline\\{closure}(Object(Illuminate\\Http\\Request))
#21 C:\\Users\\eriko\\OneDrive\\Desktop\\VolleyGiocare2.0\\VolleyServe\\vendor\\laravel\\framework\\src\\Illuminate\\Pipeline\\Pipeline.php(171): Illuminate\\Session\\Middleware\\StartSession->handle(Object(Illuminate\\Http\\Request), Object(Closure))
#22 C:\\Users\\eriko\\OneDrive\\Desktop\\VolleyGiocare2.0\\VolleyServe\\vendor\\laravel\\framework\\src\\Illuminate\\Cookie\\Middleware\\AddQueuedCookiesToResponse.php(37): Illuminate\\Pipeline\\Pipeline->Illuminate\\Pipeline\\{closure}(Object(Illuminate\\Http\\Request))
#23 C:\\Users\\eriko\\OneDrive\\Desktop\\VolleyGiocare2.0\\VolleyServe\\vendor\\laravel\\framework\\src\\Illuminate\\Pipeline\\Pipeline.php(171): Illuminate\\Cookie\\Middleware\\AddQueuedCookiesToResponse->handle(Object(Illuminate\\Http\\Request), Object(Closure))
#24 C:\\Users\\eriko\\OneDrive\\Desktop\\VolleyGiocare2.0\\VolleyServe\\vendor\\laravel\\framework\\src\\Illuminate\\Cookie\\Middleware\\EncryptCookies.php(66): Illuminate\\Pipeline\\Pipeline->Illuminate\\Pipeline\\{closure}(Object(Illuminate\\Http\\Request))
#25 C:\\Users\\eriko\\OneDrive\\Desktop\\VolleyGiocare2.0\\VolleyServe\\vendor\\laravel\\framework\\src\\Illuminate\\Pipeline\\Pipeline.php(171): Illuminate\\Cookie\\Middleware\\EncryptCookies->handle(Object(Illuminate\\Http\\Request), Object(Closure))
#26 C:\\Users\\eriko\\OneDrive\\Desktop\\VolleyGiocare2.0\\VolleyServe\\vendor\\laravel\\framework\\src\\Illuminate\\Pipeline\\Pipeline.php(105): Illuminate\\Pipeline\\Pipeline->Illuminate\\Pipeline\\{closure}(Object(Illuminate\\Http\\Request))
#27 C:\\Users\\eriko\\OneDrive\\Desktop\\VolleyGiocare2.0\\VolleyServe\\vendor\\laravel\\framework\\src\\Illuminate\\Routing\\Router.php(682): Illuminate\\Pipeline\\Pipeline->then(Object(Closure))
#28 C:\\Users\\eriko\\OneDrive\\Desktop\\VolleyGiocare2.0\\VolleyServe\\vendor\\laravel\\framework\\src\\Illuminate\\Routing\\Router.php(657): Illuminate\\Routing\\Router->runRouteWithinStack(Object(Illuminate\\Routing\\Route), Object(Illuminate\\Http\\Request))
#29 C:\\Users\\eriko\\OneDrive\\Desktop\\VolleyGiocare2.0\\VolleyServe\\vendor\\laravel\\framework\\src\\Illuminate\\Routing\\Router.php(623): Illuminate\\Routing\\Router->runRoute(Object(Illuminate\\Http\\Request), Object(Illuminate\\Routing\\Route))
#30 C:\\Users\\eriko\\OneDrive\\Desktop\\VolleyGiocare2.0\\VolleyServe\\vendor\\laravel\\framework\\src\\Illuminate\\Routing\\Router.php(612): Illuminate\\Routing\\Router->dispatchToRoute(Object(Illuminate\\Http\\Request))
#31 C:\\Users\\eriko\\OneDrive\\Desktop\\VolleyGiocare2.0\\VolleyServe\\vendor\\laravel\\framework\\src\\Illuminate\\Foundation\\Http\\Kernel.php(176): Illuminate\\Routing\\Router->dispatch(Object(Illuminate\\Http\\Request))
#32 C:\\Users\\eriko\\OneDrive\\Desktop\\VolleyGiocare2.0\\VolleyServe\\vendor\\laravel\\framework\\src\\Illuminate\\Pipeline\\Pipeline.php(130): Illuminate\\Foundation\\Http\\Kernel->Illuminate\\Foundation\\Http\\{closure}(Object(Illuminate\\Http\\Request))
#33 C:\\Users\\eriko\\OneDrive\\Desktop\\VolleyGiocare2.0\\VolleyServe\\vendor\\laravel\\framework\\src\\Illuminate\\Foundation\\Http\\Middleware\\TransformsRequest.php(21): Illuminate\\Pipeline\\Pipeline->Illuminate\\Pipeline\\{closure}(Object(Illuminate\\Http\\Request))
#34 C:\\Users\\eriko\\OneDrive\\Desktop\\VolleyGiocare2.0\\VolleyServe\\vendor\\laravel\\framework\\src\\Illuminate\\Pipeline\\Pipeline.php(171): Illuminate\\Foundation\\Http\\Middleware\\TransformsRequest->handle(Object(Illuminate\\Http\\Request), Object(Closure))
#35 C:\\Users\\eriko\\OneDrive\\Desktop\\VolleyGiocare2.0\\VolleyServe\\vendor\\laravel\\framework\\src\\Illuminate\\Foundation\\Http\\Middleware\\TransformsRequest.php(21): Illuminate\\Pipeline\\Pipeline->Illuminate\\Pipeline\\{closure}(Object(Illuminate\\Http\\Request))
#36 C:\\Users\\eriko\\OneDrive\\Desktop\\VolleyGiocare2.0\\VolleyServe\\vendor\\laravel\\framework\\src\\Illuminate\\Pipeline\\Pipeline.php(171): Illuminate\\Foundation\\Http\\Middleware\\TransformsRequest->handle(Object(Illuminate\\Http\\Request), Object(Closure))
#37 C:\\Users\\eriko\\OneDrive\\Desktop\\VolleyGiocare2.0\\VolleyServe\\vendor\\laravel\\framework\\src\\Illuminate\\Foundation\\Http\\Middleware\\ValidatePostSize.php(27): Illuminate\\Pipeline\\Pipeline->Illuminate\\Pipeline\\{closure}(Object(Illuminate\\Http\\Request))
#38 C:\\Users\\eriko\\OneDrive\\Desktop\\VolleyGiocare2.0\\VolleyServe\\vendor\\laravel\\framework\\src\\Illuminate\\Pipeline\\Pipeline.php(171): Illuminate\\Foundation\\Http\\Middleware\\ValidatePostSize->handle(Object(Illuminate\\Http\\Request), Object(Closure))
#39 C:\\Users\\eriko\\OneDrive\\Desktop\\VolleyGiocare2.0\\VolleyServe\\vendor\\laravel\\framework\\src\\Illuminate\\Foundation\\Http\\Middleware\\CheckForMaintenanceMode.php(62): Illuminate\\Pipeline\\Pipeline->Illuminate\\Pipeline\\{closure}(Object(Illuminate\\Http\\Request))
#40 C:\\Users\\eriko\\OneDrive\\Desktop\\VolleyGiocare2.0\\VolleyServe\\vendor\\laravel\\framework\\src\\Illuminate\\Pipeline\\Pipeline.php(171): Illuminate\\Foundation\\Http\\Middleware\\CheckForMaintenanceMode->handle(Object(Illuminate\\Http\\Request), Object(Closure))
#41 C:\\Users\\eriko\\OneDrive\\Desktop\\VolleyGiocare2.0\\VolleyServe\\vendor\\fideloper\\proxy\\src\\TrustProxies.php(57): Illuminate\\Pipeline\\Pipeline->Illuminate\\Pipeline\\{closure}(Object(Illuminate\\Http\\Request))
#42 C:\\Users\\eriko\\OneDrive\\Desktop\\VolleyGiocare2.0\\VolleyServe\\vendor\\laravel\\framework\\src\\Illuminate\\Pipeline\\Pipeline.php(171): Fideloper\\Proxy\\TrustProxies->handle(Object(Illuminate\\Http\\Request), Object(Closure))
#43 C:\\Users\\eriko\\OneDrive\\Desktop\\VolleyGiocare2.0\\VolleyServe\\vendor\\laravel\\framework\\src\\Illuminate\\Pipeline\\Pipeline.php(105): Illuminate\\Pipeline\\Pipeline->Illuminate\\Pipeline\\{closure}(Object(Illuminate\\Http\\Request))
#44 C:\\Users\\eriko\\OneDrive\\Desktop\\VolleyGiocare2.0\\VolleyServe\\vendor\\laravel\\framework\\src\\Illuminate\\Foundation\\Http\\Kernel.php(151): Illuminate\\Pipeline\\Pipeline->then(Object(Closure))
#45 C:\\Users\\eriko\\OneDrive\\Desktop\\VolleyGiocare2.0\\VolleyServe\\vendor\\laravel\\framework\\src\\Illuminate\\Foundation\\Http\\Kernel.php(116): Illuminate\\Foundation\\Http\\Kernel->sendRequestThroughRouter(Object(Illuminate\\Http\\Request))
#46 C:\\Users\\eriko\\OneDrive\\Desktop\\VolleyGiocare2.0\\VolleyServe\\public\\index.php(55): Illuminate\\Foundation\\Http\\Kernel->handle(Object(Illuminate\\Http\\Request))
#47 C:\\Users\\eriko\\OneDrive\\Desktop\\VolleyGiocare2.0\\VolleyServe\\server.php(21): require_once('C:\\\\Users\\\\eriko\\\\...')
#48 {main}

[previous exception] [object] (PDOException(code: 42S22): SQLSTATE[42S22]: Column not found: 1054 Unknown column 'users.nome' in 'field list' at C:\\Users\\eriko\\OneDrive\\Desktop\\VolleyGiocare2.0\\VolleyServe\\vendor\\laravel\\framework\\src\\Illuminate\\Database\\Connection.php:327)
[stacktrace]
#0 C:\\Users\\eriko\\OneDrive\\Desktop\\VolleyGiocare2.0\\VolleyServe\\vendor\\laravel\\framework\\src\\Illuminate\\Database\\Connection.php(327): PDO->prepare('select `match`....')
#1 C:\\Users\\eriko\\OneDrive\\Desktop\\VolleyGiocare2.0\\VolleyServe\\vendor\\laravel\\framework\\src\\Illuminate\\Database\\Connection.php(658): Illuminate\\Database\\Connection->Illuminate\\Database\\{closure}('select `match`....', Array)
#2 C:\\Users\\eriko\\OneDrive\\Desktop\\VolleyGiocare2.0\\VolleyServe\\vendor\\laravel\\framework\\src\\Illuminate\\Database\\Connection.php(625): Illuminate\\Database\\Connection->runQueryCallback('select `match`....', Array, Object(Closure))
#3 C:\\Users\\eriko\\OneDrive\\Desktop\\VolleyGiocare2.0\\VolleyServe\\vendor\\laravel\\framework\\src\\Illuminate\\Database\\Connection.php(334): Illuminate\\Database\\Connection->run('select `match`....', Array, Object(Closure))
#4 C:\\Users\\eriko\\OneDrive\\Desktop\\VolleyGiocare2.0\\VolleyServe\\vendor\\laravel\\framework\\src\\Illuminate\\Database\\Query\\Builder.php(2140): Illuminate\\Database\\Connection->select('select `match`....', Array, true)
#5 C:\\Users\\eriko\\OneDrive\\Desktop\\VolleyGiocare2.0\\VolleyServe\\vendor\\laravel\\framework\\src\\Illuminate\\Database\\Query\\Builder.php(2128): Illuminate\\Database\\Query\\Builder->runSelect()
#6 C:\\Users\\eriko\\OneDrive\\Desktop\\VolleyGiocare2.0\\VolleyServe\\vendor\\laravel\\framework\\src\\Illuminate\\Database\\Query\\Builder.php(2572): Illuminate\\Database\\Query\\Builder->Illuminate\\Database\\Query\\{closure}()
#7 C:\\Users\\eriko\\OneDrive\\Desktop\\VolleyGiocare2.0\\VolleyServe\\vendor\\laravel\\framework\\src\\Illuminate\\Database\\Query\\Builder.php(2129): Illuminate\\Database\\Query\\Builder->onceWithColumns(Array, Object(Closure))
#8 C:\\Users\\eriko\\OneDrive\\Desktop\\VolleyGiocare2.0\\VolleyServe\\app\\Http\\Controllers\\matchesController.php(16): Illuminate\\Database\\Query\\Builder->get()
#9 [internal function]: App\\Http\\Controllers\\matchesController->listmatches()
#10 C:\\Users\\eriko\\OneDrive\\Desktop\\VolleyGiocare2.0\\VolleyServe\\vendor\\laravel\\framework\\src\\Illuminate\\Routing\\Controller.php(54): call_user_func_array(Array, Array)
#11 C:\\Users\\eriko\\OneDrive\\Desktop\\VolleyGiocare2.0\\VolleyServe\\vendor\\laravel\\framework\\src\\Illuminate\\Routing\\ControllerDispatcher.php(45): Illuminate\\Routing\\Controller->callAction('listmatches', Array)
#12 C:\\Users\\eriko\\OneDrive\\Desktop\\VolleyGiocare2.0\\VolleyServe\\vendor\\laravel\\framework\\src\\Illuminate\\Routing\\Route.php(219): Illuminate\\Routing\\ControllerDispatcher->dispatch(Object(Illuminate\\Routing\\Route), Object(App\\Http\\Controllers\\matchesController), 'listmatches')
#13 C:\\Users\\eriko\\OneDrive\\Desktop\\VolleyGiocare2.0\\VolleyServe\\vendor\\laravel\\framework\\src\\Illuminate\\Routing\\Route.php(176): Illuminate\\Routing\\Route->runController()
#14 C:\\Users\\eriko\\OneDrive\\Desktop\\VolleyGiocare2.0\\VolleyServe\\vendor\\laravel\\framework\\src\\Illuminate\\Routing\\Router.php(680): Illuminate\\Routing\\Route->run()
#15 C:\\Users\\eriko\\OneDrive\\Desktop\\VolleyGiocare2.0\\VolleyServe\\vendor\\laravel\\framework\\src\\Illuminate\\Pipeline\\Pipeline.php(130): Illuminate\\Routing\\Router->Illuminate\\Routing\\{closure}(Object(Illuminate\\Http\\Request))
#16 C:\\Users\\eriko\\OneDrive\\Desktop\\VolleyGiocare2.0\\VolleyServe\\vendor\\laravel\\framework\\src\\Illuminate\\Routing\\Middleware\\SubstituteBindings.php(41): Illuminate\\Pipeline\\Pipeline->Illuminate\\Pipeline\\{closure}(Object(Illuminate\\Http\\Request))
#17 C:\\Users\\eriko\\OneDrive\\Desktop\\VolleyGiocare2.0\\VolleyServe\\vendor\\laravel\\framework\\src\\Illuminate\\Pipeline\\Pipeline.php(171): Illuminate\\Routing\\Middleware\\SubstituteBindings->handle(Object(Illuminate\\Http\\Request), Object(Closure))
#18 C:\\Users\\eriko\\OneDrive\\Desktop\\VolleyGiocare2.0\\VolleyServe\\vendor\\laravel\\framework\\src\\Illuminate\\Foundation\\Http\\Middleware\\VerifyCsrfToken.php(76): Illuminate\\Pipeline\\Pipeline->Illuminate\\Pipeline\\{closure}(Object(Illuminate\\Http\\Request))
#19 C:\\Users\\eriko\\OneDrive\\Desktop\\VolleyGiocare2.0\\VolleyServe\\vendor\\laravel\\framework\\src\\Illuminate\\Pipeline\\Pipeline.php(171): Illuminate\\Foundation\\Http\\Middleware\\VerifyCsrfToken->handle(Object(Illuminate\\Http\\Request), Object(Closure))
#20 C:\\Users\\eriko\\OneDrive\\Desktop\\VolleyGiocare2.0\\VolleyServe\\vendor\\laravel\\framework\\src\\Illuminate\\View\\Middleware\\ShareErrorsFromSession.php(49): Illuminate\\Pipeline\\Pipeline->Illuminate\\Pipeline\\{closure}(Object(Illuminate\\Http\\Request))
#21 C:\\Users\\eriko\\OneDrive\\Desktop\\VolleyGiocare2.0\\VolleyServe\\vendor\\laravel\\framework\\src\\Illuminate\\Pipeline\\Pipeline.php(171): Illuminate\\View\\Middleware\\ShareErrorsFromSession->handle(Object(Illuminate\\Http\\Request), Object(Closure))
#22 C:\\Users\\eriko\\OneDrive\\Desktop\\VolleyGiocare2.0\\VolleyServe\\vendor\\laravel\\framework\\src\\Illuminate\\Session\\Middleware\\StartSession.php(56): Illuminate\\Pipeline\\Pipeline->Illuminate\\Pipeline\\{closure}(Object(Illuminate\\Http\\Request))
#23 C:\\Users\\eriko\\OneDrive\\Desktop\\VolleyGiocare2.0\\VolleyServe\\vendor\\laravel\\framework\\src\\Illuminate\\Pipeline\\Pipeline.php(171): Illuminate\\Session\\Middleware\\StartSession->handle(Object(Illuminate\\Http\\Request), Object(Closure))
#24 C:\\Users\\eriko\\OneDrive\\Desktop\\VolleyGiocare2.0\\VolleyServe\\vendor\\laravel\\framework\\src\\Illuminate\\Cookie\\Middleware\\AddQueuedCookiesToResponse.php(37): Illuminate\\Pipeline\\Pipeline->Illuminate\\Pipeline\\{closure}(Object(Illuminate\\Http\\Request))
#25 C:\\Users\\eriko\\OneDrive\\Desktop\\VolleyGiocare2.0\\VolleyServe\\vendor\\laravel\\framework\\src\\Illuminate\\Pipeline\\Pipeline.php(171): Illuminate\\Cookie\\Middleware\\AddQueuedCookiesToResponse->handle(Object(Illuminate\\Http\\Request), Object(Closure))
#26 C:\\Users\\eriko\\OneDrive\\Desktop\\VolleyGiocare2.0\\VolleyServe\\vendor\\laravel\\framework\\src\\Illuminate\\Cookie\\Middleware\\EncryptCookies.php(66): Illuminate\\Pipeline\\Pipeline->Illuminate\\Pipeline\\{closure}(Object(Illuminate\\Http\\Request))
#27 C:\\Users\\eriko\\OneDrive\\Desktop\\VolleyGiocare2.0\\VolleyServe\\vendor\\laravel\\framework\\src\\Illuminate\\Pipeline\\Pipeline.php(171): Illuminate\\Cookie\\Middleware\\EncryptCookies->handle(Object(Illuminate\\Http\\Request), Object(Closure))
#28 C:\\Users\\eriko\\OneDrive\\Desktop\\VolleyGiocare2.0\\VolleyServe\\vendor\\laravel\\framework\\src\\Illuminate\\Pipeline\\Pipeline.php(105): Illuminate\\Pipeline\\Pipeline->Illuminate\\Pipeline\\{closure}(Object(Illuminate\\Http\\Request))
#29 C:\\Users\\eriko\\OneDrive\\Desktop\\VolleyGiocare2.0\\VolleyServe\\vendor\\laravel\\framework\\src\\Illuminate\\Routing\\Router.php(682): Illuminate\\Pipeline\\Pipeline->then(Object(Closure))
#30 C:\\Users\\eriko\\OneDrive\\Desktop\\VolleyGiocare2.0\\VolleyServe\\vendor\\laravel\\framework\\src\\Illuminate\\Routing\\Router.php(657): Illuminate\\Routing\\Router->runRouteWithinStack(Object(Illuminate\\Routing\\Route), Object(Illuminate\\Http\\Request))
#31 C:\\Users\\eriko\\OneDrive\\Desktop\\VolleyGiocare2.0\\VolleyServe\\vendor\\laravel\\framework\\src\\Illuminate\\Routing\\Router.php(623): Illuminate\\Routing\\Router->runRoute(Object(Illuminate\\Http\\Request), Object(Illuminate\\Routing\\Route))
#32 C:\\Users\\eriko\\OneDrive\\Desktop\\VolleyGiocare2.0\\VolleyServe\\vendor\\laravel\\framework\\src\\Illuminate\\Routing\\Router.php(612): Illuminate\\Routing\\Router->dispatchToRoute(Object(Illuminate\\Http\\Request))
#33 C:\\Users\\eriko\\OneDrive\\Desktop\\VolleyGiocare2.0\\VolleyServe\\vendor\\laravel\\framework\\src\\Illuminate\\Foundation\\Http\\Kernel.php(176): Illuminate\\Routing\\Router->dispatch(Object(Illuminate\\Http\\Request))
#34 C:\\Users\\eriko\\OneDrive\\Desktop\\VolleyGiocare2.0\\VolleyServe\\vendor\\laravel\\framework\\src\\Illuminate\\Pipeline\\Pipeline.php(130): Illuminate\\Foundation\\Http\\Kernel->Illuminate\\Foundation\\Http\\{closure}(Object(Illuminate\\Http\\Request))
#35 C:\\Users\\eriko\\OneDrive\\Desktop\\VolleyGiocare2.0\\VolleyServe\\vendor\\laravel\\framework\\src\\Illuminate\\Foundation\\Http\\Middleware\\TransformsRequest.php(21): Illuminate\\Pipeline\\Pipeline->Illuminate\\Pipeline\\{closure}(Object(Illuminate\\Http\\Request))
#36 C:\\Users\\eriko\\OneDrive\\Desktop\\VolleyGiocare2.0\\VolleyServe\\vendor\\laravel\\framework\\src\\Illuminate\\Pipeline\\Pipeline.php(171): Illuminate\\Foundation\\Http\\Middleware\\TransformsRequest->handle(Object(Illuminate\\Http\\Request), Object(Closure))
#37 C:\\Users\\eriko\\OneDrive\\Desktop\\VolleyGiocare2.0\\VolleyServe\\vendor\\laravel\\framework\\src\\Illuminate\\Foundation\\Http\\Middleware\\TransformsRequest.php(21): Illuminate\\Pipeline\\Pipeline->Illuminate\\Pipeline\\{closure}(Object(Illuminate\\Http\\Request))
#38 C:\\Users\\eriko\\OneDrive\\Desktop\\VolleyGiocare2.0\\VolleyServe\\vendor\\laravel\\framework\\src\\Illuminate\\Pipeline\\Pipeline.php(171): Illuminate\\Foundation\\Http\\Middleware\\TransformsRequest->handle(Object(Illuminate\\Http\\Request), Object(Closure))
#39 C:\\Users\\eriko\\OneDrive\\Desktop\\VolleyGiocare2.0\\VolleyServe\\vendor\\laravel\\framework\\src\\Illuminate\\Foundation\\Http\\Middleware\\ValidatePostSize.php(27): Illuminate\\Pipeline\\Pipeline->Illuminate\\Pipeline\\{closure}(Object(Illuminate\\Http\\Request))
#40 C:\\Users\\eriko\\OneDrive\\Desktop\\VolleyGiocare2.0\\VolleyServe\\vendor\\laravel\\framework\\src\\Illuminate\\Pipeline\\Pipeline.php(171): Illuminate\\Foundation\\Http\\Middleware\\ValidatePostSize->handle(Object(Illuminate\\Http\\Request), Object(Closure))
#41 C:\\Users\\eriko\\OneDrive\\Desktop\\VolleyGiocare2.0\\VolleyServe\\vendor\\laravel\\framework\\src\\Illuminate\\Foundation\\Http\\Middleware\\CheckForMaintenanceMode.php(62): Illuminate\\Pipeline\\Pipeline->Illuminate\\Pipeline\\{closure}(Object(Illuminate\\Http\\Request))
#42 C:\\Users\\eriko\\OneDrive\\Desktop\\VolleyGiocare2.0\\VolleyServe\\vendor\\laravel\\framework\\src\\Illuminate\\Pipeline\\Pipeline.php(171): Illuminate\\Foundation\\Http\\Middleware\\CheckForMaintenanceMode->handle(Object(Illuminate\\Http\\Request), Object(Closure))
#43 C:\\Users\\eriko\\OneDrive\\Desktop\\VolleyGiocare2.0\\VolleyServe\\vendor\\fideloper\\proxy\\src\\TrustProxies.php(57): Illuminate\\Pipeline\\Pipeline->Illuminate\\Pipeline\\{closure}(Object(Illuminate\\Http\\Request))
#44 C:\\Users\\eriko\\OneDrive\\Desktop\\VolleyGiocare2.0\\VolleyServe\\vendor\\laravel\\framework\\src\\Illuminate\\Pipeline\\Pipeline.php(171): Fideloper\\Proxy\\TrustProxies->handle(Object(Illuminate\\Http\\Request), Object(Closure))
#45 C:\\Users\\eriko\\OneDrive\\Desktop\\VolleyGiocare2.0\\VolleyServe\\vendor\\laravel\\framework\\src\\Illuminate\\Pipeline\\Pipeline.php(105): Illuminate\\Pipeline\\Pipeline->Illuminate\\Pipeline\\{closure}(Object(Illuminate\\Http\\Request))
#46 C:\\Users\\eriko\\OneDrive\\Desktop\\VolleyGiocare2.0\\VolleyServe\\vendor\\laravel\\framework\\src\\Illuminate\\Foundation\\Http\\Kernel.php(151): Illuminate\\Pipeline\\Pipeline->then(Object(Closure))
#47 C:\\Users\\eriko\\OneDrive\\Desktop\\VolleyGiocare2.0\\VolleyServe\\vendor\\laravel\\framework\\src\\Illuminate\\Foundation\\Http\\Kernel.php(116): Illuminate\\Foundation\\Http\\Kernel->sendRequestThroughRouter(Object(Illuminate\\Http\\Request))
#48 C:\\Users\\eriko\\OneDrive\\Desktop\\VolleyGiocare2.0\\VolleyServe\\public\\index.php(55): Illuminate\\Foundation\\Http\\Kernel->handle(Object(Illuminate\\Http\\Request))
#49 C:\\Users\\eriko\\OneDrive\\Desktop\\VolleyGiocare2.0\\VolleyServe\\server.php(21): require_once('C:\\\\Users\\\\eriko\\\\...')
#50 {main}
"} 
[2019-11-13 16:51:17] local.ERROR: SQLSTATE[23000]: Integrity constraint violation: 1052 Column 'id' in where clause is ambiguous (SQL: select `titolo`, `descrizione`, `luogo`, `tipo`, `organizzatore`, `users`.`name` from `match` inner join `users` on `match`.`organizzatore` = `users`.`id` where `id` = 3) {"exception":"[object] (Illuminate\\Database\\QueryException(code: 23000): SQLSTATE[23000]: Integrity constraint violation: 1052 Column 'id' in where clause is ambiguous (SQL: select `titolo`, `descrizione`, `luogo`, `tipo`, `organizzatore`, `users`.`name` from `match` inner join `users` on `match`.`organizzatore` = `users`.`id` where `id` = 3) at C:\\Users\\eriko\\OneDrive\\Desktop\\VolleyGiocare2.0\\VolleyServe\\vendor\\laravel\\framework\\src\\Illuminate\\Database\\Connection.php:665)
[stacktrace]
#0 C:\\Users\\eriko\\OneDrive\\Desktop\\VolleyGiocare2.0\\VolleyServe\\vendor\\laravel\\framework\\src\\Illuminate\\Database\\Connection.php(625): Illuminate\\Database\\Connection->runQueryCallback('select `titolo`...', Array, Object(Closure))
#1 C:\\Users\\eriko\\OneDrive\\Desktop\\VolleyGiocare2.0\\VolleyServe\\vendor\\laravel\\framework\\src\\Illuminate\\Database\\Connection.php(334): Illuminate\\Database\\Connection->run('select `titolo`...', Array, Object(Closure))
#2 C:\\Users\\eriko\\OneDrive\\Desktop\\VolleyGiocare2.0\\VolleyServe\\vendor\\laravel\\framework\\src\\Illuminate\\Database\\Query\\Builder.php(2140): Illuminate\\Database\\Connection->select('select `titolo`...', Array, true)
#3 C:\\Users\\eriko\\OneDrive\\Desktop\\VolleyGiocare2.0\\VolleyServe\\vendor\\laravel\\framework\\src\\Illuminate\\Database\\Query\\Builder.php(2128): Illuminate\\Database\\Query\\Builder->runSelect()
#4 C:\\Users\\eriko\\OneDrive\\Desktop\\VolleyGiocare2.0\\VolleyServe\\vendor\\laravel\\framework\\src\\Illuminate\\Database\\Query\\Builder.php(2572): Illuminate\\Database\\Query\\Builder->Illuminate\\Database\\Query\\{closure}()
#5 C:\\Users\\eriko\\OneDrive\\Desktop\\VolleyGiocare2.0\\VolleyServe\\vendor\\laravel\\framework\\src\\Illuminate\\Database\\Query\\Builder.php(2129): Illuminate\\Database\\Query\\Builder->onceWithColumns(Array, Object(Closure))
#6 C:\\Users\\eriko\\OneDrive\\Desktop\\VolleyGiocare2.0\\VolleyServe\\app\\Http\\Controllers\\matchesController.php(27): Illuminate\\Database\\Query\\Builder->get()
#7 [internal function]: App\\Http\\Controllers\\matchesController->matchDetails('3')
#8 C:\\Users\\eriko\\OneDrive\\Desktop\\VolleyGiocare2.0\\VolleyServe\\vendor\\laravel\\framework\\src\\Illuminate\\Routing\\Controller.php(54): call_user_func_array(Array, Array)
#9 C:\\Users\\eriko\\OneDrive\\Desktop\\VolleyGiocare2.0\\VolleyServe\\vendor\\laravel\\framework\\src\\Illuminate\\Routing\\ControllerDispatcher.php(45): Illuminate\\Routing\\Controller->callAction('matchDetails', Array)
#10 C:\\Users\\eriko\\OneDrive\\Desktop\\VolleyGiocare2.0\\VolleyServe\\vendor\\laravel\\framework\\src\\Illuminate\\Routing\\Route.php(219): Illuminate\\Routing\\ControllerDispatcher->dispatch(Object(Illuminate\\Routing\\Route), Object(App\\Http\\Controllers\\matchesController), 'matchDetails')
#11 C:\\Users\\eriko\\OneDrive\\Desktop\\VolleyGiocare2.0\\VolleyServe\\vendor\\laravel\\framework\\src\\Illuminate\\Routing\\Route.php(176): Illuminate\\Routing\\Route->runController()
#12 C:\\Users\\eriko\\OneDrive\\Desktop\\VolleyGiocare2.0\\VolleyServe\\vendor\\laravel\\framework\\src\\Illuminate\\Routing\\Router.php(680): Illuminate\\Routing\\Route->run()
#13 C:\\Users\\eriko\\OneDrive\\Desktop\\VolleyGiocare2.0\\VolleyServe\\vendor\\laravel\\framework\\src\\Illuminate\\Pipeline\\Pipeline.php(130): Illuminate\\Routing\\Router->Illuminate\\Routing\\{closure}(Object(Illuminate\\Http\\Request))
#14 C:\\Users\\eriko\\OneDrive\\Desktop\\VolleyGiocare2.0\\VolleyServe\\vendor\\laravel\\framework\\src\\Illuminate\\Routing\\Middleware\\SubstituteBindings.php(41): Illuminate\\Pipeline\\Pipeline->Illuminate\\Pipeline\\{closure}(Object(Illuminate\\Http\\Request))
#15 C:\\Users\\eriko\\OneDrive\\Desktop\\VolleyGiocare2.0\\VolleyServe\\vendor\\laravel\\framework\\src\\Illuminate\\Pipeline\\Pipeline.php(171): Illuminate\\Routing\\Middleware\\SubstituteBindings->handle(Object(Illuminate\\Http\\Request), Object(Closure))
#16 C:\\Users\\eriko\\OneDrive\\Desktop\\VolleyGiocare2.0\\VolleyServe\\vendor\\laravel\\framework\\src\\Illuminate\\Foundation\\Http\\Middleware\\VerifyCsrfToken.php(76): Illuminate\\Pipeline\\Pipeline->Illuminate\\Pipeline\\{closure}(Object(Illuminate\\Http\\Request))
#17 C:\\Users\\eriko\\OneDrive\\Desktop\\VolleyGiocare2.0\\VolleyServe\\vendor\\laravel\\framework\\src\\Illuminate\\Pipeline\\Pipeline.php(171): Illuminate\\Foundation\\Http\\Middleware\\VerifyCsrfToken->handle(Object(Illuminate\\Http\\Request), Object(Closure))
#18 C:\\Users\\eriko\\OneDrive\\Desktop\\VolleyGiocare2.0\\VolleyServe\\vendor\\laravel\\framework\\src\\Illuminate\\View\\Middleware\\ShareErrorsFromSession.php(49): Illuminate\\Pipeline\\Pipeline->Illuminate\\Pipeline\\{closure}(Object(Illuminate\\Http\\Request))
#19 C:\\Users\\eriko\\OneDrive\\Desktop\\VolleyGiocare2.0\\VolleyServe\\vendor\\laravel\\framework\\src\\Illuminate\\Pipeline\\Pipeline.php(171): Illuminate\\View\\Middleware\\ShareErrorsFromSession->handle(Object(Illuminate\\Http\\Request), Object(Closure))
#20 C:\\Users\\eriko\\OneDrive\\Desktop\\VolleyGiocare2.0\\VolleyServe\\vendor\\laravel\\framework\\src\\Illuminate\\Session\\Middleware\\StartSession.php(56): Illuminate\\Pipeline\\Pipeline->Illuminate\\Pipeline\\{closure}(Object(Illuminate\\Http\\Request))
#21 C:\\Users\\eriko\\OneDrive\\Desktop\\VolleyGiocare2.0\\VolleyServe\\vendor\\laravel\\framework\\src\\Illuminate\\Pipeline\\Pipeline.php(171): Illuminate\\Session\\Middleware\\StartSession->handle(Object(Illuminate\\Http\\Request), Object(Closure))
#22 C:\\Users\\eriko\\OneDrive\\Desktop\\VolleyGiocare2.0\\VolleyServe\\vendor\\laravel\\framework\\src\\Illuminate\\Cookie\\Middleware\\AddQueuedCookiesToResponse.php(37): Illuminate\\Pipeline\\Pipeline->Illuminate\\Pipeline\\{closure}(Object(Illuminate\\Http\\Request))
#23 C:\\Users\\eriko\\OneDrive\\Desktop\\VolleyGiocare2.0\\VolleyServe\\vendor\\laravel\\framework\\src\\Illuminate\\Pipeline\\Pipeline.php(171): Illuminate\\Cookie\\Middleware\\AddQueuedCookiesToResponse->handle(Object(Illuminate\\Http\\Request), Object(Closure))
#24 C:\\Users\\eriko\\OneDrive\\Desktop\\VolleyGiocare2.0\\VolleyServe\\vendor\\laravel\\framework\\src\\Illuminate\\Cookie\\Middleware\\EncryptCookies.php(66): Illuminate\\Pipeline\\Pipeline->Illuminate\\Pipeline\\{closure}(Object(Illuminate\\Http\\Request))
#25 C:\\Users\\eriko\\OneDrive\\Desktop\\VolleyGiocare2.0\\VolleyServe\\vendor\\laravel\\framework\\src\\Illuminate\\Pipeline\\Pipeline.php(171): Illuminate\\Cookie\\Middleware\\EncryptCookies->handle(Object(Illuminate\\Http\\Request), Object(Closure))
#26 C:\\Users\\eriko\\OneDrive\\Desktop\\VolleyGiocare2.0\\VolleyServe\\vendor\\laravel\\framework\\src\\Illuminate\\Pipeline\\Pipeline.php(105): Illuminate\\Pipeline\\Pipeline->Illuminate\\Pipeline\\{closure}(Object(Illuminate\\Http\\Request))
#27 C:\\Users\\eriko\\OneDrive\\Desktop\\VolleyGiocare2.0\\VolleyServe\\vendor\\laravel\\framework\\src\\Illuminate\\Routing\\Router.php(682): Illuminate\\Pipeline\\Pipeline->then(Object(Closure))
#28 C:\\Users\\eriko\\OneDrive\\Desktop\\VolleyGiocare2.0\\VolleyServe\\vendor\\laravel\\framework\\src\\Illuminate\\Routing\\Router.php(657): Illuminate\\Routing\\Router->runRouteWithinStack(Object(Illuminate\\Routing\\Route), Object(Illuminate\\Http\\Request))
#29 C:\\Users\\eriko\\OneDrive\\Desktop\\VolleyGiocare2.0\\VolleyServe\\vendor\\laravel\\framework\\src\\Illuminate\\Routing\\Router.php(623): Illuminate\\Routing\\Router->runRoute(Object(Illuminate\\Http\\Request), Object(Illuminate\\Routing\\Route))
#30 C:\\Users\\eriko\\OneDrive\\Desktop\\VolleyGiocare2.0\\VolleyServe\\vendor\\laravel\\framework\\src\\Illuminate\\Routing\\Router.php(612): Illuminate\\Routing\\Router->dispatchToRoute(Object(Illuminate\\Http\\Request))
#31 C:\\Users\\eriko\\OneDrive\\Desktop\\VolleyGiocare2.0\\VolleyServe\\vendor\\laravel\\framework\\src\\Illuminate\\Foundation\\Http\\Kernel.php(176): Illuminate\\Routing\\Router->dispatch(Object(Illuminate\\Http\\Request))
#32 C:\\Users\\eriko\\OneDrive\\Desktop\\VolleyGiocare2.0\\VolleyServe\\vendor\\laravel\\framework\\src\\Illuminate\\Pipeline\\Pipeline.php(130): Illuminate\\Foundation\\Http\\Kernel->Illuminate\\Foundation\\Http\\{closure}(Object(Illuminate\\Http\\Request))
#33 C:\\Users\\eriko\\OneDrive\\Desktop\\VolleyGiocare2.0\\VolleyServe\\vendor\\laravel\\framework\\src\\Illuminate\\Foundation\\Http\\Middleware\\TransformsRequest.php(21): Illuminate\\Pipeline\\Pipeline->Illuminate\\Pipeline\\{closure}(Object(Illuminate\\Http\\Request))
#34 C:\\Users\\eriko\\OneDrive\\Desktop\\VolleyGiocare2.0\\VolleyServe\\vendor\\laravel\\framework\\src\\Illuminate\\Pipeline\\Pipeline.php(171): Illuminate\\Foundation\\Http\\Middleware\\TransformsRequest->handle(Object(Illuminate\\Http\\Request), Object(Closure))
#35 C:\\Users\\eriko\\OneDrive\\Desktop\\VolleyGiocare2.0\\VolleyServe\\vendor\\laravel\\framework\\src\\Illuminate\\Foundation\\Http\\Middleware\\TransformsRequest.php(21): Illuminate\\Pipeline\\Pipeline->Illuminate\\Pipeline\\{closure}(Object(Illuminate\\Http\\Request))
#36 C:\\Users\\eriko\\OneDrive\\Desktop\\VolleyGiocare2.0\\VolleyServe\\vendor\\laravel\\framework\\src\\Illuminate\\Pipeline\\Pipeline.php(171): Illuminate\\Foundation\\Http\\Middleware\\TransformsRequest->handle(Object(Illuminate\\Http\\Request), Object(Closure))
#37 C:\\Users\\eriko\\OneDrive\\Desktop\\VolleyGiocare2.0\\VolleyServe\\vendor\\laravel\\framework\\src\\Illuminate\\Foundation\\Http\\Middleware\\ValidatePostSize.php(27): Illuminate\\Pipeline\\Pipeline->Illuminate\\Pipeline\\{closure}(Object(Illuminate\\Http\\Request))
#38 C:\\Users\\eriko\\OneDrive\\Desktop\\VolleyGiocare2.0\\VolleyServe\\vendor\\laravel\\framework\\src\\Illuminate\\Pipeline\\Pipeline.php(171): Illuminate\\Foundation\\Http\\Middleware\\ValidatePostSize->handle(Object(Illuminate\\Http\\Request), Object(Closure))
#39 C:\\Users\\eriko\\OneDrive\\Desktop\\VolleyGiocare2.0\\VolleyServe\\vendor\\laravel\\framework\\src\\Illuminate\\Foundation\\Http\\Middleware\\CheckForMaintenanceMode.php(62): Illuminate\\Pipeline\\Pipeline->Illuminate\\Pipeline\\{closure}(Object(Illuminate\\Http\\Request))
#40 C:\\Users\\eriko\\OneDrive\\Desktop\\VolleyGiocare2.0\\VolleyServe\\vendor\\laravel\\framework\\src\\Illuminate\\Pipeline\\Pipeline.php(171): Illuminate\\Foundation\\Http\\Middleware\\CheckForMaintenanceMode->handle(Object(Illuminate\\Http\\Request), Object(Closure))
#41 C:\\Users\\eriko\\OneDrive\\Desktop\\VolleyGiocare2.0\\VolleyServe\\vendor\\fideloper\\proxy\\src\\TrustProxies.php(57): Illuminate\\Pipeline\\Pipeline->Illuminate\\Pipeline\\{closure}(Object(Illuminate\\Http\\Request))
#42 C:\\Users\\eriko\\OneDrive\\Desktop\\VolleyGiocare2.0\\VolleyServe\\vendor\\laravel\\framework\\src\\Illuminate\\Pipeline\\Pipeline.php(171): Fideloper\\Proxy\\TrustProxies->handle(Object(Illuminate\\Http\\Request), Object(Closure))
#43 C:\\Users\\eriko\\OneDrive\\Desktop\\VolleyGiocare2.0\\VolleyServe\\vendor\\laravel\\framework\\src\\Illuminate\\Pipeline\\Pipeline.php(105): Illuminate\\Pipeline\\Pipeline->Illuminate\\Pipeline\\{closure}(Object(Illuminate\\Http\\Request))
#44 C:\\Users\\eriko\\OneDrive\\Desktop\\VolleyGiocare2.0\\VolleyServe\\vendor\\laravel\\framework\\src\\Illuminate\\Foundation\\Http\\Kernel.php(151): Illuminate\\Pipeline\\Pipeline->then(Object(Closure))
#45 C:\\Users\\eriko\\OneDrive\\Desktop\\VolleyGiocare2.0\\VolleyServe\\vendor\\laravel\\framework\\src\\Illuminate\\Foundation\\Http\\Kernel.php(116): Illuminate\\Foundation\\Http\\Kernel->sendRequestThroughRouter(Object(Illuminate\\Http\\Request))
#46 C:\\Users\\eriko\\OneDrive\\Desktop\\VolleyGiocare2.0\\VolleyServe\\public\\index.php(55): Illuminate\\Foundation\\Http\\Kernel->handle(Object(Illuminate\\Http\\Request))
#47 C:\\Users\\eriko\\OneDrive\\Desktop\\VolleyGiocare2.0\\VolleyServe\\server.php(21): require_once('C:\\\\Users\\\\eriko\\\\...')
#48 {main}

[previous exception] [object] (PDOException(code: 23000): SQLSTATE[23000]: Integrity constraint violation: 1052 Column 'id' in where clause is ambiguous at C:\\Users\\eriko\\OneDrive\\Desktop\\VolleyGiocare2.0\\VolleyServe\\vendor\\laravel\\framework\\src\\Illuminate\\Database\\Connection.php:327)
[stacktrace]
#0 C:\\Users\\eriko\\OneDrive\\Desktop\\VolleyGiocare2.0\\VolleyServe\\vendor\\laravel\\framework\\src\\Illuminate\\Database\\Connection.php(327): PDO->prepare('select `titolo`...')
#1 C:\\Users\\eriko\\OneDrive\\Desktop\\VolleyGiocare2.0\\VolleyServe\\vendor\\laravel\\framework\\src\\Illuminate\\Database\\Connection.php(658): Illuminate\\Database\\Connection->Illuminate\\Database\\{closure}('select `titolo`...', Array)
#2 C:\\Users\\eriko\\OneDrive\\Desktop\\VolleyGiocare2.0\\VolleyServe\\vendor\\laravel\\framework\\src\\Illuminate\\Database\\Connection.php(625): Illuminate\\Database\\Connection->runQueryCallback('select `titolo`...', Array, Object(Closure))
#3 C:\\Users\\eriko\\OneDrive\\Desktop\\VolleyGiocare2.0\\VolleyServe\\vendor\\laravel\\framework\\src\\Illuminate\\Database\\Connection.php(334): Illuminate\\Database\\Connection->run('select `titolo`...', Array, Object(Closure))
#4 C:\\Users\\eriko\\OneDrive\\Desktop\\VolleyGiocare2.0\\VolleyServe\\vendor\\laravel\\framework\\src\\Illuminate\\Database\\Query\\Builder.php(2140): Illuminate\\Database\\Connection->select('select `titolo`...', Array, true)
#5 C:\\Users\\eriko\\OneDrive\\Desktop\\VolleyGiocare2.0\\VolleyServe\\vendor\\laravel\\framework\\src\\Illuminate\\Database\\Query\\Builder.php(2128): Illuminate\\Database\\Query\\Builder->runSelect()
#6 C:\\Users\\eriko\\OneDrive\\Desktop\\VolleyGiocare2.0\\VolleyServe\\vendor\\laravel\\framework\\src\\Illuminate\\Database\\Query\\Builder.php(2572): Illuminate\\Database\\Query\\Builder->Illuminate\\Database\\Query\\{closure}()
#7 C:\\Users\\eriko\\OneDrive\\Desktop\\VolleyGiocare2.0\\VolleyServe\\vendor\\laravel\\framework\\src\\Illuminate\\Database\\Query\\Builder.php(2129): Illuminate\\Database\\Query\\Builder->onceWithColumns(Array, Object(Closure))
#8 C:\\Users\\eriko\\OneDrive\\Desktop\\VolleyGiocare2.0\\VolleyServe\\app\\Http\\Controllers\\matchesController.php(27): Illuminate\\Database\\Query\\Builder->get()
#9 [internal function]: App\\Http\\Controllers\\matchesController->matchDetails('3')
#10 C:\\Users\\eriko\\OneDrive\\Desktop\\VolleyGiocare2.0\\VolleyServe\\vendor\\laravel\\framework\\src\\Illuminate\\Routing\\Controller.php(54): call_user_func_array(Array, Array)
#11 C:\\Users\\eriko\\OneDrive\\Desktop\\VolleyGiocare2.0\\VolleyServe\\vendor\\laravel\\framework\\src\\Illuminate\\Routing\\ControllerDispatcher.php(45): Illuminate\\Routing\\Controller->callAction('matchDetails', Array)
#12 C:\\Users\\eriko\\OneDrive\\Desktop\\VolleyGiocare2.0\\VolleyServe\\vendor\\laravel\\framework\\src\\Illuminate\\Routing\\Route.php(219): Illuminate\\Routing\\ControllerDispatcher->dispatch(Object(Illuminate\\Routing\\Route), Object(App\\Http\\Controllers\\matchesController), 'matchDetails')
#13 C:\\Users\\eriko\\OneDrive\\Desktop\\VolleyGiocare2.0\\VolleyServe\\vendor\\laravel\\framework\\src\\Illuminate\\Routing\\Route.php(176): Illuminate\\Routing\\Route->runController()
#14 C:\\Users\\eriko\\OneDrive\\Desktop\\VolleyGiocare2.0\\VolleyServe\\vendor\\laravel\\framework\\src\\Illuminate\\Routing\\Router.php(680): Illuminate\\Routing\\Route->run()
#15 C:\\Users\\eriko\\OneDrive\\Desktop\\VolleyGiocare2.0\\VolleyServe\\vendor\\laravel\\framework\\src\\Illuminate\\Pipeline\\Pipeline.php(130): Illuminate\\Routing\\Router->Illuminate\\Routing\\{closure}(Object(Illuminate\\Http\\Request))
#16 C:\\Users\\eriko\\OneDrive\\Desktop\\VolleyGiocare2.0\\VolleyServe\\vendor\\laravel\\framework\\src\\Illuminate\\Routing\\Middleware\\SubstituteBindings.php(41): Illuminate\\Pipeline\\Pipeline->Illuminate\\Pipeline\\{closure}(Object(Illuminate\\Http\\Request))
#17 C:\\Users\\eriko\\OneDrive\\Desktop\\VolleyGiocare2.0\\VolleyServe\\vendor\\laravel\\framework\\src\\Illuminate\\Pipeline\\Pipeline.php(171): Illuminate\\Routing\\Middleware\\SubstituteBindings->handle(Object(Illuminate\\Http\\Request), Object(Closure))
#18 C:\\Users\\eriko\\OneDrive\\Desktop\\VolleyGiocare2.0\\VolleyServe\\vendor\\laravel\\framework\\src\\Illuminate\\Foundation\\Http\\Middleware\\VerifyCsrfToken.php(76): Illuminate\\Pipeline\\Pipeline->Illuminate\\Pipeline\\{closure}(Object(Illuminate\\Http\\Request))
#19 C:\\Users\\eriko\\OneDrive\\Desktop\\VolleyGiocare2.0\\VolleyServe\\vendor\\laravel\\framework\\src\\Illuminate\\Pipeline\\Pipeline.php(171): Illuminate\\Foundation\\Http\\Middleware\\VerifyCsrfToken->handle(Object(Illuminate\\Http\\Request), Object(Closure))
#20 C:\\Users\\eriko\\OneDrive\\Desktop\\VolleyGiocare2.0\\VolleyServe\\vendor\\laravel\\framework\\src\\Illuminate\\View\\Middleware\\ShareErrorsFromSession.php(49): Illuminate\\Pipeline\\Pipeline->Illuminate\\Pipeline\\{closure}(Object(Illuminate\\Http\\Request))
#21 C:\\Users\\eriko\\OneDrive\\Desktop\\VolleyGiocare2.0\\VolleyServe\\vendor\\laravel\\framework\\src\\Illuminate\\Pipeline\\Pipeline.php(171): Illuminate\\View\\Middleware\\ShareErrorsFromSession->handle(Object(Illuminate\\Http\\Request), Object(Closure))
#22 C:\\Users\\eriko\\OneDrive\\Desktop\\VolleyGiocare2.0\\VolleyServe\\vendor\\laravel\\framework\\src\\Illuminate\\Session\\Middleware\\StartSession.php(56): Illuminate\\Pipeline\\Pipeline->Illuminate\\Pipeline\\{closure}(Object(Illuminate\\Http\\Request))
#23 C:\\Users\\eriko\\OneDrive\\Desktop\\VolleyGiocare2.0\\VolleyServe\\vendor\\laravel\\framework\\src\\Illuminate\\Pipeline\\Pipeline.php(171): Illuminate\\Session\\Middleware\\StartSession->handle(Object(Illuminate\\Http\\Request), Object(Closure))
#24 C:\\Users\\eriko\\OneDrive\\Desktop\\VolleyGiocare2.0\\VolleyServe\\vendor\\laravel\\framework\\src\\Illuminate\\Cookie\\Middleware\\AddQueuedCookiesToResponse.php(37): Illuminate\\Pipeline\\Pipeline->Illuminate\\Pipeline\\{closure}(Object(Illuminate\\Http\\Request))
#25 C:\\Users\\eriko\\OneDrive\\Desktop\\VolleyGiocare2.0\\VolleyServe\\vendor\\laravel\\framework\\src\\Illuminate\\Pipeline\\Pipeline.php(171): Illuminate\\Cookie\\Middleware\\AddQueuedCookiesToResponse->handle(Object(Illuminate\\Http\\Request), Object(Closure))
#26 C:\\Users\\eriko\\OneDrive\\Desktop\\VolleyGiocare2.0\\VolleyServe\\vendor\\laravel\\framework\\src\\Illuminate\\Cookie\\Middleware\\EncryptCookies.php(66): Illuminate\\Pipeline\\Pipeline->Illuminate\\Pipeline\\{closure}(Object(Illuminate\\Http\\Request))
#27 C:\\Users\\eriko\\OneDrive\\Desktop\\VolleyGiocare2.0\\VolleyServe\\vendor\\laravel\\framework\\src\\Illuminate\\Pipeline\\Pipeline.php(171): Illuminate\\Cookie\\Middleware\\EncryptCookies->handle(Object(Illuminate\\Http\\Request), Object(Closure))
#28 C:\\Users\\eriko\\OneDrive\\Desktop\\VolleyGiocare2.0\\VolleyServe\\vendor\\laravel\\framework\\src\\Illuminate\\Pipeline\\Pipeline.php(105): Illuminate\\Pipeline\\Pipeline->Illuminate\\Pipeline\\{closure}(Object(Illuminate\\Http\\Request))
#29 C:\\Users\\eriko\\OneDrive\\Desktop\\VolleyGiocare2.0\\VolleyServe\\vendor\\laravel\\framework\\src\\Illuminate\\Routing\\Router.php(682): Illuminate\\Pipeline\\Pipeline->then(Object(Closure))
#30 C:\\Users\\eriko\\OneDrive\\Desktop\\VolleyGiocare2.0\\VolleyServe\\vendor\\laravel\\framework\\src\\Illuminate\\Routing\\Router.php(657): Illuminate\\Routing\\Router->runRouteWithinStack(Object(Illuminate\\Routing\\Route), Object(Illuminate\\Http\\Request))
#31 C:\\Users\\eriko\\OneDrive\\Desktop\\VolleyGiocare2.0\\VolleyServe\\vendor\\laravel\\framework\\src\\Illuminate\\Routing\\Router.php(623): Illuminate\\Routing\\Router->runRoute(Object(Illuminate\\Http\\Request), Object(Illuminate\\Routing\\Route))
#32 C:\\Users\\eriko\\OneDrive\\Desktop\\VolleyGiocare2.0\\VolleyServe\\vendor\\laravel\\framework\\src\\Illuminate\\Routing\\Router.php(612): Illuminate\\Routing\\Router->dispatchToRoute(Object(Illuminate\\Http\\Request))
#33 C:\\Users\\eriko\\OneDrive\\Desktop\\VolleyGiocare2.0\\VolleyServe\\vendor\\laravel\\framework\\src\\Illuminate\\Foundation\\Http\\Kernel.php(176): Illuminate\\Routing\\Router->dispatch(Object(Illuminate\\Http\\Request))
#34 C:\\Users\\eriko\\OneDrive\\Desktop\\VolleyGiocare2.0\\VolleyServe\\vendor\\laravel\\framework\\src\\Illuminate\\Pipeline\\Pipeline.php(130): Illuminate\\Foundation\\Http\\Kernel->Illuminate\\Foundation\\Http\\{closure}(Object(Illuminate\\Http\\Request))
#35 C:\\Users\\eriko\\OneDrive\\Desktop\\VolleyGiocare2.0\\VolleyServe\\vendor\\laravel\\framework\\src\\Illuminate\\Foundation\\Http\\Middleware\\TransformsRequest.php(21): Illuminate\\Pipeline\\Pipeline->Illuminate\\Pipeline\\{closure}(Object(Illuminate\\Http\\Request))
#36 C:\\Users\\eriko\\OneDrive\\Desktop\\VolleyGiocare2.0\\VolleyServe\\vendor\\laravel\\framework\\src\\Illuminate\\Pipeline\\Pipeline.php(171): Illuminate\\Foundation\\Http\\Middleware\\TransformsRequest->handle(Object(Illuminate\\Http\\Request), Object(Closure))
#37 C:\\Users\\eriko\\OneDrive\\Desktop\\VolleyGiocare2.0\\VolleyServe\\vendor\\laravel\\framework\\src\\Illuminate\\Foundation\\Http\\Middleware\\TransformsRequest.php(21): Illuminate\\Pipeline\\Pipeline->Illuminate\\Pipeline\\{closure}(Object(Illuminate\\Http\\Request))
#38 C:\\Users\\eriko\\OneDrive\\Desktop\\VolleyGiocare2.0\\VolleyServe\\vendor\\laravel\\framework\\src\\Illuminate\\Pipeline\\Pipeline.php(171): Illuminate\\Foundation\\Http\\Middleware\\TransformsRequest->handle(Object(Illuminate\\Http\\Request), Object(Closure))
#39 C:\\Users\\eriko\\OneDrive\\Desktop\\VolleyGiocare2.0\\VolleyServe\\vendor\\laravel\\framework\\src\\Illuminate\\Foundation\\Http\\Middleware\\ValidatePostSize.php(27): Illuminate\\Pipeline\\Pipeline->Illuminate\\Pipeline\\{closure}(Object(Illuminate\\Http\\Request))
#40 C:\\Users\\eriko\\OneDrive\\Desktop\\VolleyGiocare2.0\\VolleyServe\\vendor\\laravel\\framework\\src\\Illuminate\\Pipeline\\Pipeline.php(171): Illuminate\\Foundation\\Http\\Middleware\\ValidatePostSize->handle(Object(Illuminate\\Http\\Request), Object(Closure))
#41 C:\\Users\\eriko\\OneDrive\\Desktop\\VolleyGiocare2.0\\VolleyServe\\vendor\\laravel\\framework\\src\\Illuminate\\Foundation\\Http\\Middleware\\CheckForMaintenanceMode.php(62): Illuminate\\Pipeline\\Pipeline->Illuminate\\Pipeline\\{closure}(Object(Illuminate\\Http\\Request))
#42 C:\\Users\\eriko\\OneDrive\\Desktop\\VolleyGiocare2.0\\VolleyServe\\vendor\\laravel\\framework\\src\\Illuminate\\Pipeline\\Pipeline.php(171): Illuminate\\Foundation\\Http\\Middleware\\CheckForMaintenanceMode->handle(Object(Illuminate\\Http\\Request), Object(Closure))
#43 C:\\Users\\eriko\\OneDrive\\Desktop\\VolleyGiocare2.0\\VolleyServe\\vendor\\fideloper\\proxy\\src\\TrustProxies.php(57): Illuminate\\Pipeline\\Pipeline->Illuminate\\Pipeline\\{closure}(Object(Illuminate\\Http\\Request))
#44 C:\\Users\\eriko\\OneDrive\\Desktop\\VolleyGiocare2.0\\VolleyServe\\vendor\\laravel\\framework\\src\\Illuminate\\Pipeline\\Pipeline.php(171): Fideloper\\Proxy\\TrustProxies->handle(Object(Illuminate\\Http\\Request), Object(Closure))
#45 C:\\Users\\eriko\\OneDrive\\Desktop\\VolleyGiocare2.0\\VolleyServe\\vendor\\laravel\\framework\\src\\Illuminate\\Pipeline\\Pipeline.php(105): Illuminate\\Pipeline\\Pipeline->Illuminate\\Pipeline\\{closure}(Object(Illuminate\\Http\\Request))
#46 C:\\Users\\eriko\\OneDrive\\Desktop\\VolleyGiocare2.0\\VolleyServe\\vendor\\laravel\\framework\\src\\Illuminate\\Foundation\\Http\\Kernel.php(151): Illuminate\\Pipeline\\Pipeline->then(Object(Closure))
#47 C:\\Users\\eriko\\OneDrive\\Desktop\\VolleyGiocare2.0\\VolleyServe\\vendor\\laravel\\framework\\src\\Illuminate\\Foundation\\Http\\Kernel.php(116): Illuminate\\Foundation\\Http\\Kernel->sendRequestThroughRouter(Object(Illuminate\\Http\\Request))
#48 C:\\Users\\eriko\\OneDrive\\Desktop\\VolleyGiocare2.0\\VolleyServe\\public\\index.php(55): Illuminate\\Foundation\\Http\\Kernel->handle(Object(Illuminate\\Http\\Request))
#49 C:\\Users\\eriko\\OneDrive\\Desktop\\VolleyGiocare2.0\\VolleyServe\\server.php(21): require_once('C:\\\\Users\\\\eriko\\\\...')
#50 {main}
"} 
