[2019-12-17 14:39:03] local.ERROR: Use of undefined constant token - assumed 'token' (this will throw an Error in a future version of PHP) {"userId":2,"exception":"[object] (ErrorException(code: 0): Use of undefined constant token - assumed 'token' (this will throw an Error in a future version of PHP) at C:\\Users\\eriko\\OneDrive\\Desktop\\VolleyServer\\VolleyServer\\VolleyServer\\app\\Http\\Controllers\\Auth\\AuthController.php:39)
[stacktrace]
#0 C:\\Users\\eriko\\OneDrive\\Desktop\\VolleyServer\\VolleyServer\\VolleyServer\\app\\Http\\Controllers\\Auth\\AuthController.php(39): Illuminate\\Foundation\\Bootstrap\\HandleExceptions->handleError(2, 'Use of undefine...', 'C:\\\\Users\\\\eriko\\\\...', 39, Array)
#1 [internal function]: App\\Http\\Controllers\\Auth\\AuthController->login(Object(Illuminate\\Http\\Request))
#2 C:\\Users\\eriko\\OneDrive\\Desktop\\VolleyServer\\VolleyServer\\VolleyServer\\vendor\\laravel\\framework\\src\\Illuminate\\Routing\\Controller.php(54): call_user_func_array(Array, Array)
#3 C:\\Users\\eriko\\OneDrive\\Desktop\\VolleyServer\\VolleyServer\\VolleyServer\\vendor\\laravel\\framework\\src\\Illuminate\\Routing\\ControllerDispatcher.php(45): Illuminate\\Routing\\Controller->callAction('login', Array)
#4 C:\\Users\\eriko\\OneDrive\\Desktop\\VolleyServer\\VolleyServer\\VolleyServer\\vendor\\laravel\\framework\\src\\Illuminate\\Routing\\Route.php(219): Illuminate\\Routing\\ControllerDispatcher->dispatch(Object(Illuminate\\Routing\\Route), Object(App\\Http\\Controllers\\Auth\\AuthController), 'login')
#5 C:\\Users\\eriko\\OneDrive\\Desktop\\VolleyServer\\VolleyServer\\VolleyServer\\vendor\\laravel\\framework\\src\\Illuminate\\Routing\\Route.php(176): Illuminate\\Routing\\Route->runController()
#6 C:\\Users\\eriko\\OneDrive\\Desktop\\VolleyServer\\VolleyServer\\VolleyServer\\vendor\\laravel\\framework\\src\\Illuminate\\Routing\\Router.php(680): Illuminate\\Routing\\Route->run()
#7 C:\\Users\\eriko\\OneDrive\\Desktop\\VolleyServer\\VolleyServer\\VolleyServer\\vendor\\laravel\\framework\\src\\Illuminate\\Pipeline\\Pipeline.php(130): Illuminate\\Routing\\Router->Illuminate\\Routing\\{closure}(Object(Illuminate\\Http\\Request))
#8 C:\\Users\\eriko\\OneDrive\\Desktop\\VolleyServer\\VolleyServer\\VolleyServer\\vendor\\laravel\\framework\\src\\Illuminate\\Routing\\Middleware\\SubstituteBindings.php(41): Illuminate\\Pipeline\\Pipeline->Illuminate\\Pipeline\\{closure}(Object(Illuminate\\Http\\Request))
#9 C:\\Users\\eriko\\OneDrive\\Desktop\\VolleyServer\\VolleyServer\\VolleyServer\\vendor\\laravel\\framework\\src\\Illuminate\\Pipeline\\Pipeline.php(171): Illuminate\\Routing\\Middleware\\SubstituteBindings->handle(Object(Illuminate\\Http\\Request), Object(Closure))
#10 C:\\Users\\eriko\\OneDrive\\Desktop\\VolleyServer\\VolleyServer\\VolleyServer\\vendor\\laravel\\framework\\src\\Illuminate\\Routing\\Middleware\\ThrottleRequests.php(59): Illuminate\\Pipeline\\Pipeline->Illuminate\\Pipeline\\{closure}(Object(Illuminate\\Http\\Request))
#11 C:\\Users\\eriko\\OneDrive\\Desktop\\VolleyServer\\VolleyServer\\VolleyServer\\vendor\\laravel\\framework\\src\\Illuminate\\Pipeline\\Pipeline.php(171): Illuminate\\Routing\\Middleware\\ThrottleRequests->handle(Object(Illuminate\\Http\\Request), Object(Closure), 60, '1')
#12 C:\\Users\\eriko\\OneDrive\\Desktop\\VolleyServer\\VolleyServer\\VolleyServer\\vendor\\laravel\\framework\\src\\Illuminate\\Pipeline\\Pipeline.php(105): Illuminate\\Pipeline\\Pipeline->Illuminate\\Pipeline\\{closure}(Object(Illuminate\\Http\\Request))
#13 C:\\Users\\eriko\\OneDrive\\Desktop\\VolleyServer\\VolleyServer\\VolleyServer\\vendor\\laravel\\framework\\src\\Illuminate\\Routing\\Router.php(682): Illuminate\\Pipeline\\Pipeline->then(Object(Closure))
#14 C:\\Users\\eriko\\OneDrive\\Desktop\\VolleyServer\\VolleyServer\\VolleyServer\\vendor\\laravel\\framework\\src\\Illuminate\\Routing\\Router.php(657): Illuminate\\Routing\\Router->runRouteWithinStack(Object(Illuminate\\Routing\\Route), Object(Illuminate\\Http\\Request))
#15 C:\\Users\\eriko\\OneDrive\\Desktop\\VolleyServer\\VolleyServer\\VolleyServer\\vendor\\laravel\\framework\\src\\Illuminate\\Routing\\Router.php(623): Illuminate\\Routing\\Router->runRoute(Object(Illuminate\\Http\\Request), Object(Illuminate\\Routing\\Route))
#16 C:\\Users\\eriko\\OneDrive\\Desktop\\VolleyServer\\VolleyServer\\VolleyServer\\vendor\\laravel\\framework\\src\\Illuminate\\Routing\\Router.php(612): Illuminate\\Routing\\Router->dispatchToRoute(Object(Illuminate\\Http\\Request))
#17 C:\\Users\\eriko\\OneDrive\\Desktop\\VolleyServer\\VolleyServer\\VolleyServer\\vendor\\laravel\\framework\\src\\Illuminate\\Foundation\\Http\\Kernel.php(176): Illuminate\\Routing\\Router->dispatch(Object(Illuminate\\Http\\Request))
#18 C:\\Users\\eriko\\OneDrive\\Desktop\\VolleyServer\\VolleyServer\\VolleyServer\\vendor\\laravel\\framework\\src\\Illuminate\\Pipeline\\Pipeline.php(130): Illuminate\\Foundation\\Http\\Kernel->Illuminate\\Foundation\\Http\\{closure}(Object(Illuminate\\Http\\Request))
#19 C:\\Users\\eriko\\OneDrive\\Desktop\\VolleyServer\\VolleyServer\\VolleyServer\\vendor\\laravel\\framework\\src\\Illuminate\\Foundation\\Http\\Middleware\\TransformsRequest.php(21): Illuminate\\Pipeline\\Pipeline->Illuminate\\Pipeline\\{closure}(Object(Illuminate\\Http\\Request))
#20 C:\\Users\\eriko\\OneDrive\\Desktop\\VolleyServer\\VolleyServer\\VolleyServer\\vendor\\laravel\\framework\\src\\Illuminate\\Pipeline\\Pipeline.php(171): Illuminate\\Foundation\\Http\\Middleware\\TransformsRequest->handle(Object(Illuminate\\Http\\Request), Object(Closure))
#21 C:\\Users\\eriko\\OneDrive\\Desktop\\VolleyServer\\VolleyServer\\VolleyServer\\vendor\\laravel\\framework\\src\\Illuminate\\Foundation\\Http\\Middleware\\TransformsRequest.php(21): Illuminate\\Pipeline\\Pipeline->Illuminate\\Pipeline\\{closure}(Object(Illuminate\\Http\\Request))
#22 C:\\Users\\eriko\\OneDrive\\Desktop\\VolleyServer\\VolleyServer\\VolleyServer\\vendor\\laravel\\framework\\src\\Illuminate\\Pipeline\\Pipeline.php(171): Illuminate\\Foundation\\Http\\Middleware\\TransformsRequest->handle(Object(Illuminate\\Http\\Request), Object(Closure))
#23 C:\\Users\\eriko\\OneDrive\\Desktop\\VolleyServer\\VolleyServer\\VolleyServer\\vendor\\laravel\\framework\\src\\Illuminate\\Foundation\\Http\\Middleware\\ValidatePostSize.php(27): Illuminate\\Pipeline\\Pipeline->Illuminate\\Pipeline\\{closure}(Object(Illuminate\\Http\\Request))
#24 C:\\Users\\eriko\\OneDrive\\Desktop\\VolleyServer\\VolleyServer\\VolleyServer\\vendor\\laravel\\framework\\src\\Illuminate\\Pipeline\\Pipeline.php(171): Illuminate\\Foundation\\Http\\Middleware\\ValidatePostSize->handle(Object(Illuminate\\Http\\Request), Object(Closure))
#25 C:\\Users\\eriko\\OneDrive\\Desktop\\VolleyServer\\VolleyServer\\VolleyServer\\vendor\\laravel\\framework\\src\\Illuminate\\Foundation\\Http\\Middleware\\CheckForMaintenanceMode.php(62): Illuminate\\Pipeline\\Pipeline->Illuminate\\Pipeline\\{closure}(Object(Illuminate\\Http\\Request))
#26 C:\\Users\\eriko\\OneDrive\\Desktop\\VolleyServer\\VolleyServer\\VolleyServer\\vendor\\laravel\\framework\\src\\Illuminate\\Pipeline\\Pipeline.php(171): Illuminate\\Foundation\\Http\\Middleware\\CheckForMaintenanceMode->handle(Object(Illuminate\\Http\\Request), Object(Closure))
#27 C:\\Users\\eriko\\OneDrive\\Desktop\\VolleyServer\\VolleyServer\\VolleyServer\\vendor\\fideloper\\proxy\\src\\TrustProxies.php(57): Illuminate\\Pipeline\\Pipeline->Illuminate\\Pipeline\\{closure}(Object(Illuminate\\Http\\Request))
#28 C:\\Users\\eriko\\OneDrive\\Desktop\\VolleyServer\\VolleyServer\\VolleyServer\\vendor\\laravel\\framework\\src\\Illuminate\\Pipeline\\Pipeline.php(171): Fideloper\\Proxy\\TrustProxies->handle(Object(Illuminate\\Http\\Request), Object(Closure))
#29 C:\\Users\\eriko\\OneDrive\\Desktop\\VolleyServer\\VolleyServer\\VolleyServer\\vendor\\laravel\\framework\\src\\Illuminate\\Pipeline\\Pipeline.php(105): Illuminate\\Pipeline\\Pipeline->Illuminate\\Pipeline\\{closure}(Object(Illuminate\\Http\\Request))
#30 C:\\Users\\eriko\\OneDrive\\Desktop\\VolleyServer\\VolleyServer\\VolleyServer\\vendor\\laravel\\framework\\src\\Illuminate\\Foundation\\Http\\Kernel.php(151): Illuminate\\Pipeline\\Pipeline->then(Object(Closure))
#31 C:\\Users\\eriko\\OneDrive\\Desktop\\VolleyServer\\VolleyServer\\VolleyServer\\vendor\\laravel\\framework\\src\\Illuminate\\Foundation\\Http\\Kernel.php(116): Illuminate\\Foundation\\Http\\Kernel->sendRequestThroughRouter(Object(Illuminate\\Http\\Request))
#32 C:\\Users\\eriko\\OneDrive\\Desktop\\VolleyServer\\VolleyServer\\VolleyServer\\public\\index.php(55): Illuminate\\Foundation\\Http\\Kernel->handle(Object(Illuminate\\Http\\Request))
#33 C:\\Users\\eriko\\OneDrive\\Desktop\\VolleyServer\\VolleyServer\\VolleyServer\\server.php(21): require_once('C:\\\\Users\\\\eriko\\\\...')
#34 {main}
"} 
[2019-12-17 14:39:14] local.ERROR: Use of undefined constant token - assumed 'token' (this will throw an Error in a future version of PHP) {"userId":2,"exception":"[object] (ErrorException(code: 0): Use of undefined constant token - assumed 'token' (this will throw an Error in a future version of PHP) at C:\\Users\\eriko\\OneDrive\\Desktop\\VolleyServer\\VolleyServer\\VolleyServer\\app\\Http\\Controllers\\Auth\\AuthController.php:39)
[stacktrace]
#0 C:\\Users\\eriko\\OneDrive\\Desktop\\VolleyServer\\VolleyServer\\VolleyServer\\app\\Http\\Controllers\\Auth\\AuthController.php(39): Illuminate\\Foundation\\Bootstrap\\HandleExceptions->handleError(2, 'Use of undefine...', 'C:\\\\Users\\\\eriko\\\\...', 39, Array)
#1 [internal function]: App\\Http\\Controllers\\Auth\\AuthController->login(Object(Illuminate\\Http\\Request))
#2 C:\\Users\\eriko\\OneDrive\\Desktop\\VolleyServer\\VolleyServer\\VolleyServer\\vendor\\laravel\\framework\\src\\Illuminate\\Routing\\Controller.php(54): call_user_func_array(Array, Array)
#3 C:\\Users\\eriko\\OneDrive\\Desktop\\VolleyServer\\VolleyServer\\VolleyServer\\vendor\\laravel\\framework\\src\\Illuminate\\Routing\\ControllerDispatcher.php(45): Illuminate\\Routing\\Controller->callAction('login', Array)
#4 C:\\Users\\eriko\\OneDrive\\Desktop\\VolleyServer\\VolleyServer\\VolleyServer\\vendor\\laravel\\framework\\src\\Illuminate\\Routing\\Route.php(219): Illuminate\\Routing\\ControllerDispatcher->dispatch(Object(Illuminate\\Routing\\Route), Object(App\\Http\\Controllers\\Auth\\AuthController), 'login')
#5 C:\\Users\\eriko\\OneDrive\\Desktop\\VolleyServer\\VolleyServer\\VolleyServer\\vendor\\laravel\\framework\\src\\Illuminate\\Routing\\Route.php(176): Illuminate\\Routing\\Route->runController()
#6 C:\\Users\\eriko\\OneDrive\\Desktop\\VolleyServer\\VolleyServer\\VolleyServer\\vendor\\laravel\\framework\\src\\Illuminate\\Routing\\Router.php(680): Illuminate\\Routing\\Route->run()
#7 C:\\Users\\eriko\\OneDrive\\Desktop\\VolleyServer\\VolleyServer\\VolleyServer\\vendor\\laravel\\framework\\src\\Illuminate\\Pipeline\\Pipeline.php(130): Illuminate\\Routing\\Router->Illuminate\\Routing\\{closure}(Object(Illuminate\\Http\\Request))
#8 C:\\Users\\eriko\\OneDrive\\Desktop\\VolleyServer\\VolleyServer\\VolleyServer\\vendor\\laravel\\framework\\src\\Illuminate\\Routing\\Middleware\\SubstituteBindings.php(41): Illuminate\\Pipeline\\Pipeline->Illuminate\\Pipeline\\{closure}(Object(Illuminate\\Http\\Request))
#9 C:\\Users\\eriko\\OneDrive\\Desktop\\VolleyServer\\VolleyServer\\VolleyServer\\vendor\\laravel\\framework\\src\\Illuminate\\Pipeline\\Pipeline.php(171): Illuminate\\Routing\\Middleware\\SubstituteBindings->handle(Object(Illuminate\\Http\\Request), Object(Closure))
#10 C:\\Users\\eriko\\OneDrive\\Desktop\\VolleyServer\\VolleyServer\\VolleyServer\\vendor\\laravel\\framework\\src\\Illuminate\\Routing\\Middleware\\ThrottleRequests.php(59): Illuminate\\Pipeline\\Pipeline->Illuminate\\Pipeline\\{closure}(Object(Illuminate\\Http\\Request))
#11 C:\\Users\\eriko\\OneDrive\\Desktop\\VolleyServer\\VolleyServer\\VolleyServer\\vendor\\laravel\\framework\\src\\Illuminate\\Pipeline\\Pipeline.php(171): Illuminate\\Routing\\Middleware\\ThrottleRequests->handle(Object(Illuminate\\Http\\Request), Object(Closure), 60, '1')
#12 C:\\Users\\eriko\\OneDrive\\Desktop\\VolleyServer\\VolleyServer\\VolleyServer\\vendor\\laravel\\framework\\src\\Illuminate\\Pipeline\\Pipeline.php(105): Illuminate\\Pipeline\\Pipeline->Illuminate\\Pipeline\\{closure}(Object(Illuminate\\Http\\Request))
#13 C:\\Users\\eriko\\OneDrive\\Desktop\\VolleyServer\\VolleyServer\\VolleyServer\\vendor\\laravel\\framework\\src\\Illuminate\\Routing\\Router.php(682): Illuminate\\Pipeline\\Pipeline->then(Object(Closure))
#14 C:\\Users\\eriko\\OneDrive\\Desktop\\VolleyServer\\VolleyServer\\VolleyServer\\vendor\\laravel\\framework\\src\\Illuminate\\Routing\\Router.php(657): Illuminate\\Routing\\Router->runRouteWithinStack(Object(Illuminate\\Routing\\Route), Object(Illuminate\\Http\\Request))
#15 C:\\Users\\eriko\\OneDrive\\Desktop\\VolleyServer\\VolleyServer\\VolleyServer\\vendor\\laravel\\framework\\src\\Illuminate\\Routing\\Router.php(623): Illuminate\\Routing\\Router->runRoute(Object(Illuminate\\Http\\Request), Object(Illuminate\\Routing\\Route))
#16 C:\\Users\\eriko\\OneDrive\\Desktop\\VolleyServer\\VolleyServer\\VolleyServer\\vendor\\laravel\\framework\\src\\Illuminate\\Routing\\Router.php(612): Illuminate\\Routing\\Router->dispatchToRoute(Object(Illuminate\\Http\\Request))
#17 C:\\Users\\eriko\\OneDrive\\Desktop\\VolleyServer\\VolleyServer\\VolleyServer\\vendor\\laravel\\framework\\src\\Illuminate\\Foundation\\Http\\Kernel.php(176): Illuminate\\Routing\\Router->dispatch(Object(Illuminate\\Http\\Request))
#18 C:\\Users\\eriko\\OneDrive\\Desktop\\VolleyServer\\VolleyServer\\VolleyServer\\vendor\\laravel\\framework\\src\\Illuminate\\Pipeline\\Pipeline.php(130): Illuminate\\Foundation\\Http\\Kernel->Illuminate\\Foundation\\Http\\{closure}(Object(Illuminate\\Http\\Request))
#19 C:\\Users\\eriko\\OneDrive\\Desktop\\VolleyServer\\VolleyServer\\VolleyServer\\vendor\\laravel\\framework\\src\\Illuminate\\Foundation\\Http\\Middleware\\TransformsRequest.php(21): Illuminate\\Pipeline\\Pipeline->Illuminate\\Pipeline\\{closure}(Object(Illuminate\\Http\\Request))
#20 C:\\Users\\eriko\\OneDrive\\Desktop\\VolleyServer\\VolleyServer\\VolleyServer\\vendor\\laravel\\framework\\src\\Illuminate\\Pipeline\\Pipeline.php(171): Illuminate\\Foundation\\Http\\Middleware\\TransformsRequest->handle(Object(Illuminate\\Http\\Request), Object(Closure))
#21 C:\\Users\\eriko\\OneDrive\\Desktop\\VolleyServer\\VolleyServer\\VolleyServer\\vendor\\laravel\\framework\\src\\Illuminate\\Foundation\\Http\\Middleware\\TransformsRequest.php(21): Illuminate\\Pipeline\\Pipeline->Illuminate\\Pipeline\\{closure}(Object(Illuminate\\Http\\Request))
#22 C:\\Users\\eriko\\OneDrive\\Desktop\\VolleyServer\\VolleyServer\\VolleyServer\\vendor\\laravel\\framework\\src\\Illuminate\\Pipeline\\Pipeline.php(171): Illuminate\\Foundation\\Http\\Middleware\\TransformsRequest->handle(Object(Illuminate\\Http\\Request), Object(Closure))
#23 C:\\Users\\eriko\\OneDrive\\Desktop\\VolleyServer\\VolleyServer\\VolleyServer\\vendor\\laravel\\framework\\src\\Illuminate\\Foundation\\Http\\Middleware\\ValidatePostSize.php(27): Illuminate\\Pipeline\\Pipeline->Illuminate\\Pipeline\\{closure}(Object(Illuminate\\Http\\Request))
#24 C:\\Users\\eriko\\OneDrive\\Desktop\\VolleyServer\\VolleyServer\\VolleyServer\\vendor\\laravel\\framework\\src\\Illuminate\\Pipeline\\Pipeline.php(171): Illuminate\\Foundation\\Http\\Middleware\\ValidatePostSize->handle(Object(Illuminate\\Http\\Request), Object(Closure))
#25 C:\\Users\\eriko\\OneDrive\\Desktop\\VolleyServer\\VolleyServer\\VolleyServer\\vendor\\laravel\\framework\\src\\Illuminate\\Foundation\\Http\\Middleware\\CheckForMaintenanceMode.php(62): Illuminate\\Pipeline\\Pipeline->Illuminate\\Pipeline\\{closure}(Object(Illuminate\\Http\\Request))
#26 C:\\Users\\eriko\\OneDrive\\Desktop\\VolleyServer\\VolleyServer\\VolleyServer\\vendor\\laravel\\framework\\src\\Illuminate\\Pipeline\\Pipeline.php(171): Illuminate\\Foundation\\Http\\Middleware\\CheckForMaintenanceMode->handle(Object(Illuminate\\Http\\Request), Object(Closure))
#27 C:\\Users\\eriko\\OneDrive\\Desktop\\VolleyServer\\VolleyServer\\VolleyServer\\vendor\\fideloper\\proxy\\src\\TrustProxies.php(57): Illuminate\\Pipeline\\Pipeline->Illuminate\\Pipeline\\{closure}(Object(Illuminate\\Http\\Request))
#28 C:\\Users\\eriko\\OneDrive\\Desktop\\VolleyServer\\VolleyServer\\VolleyServer\\vendor\\laravel\\framework\\src\\Illuminate\\Pipeline\\Pipeline.php(171): Fideloper\\Proxy\\TrustProxies->handle(Object(Illuminate\\Http\\Request), Object(Closure))
#29 C:\\Users\\eriko\\OneDrive\\Desktop\\VolleyServer\\VolleyServer\\VolleyServer\\vendor\\laravel\\framework\\src\\Illuminate\\Pipeline\\Pipeline.php(105): Illuminate\\Pipeline\\Pipeline->Illuminate\\Pipeline\\{closure}(Object(Illuminate\\Http\\Request))
#30 C:\\Users\\eriko\\OneDrive\\Desktop\\VolleyServer\\VolleyServer\\VolleyServer\\vendor\\laravel\\framework\\src\\Illuminate\\Foundation\\Http\\Kernel.php(151): Illuminate\\Pipeline\\Pipeline->then(Object(Closure))
#31 C:\\Users\\eriko\\OneDrive\\Desktop\\VolleyServer\\VolleyServer\\VolleyServer\\vendor\\laravel\\framework\\src\\Illuminate\\Foundation\\Http\\Kernel.php(116): Illuminate\\Foundation\\Http\\Kernel->sendRequestThroughRouter(Object(Illuminate\\Http\\Request))
#32 C:\\Users\\eriko\\OneDrive\\Desktop\\VolleyServer\\VolleyServer\\VolleyServer\\public\\index.php(55): Illuminate\\Foundation\\Http\\Kernel->handle(Object(Illuminate\\Http\\Request))
#33 C:\\Users\\eriko\\OneDrive\\Desktop\\VolleyServer\\VolleyServer\\VolleyServer\\server.php(21): require_once('C:\\\\Users\\\\eriko\\\\...')
#34 {main}
"} 
[2019-12-17 14:39:27] local.ERROR: Use of undefined constant token - assumed 'token' (this will throw an Error in a future version of PHP) {"userId":1,"exception":"[object] (ErrorException(code: 0): Use of undefined constant token - assumed 'token' (this will throw an Error in a future version of PHP) at C:\\Users\\eriko\\OneDrive\\Desktop\\VolleyServer\\VolleyServer\\VolleyServer\\app\\Http\\Controllers\\Auth\\AuthController.php:39)
[stacktrace]
#0 C:\\Users\\eriko\\OneDrive\\Desktop\\VolleyServer\\VolleyServer\\VolleyServer\\app\\Http\\Controllers\\Auth\\AuthController.php(39): Illuminate\\Foundation\\Bootstrap\\HandleExceptions->handleError(2, 'Use of undefine...', 'C:\\\\Users\\\\eriko\\\\...', 39, Array)
#1 [internal function]: App\\Http\\Controllers\\Auth\\AuthController->login(Object(Illuminate\\Http\\Request))
#2 C:\\Users\\eriko\\OneDrive\\Desktop\\VolleyServer\\VolleyServer\\VolleyServer\\vendor\\laravel\\framework\\src\\Illuminate\\Routing\\Controller.php(54): call_user_func_array(Array, Array)
#3 C:\\Users\\eriko\\OneDrive\\Desktop\\VolleyServer\\VolleyServer\\VolleyServer\\vendor\\laravel\\framework\\src\\Illuminate\\Routing\\ControllerDispatcher.php(45): Illuminate\\Routing\\Controller->callAction('login', Array)
#4 C:\\Users\\eriko\\OneDrive\\Desktop\\VolleyServer\\VolleyServer\\VolleyServer\\vendor\\laravel\\framework\\src\\Illuminate\\Routing\\Route.php(219): Illuminate\\Routing\\ControllerDispatcher->dispatch(Object(Illuminate\\Routing\\Route), Object(App\\Http\\Controllers\\Auth\\AuthController), 'login')
#5 C:\\Users\\eriko\\OneDrive\\Desktop\\VolleyServer\\VolleyServer\\VolleyServer\\vendor\\laravel\\framework\\src\\Illuminate\\Routing\\Route.php(176): Illuminate\\Routing\\Route->runController()
#6 C:\\Users\\eriko\\OneDrive\\Desktop\\VolleyServer\\VolleyServer\\VolleyServer\\vendor\\laravel\\framework\\src\\Illuminate\\Routing\\Router.php(680): Illuminate\\Routing\\Route->run()
#7 C:\\Users\\eriko\\OneDrive\\Desktop\\VolleyServer\\VolleyServer\\VolleyServer\\vendor\\laravel\\framework\\src\\Illuminate\\Pipeline\\Pipeline.php(130): Illuminate\\Routing\\Router->Illuminate\\Routing\\{closure}(Object(Illuminate\\Http\\Request))
#8 C:\\Users\\eriko\\OneDrive\\Desktop\\VolleyServer\\VolleyServer\\VolleyServer\\vendor\\laravel\\framework\\src\\Illuminate\\Routing\\Middleware\\SubstituteBindings.php(41): Illuminate\\Pipeline\\Pipeline->Illuminate\\Pipeline\\{closure}(Object(Illuminate\\Http\\Request))
#9 C:\\Users\\eriko\\OneDrive\\Desktop\\VolleyServer\\VolleyServer\\VolleyServer\\vendor\\laravel\\framework\\src\\Illuminate\\Pipeline\\Pipeline.php(171): Illuminate\\Routing\\Middleware\\SubstituteBindings->handle(Object(Illuminate\\Http\\Request), Object(Closure))
#10 C:\\Users\\eriko\\OneDrive\\Desktop\\VolleyServer\\VolleyServer\\VolleyServer\\vendor\\laravel\\framework\\src\\Illuminate\\Routing\\Middleware\\ThrottleRequests.php(59): Illuminate\\Pipeline\\Pipeline->Illuminate\\Pipeline\\{closure}(Object(Illuminate\\Http\\Request))
#11 C:\\Users\\eriko\\OneDrive\\Desktop\\VolleyServer\\VolleyServer\\VolleyServer\\vendor\\laravel\\framework\\src\\Illuminate\\Pipeline\\Pipeline.php(171): Illuminate\\Routing\\Middleware\\ThrottleRequests->handle(Object(Illuminate\\Http\\Request), Object(Closure), 60, '1')
#12 C:\\Users\\eriko\\OneDrive\\Desktop\\VolleyServer\\VolleyServer\\VolleyServer\\vendor\\laravel\\framework\\src\\Illuminate\\Pipeline\\Pipeline.php(105): Illuminate\\Pipeline\\Pipeline->Illuminate\\Pipeline\\{closure}(Object(Illuminate\\Http\\Request))
#13 C:\\Users\\eriko\\OneDrive\\Desktop\\VolleyServer\\VolleyServer\\VolleyServer\\vendor\\laravel\\framework\\src\\Illuminate\\Routing\\Router.php(682): Illuminate\\Pipeline\\Pipeline->then(Object(Closure))
#14 C:\\Users\\eriko\\OneDrive\\Desktop\\VolleyServer\\VolleyServer\\VolleyServer\\vendor\\laravel\\framework\\src\\Illuminate\\Routing\\Router.php(657): Illuminate\\Routing\\Router->runRouteWithinStack(Object(Illuminate\\Routing\\Route), Object(Illuminate\\Http\\Request))
#15 C:\\Users\\eriko\\OneDrive\\Desktop\\VolleyServer\\VolleyServer\\VolleyServer\\vendor\\laravel\\framework\\src\\Illuminate\\Routing\\Router.php(623): Illuminate\\Routing\\Router->runRoute(Object(Illuminate\\Http\\Request), Object(Illuminate\\Routing\\Route))
#16 C:\\Users\\eriko\\OneDrive\\Desktop\\VolleyServer\\VolleyServer\\VolleyServer\\vendor\\laravel\\framework\\src\\Illuminate\\Routing\\Router.php(612): Illuminate\\Routing\\Router->dispatchToRoute(Object(Illuminate\\Http\\Request))
#17 C:\\Users\\eriko\\OneDrive\\Desktop\\VolleyServer\\VolleyServer\\VolleyServer\\vendor\\laravel\\framework\\src\\Illuminate\\Foundation\\Http\\Kernel.php(176): Illuminate\\Routing\\Router->dispatch(Object(Illuminate\\Http\\Request))
#18 C:\\Users\\eriko\\OneDrive\\Desktop\\VolleyServer\\VolleyServer\\VolleyServer\\vendor\\laravel\\framework\\src\\Illuminate\\Pipeline\\Pipeline.php(130): Illuminate\\Foundation\\Http\\Kernel->Illuminate\\Foundation\\Http\\{closure}(Object(Illuminate\\Http\\Request))
#19 C:\\Users\\eriko\\OneDrive\\Desktop\\VolleyServer\\VolleyServer\\VolleyServer\\vendor\\laravel\\framework\\src\\Illuminate\\Foundation\\Http\\Middleware\\TransformsRequest.php(21): Illuminate\\Pipeline\\Pipeline->Illuminate\\Pipeline\\{closure}(Object(Illuminate\\Http\\Request))
#20 C:\\Users\\eriko\\OneDrive\\Desktop\\VolleyServer\\VolleyServer\\VolleyServer\\vendor\\laravel\\framework\\src\\Illuminate\\Pipeline\\Pipeline.php(171): Illuminate\\Foundation\\Http\\Middleware\\TransformsRequest->handle(Object(Illuminate\\Http\\Request), Object(Closure))
#21 C:\\Users\\eriko\\OneDrive\\Desktop\\VolleyServer\\VolleyServer\\VolleyServer\\vendor\\laravel\\framework\\src\\Illuminate\\Foundation\\Http\\Middleware\\TransformsRequest.php(21): Illuminate\\Pipeline\\Pipeline->Illuminate\\Pipeline\\{closure}(Object(Illuminate\\Http\\Request))
#22 C:\\Users\\eriko\\OneDrive\\Desktop\\VolleyServer\\VolleyServer\\VolleyServer\\vendor\\laravel\\framework\\src\\Illuminate\\Pipeline\\Pipeline.php(171): Illuminate\\Foundation\\Http\\Middleware\\TransformsRequest->handle(Object(Illuminate\\Http\\Request), Object(Closure))
#23 C:\\Users\\eriko\\OneDrive\\Desktop\\VolleyServer\\VolleyServer\\VolleyServer\\vendor\\laravel\\framework\\src\\Illuminate\\Foundation\\Http\\Middleware\\ValidatePostSize.php(27): Illuminate\\Pipeline\\Pipeline->Illuminate\\Pipeline\\{closure}(Object(Illuminate\\Http\\Request))
#24 C:\\Users\\eriko\\OneDrive\\Desktop\\VolleyServer\\VolleyServer\\VolleyServer\\vendor\\laravel\\framework\\src\\Illuminate\\Pipeline\\Pipeline.php(171): Illuminate\\Foundation\\Http\\Middleware\\ValidatePostSize->handle(Object(Illuminate\\Http\\Request), Object(Closure))
#25 C:\\Users\\eriko\\OneDrive\\Desktop\\VolleyServer\\VolleyServer\\VolleyServer\\vendor\\laravel\\framework\\src\\Illuminate\\Foundation\\Http\\Middleware\\CheckForMaintenanceMode.php(62): Illuminate\\Pipeline\\Pipeline->Illuminate\\Pipeline\\{closure}(Object(Illuminate\\Http\\Request))
#26 C:\\Users\\eriko\\OneDrive\\Desktop\\VolleyServer\\VolleyServer\\VolleyServer\\vendor\\laravel\\framework\\src\\Illuminate\\Pipeline\\Pipeline.php(171): Illuminate\\Foundation\\Http\\Middleware\\CheckForMaintenanceMode->handle(Object(Illuminate\\Http\\Request), Object(Closure))
#27 C:\\Users\\eriko\\OneDrive\\Desktop\\VolleyServer\\VolleyServer\\VolleyServer\\vendor\\fideloper\\proxy\\src\\TrustProxies.php(57): Illuminate\\Pipeline\\Pipeline->Illuminate\\Pipeline\\{closure}(Object(Illuminate\\Http\\Request))
#28 C:\\Users\\eriko\\OneDrive\\Desktop\\VolleyServer\\VolleyServer\\VolleyServer\\vendor\\laravel\\framework\\src\\Illuminate\\Pipeline\\Pipeline.php(171): Fideloper\\Proxy\\TrustProxies->handle(Object(Illuminate\\Http\\Request), Object(Closure))
#29 C:\\Users\\eriko\\OneDrive\\Desktop\\VolleyServer\\VolleyServer\\VolleyServer\\vendor\\laravel\\framework\\src\\Illuminate\\Pipeline\\Pipeline.php(105): Illuminate\\Pipeline\\Pipeline->Illuminate\\Pipeline\\{closure}(Object(Illuminate\\Http\\Request))
#30 C:\\Users\\eriko\\OneDrive\\Desktop\\VolleyServer\\VolleyServer\\VolleyServer\\vendor\\laravel\\framework\\src\\Illuminate\\Foundation\\Http\\Kernel.php(151): Illuminate\\Pipeline\\Pipeline->then(Object(Closure))
#31 C:\\Users\\eriko\\OneDrive\\Desktop\\VolleyServer\\VolleyServer\\VolleyServer\\vendor\\laravel\\framework\\src\\Illuminate\\Foundation\\Http\\Kernel.php(116): Illuminate\\Foundation\\Http\\Kernel->sendRequestThroughRouter(Object(Illuminate\\Http\\Request))
#32 C:\\Users\\eriko\\OneDrive\\Desktop\\VolleyServer\\VolleyServer\\VolleyServer\\public\\index.php(55): Illuminate\\Foundation\\Http\\Kernel->handle(Object(Illuminate\\Http\\Request))
#33 C:\\Users\\eriko\\OneDrive\\Desktop\\VolleyServer\\VolleyServer\\VolleyServer\\server.php(21): require_once('C:\\\\Users\\\\eriko\\\\...')
#34 {main}
"} 
[2019-12-17 14:39:35] local.ERROR: Use of undefined constant token - assumed 'token' (this will throw an Error in a future version of PHP) {"userId":1,"exception":"[object] (ErrorException(code: 0): Use of undefined constant token - assumed 'token' (this will throw an Error in a future version of PHP) at C:\\Users\\eriko\\OneDrive\\Desktop\\VolleyServer\\VolleyServer\\VolleyServer\\app\\Http\\Controllers\\Auth\\AuthController.php:39)
[stacktrace]
#0 C:\\Users\\eriko\\OneDrive\\Desktop\\VolleyServer\\VolleyServer\\VolleyServer\\app\\Http\\Controllers\\Auth\\AuthController.php(39): Illuminate\\Foundation\\Bootstrap\\HandleExceptions->handleError(2, 'Use of undefine...', 'C:\\\\Users\\\\eriko\\\\...', 39, Array)
#1 [internal function]: App\\Http\\Controllers\\Auth\\AuthController->login(Object(Illuminate\\Http\\Request))
#2 C:\\Users\\eriko\\OneDrive\\Desktop\\VolleyServer\\VolleyServer\\VolleyServer\\vendor\\laravel\\framework\\src\\Illuminate\\Routing\\Controller.php(54): call_user_func_array(Array, Array)
#3 C:\\Users\\eriko\\OneDrive\\Desktop\\VolleyServer\\VolleyServer\\VolleyServer\\vendor\\laravel\\framework\\src\\Illuminate\\Routing\\ControllerDispatcher.php(45): Illuminate\\Routing\\Controller->callAction('login', Array)
#4 C:\\Users\\eriko\\OneDrive\\Desktop\\VolleyServer\\VolleyServer\\VolleyServer\\vendor\\laravel\\framework\\src\\Illuminate\\Routing\\Route.php(219): Illuminate\\Routing\\ControllerDispatcher->dispatch(Object(Illuminate\\Routing\\Route), Object(App\\Http\\Controllers\\Auth\\AuthController), 'login')
#5 C:\\Users\\eriko\\OneDrive\\Desktop\\VolleyServer\\VolleyServer\\VolleyServer\\vendor\\laravel\\framework\\src\\Illuminate\\Routing\\Route.php(176): Illuminate\\Routing\\Route->runController()
#6 C:\\Users\\eriko\\OneDrive\\Desktop\\VolleyServer\\VolleyServer\\VolleyServer\\vendor\\laravel\\framework\\src\\Illuminate\\Routing\\Router.php(680): Illuminate\\Routing\\Route->run()
#7 C:\\Users\\eriko\\OneDrive\\Desktop\\VolleyServer\\VolleyServer\\VolleyServer\\vendor\\laravel\\framework\\src\\Illuminate\\Pipeline\\Pipeline.php(130): Illuminate\\Routing\\Router->Illuminate\\Routing\\{closure}(Object(Illuminate\\Http\\Request))
#8 C:\\Users\\eriko\\OneDrive\\Desktop\\VolleyServer\\VolleyServer\\VolleyServer\\vendor\\laravel\\framework\\src\\Illuminate\\Routing\\Middleware\\SubstituteBindings.php(41): Illuminate\\Pipeline\\Pipeline->Illuminate\\Pipeline\\{closure}(Object(Illuminate\\Http\\Request))
#9 C:\\Users\\eriko\\OneDrive\\Desktop\\VolleyServer\\VolleyServer\\VolleyServer\\vendor\\laravel\\framework\\src\\Illuminate\\Pipeline\\Pipeline.php(171): Illuminate\\Routing\\Middleware\\SubstituteBindings->handle(Object(Illuminate\\Http\\Request), Object(Closure))
#10 C:\\Users\\eriko\\OneDrive\\Desktop\\VolleyServer\\VolleyServer\\VolleyServer\\vendor\\laravel\\framework\\src\\Illuminate\\Routing\\Middleware\\ThrottleRequests.php(59): Illuminate\\Pipeline\\Pipeline->Illuminate\\Pipeline\\{closure}(Object(Illuminate\\Http\\Request))
#11 C:\\Users\\eriko\\OneDrive\\Desktop\\VolleyServer\\VolleyServer\\VolleyServer\\vendor\\laravel\\framework\\src\\Illuminate\\Pipeline\\Pipeline.php(171): Illuminate\\Routing\\Middleware\\ThrottleRequests->handle(Object(Illuminate\\Http\\Request), Object(Closure), 60, '1')
#12 C:\\Users\\eriko\\OneDrive\\Desktop\\VolleyServer\\VolleyServer\\VolleyServer\\vendor\\laravel\\framework\\src\\Illuminate\\Pipeline\\Pipeline.php(105): Illuminate\\Pipeline\\Pipeline->Illuminate\\Pipeline\\{closure}(Object(Illuminate\\Http\\Request))
#13 C:\\Users\\eriko\\OneDrive\\Desktop\\VolleyServer\\VolleyServer\\VolleyServer\\vendor\\laravel\\framework\\src\\Illuminate\\Routing\\Router.php(682): Illuminate\\Pipeline\\Pipeline->then(Object(Closure))
#14 C:\\Users\\eriko\\OneDrive\\Desktop\\VolleyServer\\VolleyServer\\VolleyServer\\vendor\\laravel\\framework\\src\\Illuminate\\Routing\\Router.php(657): Illuminate\\Routing\\Router->runRouteWithinStack(Object(Illuminate\\Routing\\Route), Object(Illuminate\\Http\\Request))
#15 C:\\Users\\eriko\\OneDrive\\Desktop\\VolleyServer\\VolleyServer\\VolleyServer\\vendor\\laravel\\framework\\src\\Illuminate\\Routing\\Router.php(623): Illuminate\\Routing\\Router->runRoute(Object(Illuminate\\Http\\Request), Object(Illuminate\\Routing\\Route))
#16 C:\\Users\\eriko\\OneDrive\\Desktop\\VolleyServer\\VolleyServer\\VolleyServer\\vendor\\laravel\\framework\\src\\Illuminate\\Routing\\Router.php(612): Illuminate\\Routing\\Router->dispatchToRoute(Object(Illuminate\\Http\\Request))
#17 C:\\Users\\eriko\\OneDrive\\Desktop\\VolleyServer\\VolleyServer\\VolleyServer\\vendor\\laravel\\framework\\src\\Illuminate\\Foundation\\Http\\Kernel.php(176): Illuminate\\Routing\\Router->dispatch(Object(Illuminate\\Http\\Request))
#18 C:\\Users\\eriko\\OneDrive\\Desktop\\VolleyServer\\VolleyServer\\VolleyServer\\vendor\\laravel\\framework\\src\\Illuminate\\Pipeline\\Pipeline.php(130): Illuminate\\Foundation\\Http\\Kernel->Illuminate\\Foundation\\Http\\{closure}(Object(Illuminate\\Http\\Request))
#19 C:\\Users\\eriko\\OneDrive\\Desktop\\VolleyServer\\VolleyServer\\VolleyServer\\vendor\\laravel\\framework\\src\\Illuminate\\Foundation\\Http\\Middleware\\TransformsRequest.php(21): Illuminate\\Pipeline\\Pipeline->Illuminate\\Pipeline\\{closure}(Object(Illuminate\\Http\\Request))
#20 C:\\Users\\eriko\\OneDrive\\Desktop\\VolleyServer\\VolleyServer\\VolleyServer\\vendor\\laravel\\framework\\src\\Illuminate\\Pipeline\\Pipeline.php(171): Illuminate\\Foundation\\Http\\Middleware\\TransformsRequest->handle(Object(Illuminate\\Http\\Request), Object(Closure))
#21 C:\\Users\\eriko\\OneDrive\\Desktop\\VolleyServer\\VolleyServer\\VolleyServer\\vendor\\laravel\\framework\\src\\Illuminate\\Foundation\\Http\\Middleware\\TransformsRequest.php(21): Illuminate\\Pipeline\\Pipeline->Illuminate\\Pipeline\\{closure}(Object(Illuminate\\Http\\Request))
#22 C:\\Users\\eriko\\OneDrive\\Desktop\\VolleyServer\\VolleyServer\\VolleyServer\\vendor\\laravel\\framework\\src\\Illuminate\\Pipeline\\Pipeline.php(171): Illuminate\\Foundation\\Http\\Middleware\\TransformsRequest->handle(Object(Illuminate\\Http\\Request), Object(Closure))
#23 C:\\Users\\eriko\\OneDrive\\Desktop\\VolleyServer\\VolleyServer\\VolleyServer\\vendor\\laravel\\framework\\src\\Illuminate\\Foundation\\Http\\Middleware\\ValidatePostSize.php(27): Illuminate\\Pipeline\\Pipeline->Illuminate\\Pipeline\\{closure}(Object(Illuminate\\Http\\Request))
#24 C:\\Users\\eriko\\OneDrive\\Desktop\\VolleyServer\\VolleyServer\\VolleyServer\\vendor\\laravel\\framework\\src\\Illuminate\\Pipeline\\Pipeline.php(171): Illuminate\\Foundation\\Http\\Middleware\\ValidatePostSize->handle(Object(Illuminate\\Http\\Request), Object(Closure))
#25 C:\\Users\\eriko\\OneDrive\\Desktop\\VolleyServer\\VolleyServer\\VolleyServer\\vendor\\laravel\\framework\\src\\Illuminate\\Foundation\\Http\\Middleware\\CheckForMaintenanceMode.php(62): Illuminate\\Pipeline\\Pipeline->Illuminate\\Pipeline\\{closure}(Object(Illuminate\\Http\\Request))
#26 C:\\Users\\eriko\\OneDrive\\Desktop\\VolleyServer\\VolleyServer\\VolleyServer\\vendor\\laravel\\framework\\src\\Illuminate\\Pipeline\\Pipeline.php(171): Illuminate\\Foundation\\Http\\Middleware\\CheckForMaintenanceMode->handle(Object(Illuminate\\Http\\Request), Object(Closure))
#27 C:\\Users\\eriko\\OneDrive\\Desktop\\VolleyServer\\VolleyServer\\VolleyServer\\vendor\\fideloper\\proxy\\src\\TrustProxies.php(57): Illuminate\\Pipeline\\Pipeline->Illuminate\\Pipeline\\{closure}(Object(Illuminate\\Http\\Request))
#28 C:\\Users\\eriko\\OneDrive\\Desktop\\VolleyServer\\VolleyServer\\VolleyServer\\vendor\\laravel\\framework\\src\\Illuminate\\Pipeline\\Pipeline.php(171): Fideloper\\Proxy\\TrustProxies->handle(Object(Illuminate\\Http\\Request), Object(Closure))
#29 C:\\Users\\eriko\\OneDrive\\Desktop\\VolleyServer\\VolleyServer\\VolleyServer\\vendor\\laravel\\framework\\src\\Illuminate\\Pipeline\\Pipeline.php(105): Illuminate\\Pipeline\\Pipeline->Illuminate\\Pipeline\\{closure}(Object(Illuminate\\Http\\Request))
#30 C:\\Users\\eriko\\OneDrive\\Desktop\\VolleyServer\\VolleyServer\\VolleyServer\\vendor\\laravel\\framework\\src\\Illuminate\\Foundation\\Http\\Kernel.php(151): Illuminate\\Pipeline\\Pipeline->then(Object(Closure))
#31 C:\\Users\\eriko\\OneDrive\\Desktop\\VolleyServer\\VolleyServer\\VolleyServer\\vendor\\laravel\\framework\\src\\Illuminate\\Foundation\\Http\\Kernel.php(116): Illuminate\\Foundation\\Http\\Kernel->sendRequestThroughRouter(Object(Illuminate\\Http\\Request))
#32 C:\\Users\\eriko\\OneDrive\\Desktop\\VolleyServer\\VolleyServer\\VolleyServer\\public\\index.php(55): Illuminate\\Foundation\\Http\\Kernel->handle(Object(Illuminate\\Http\\Request))
#33 C:\\Users\\eriko\\OneDrive\\Desktop\\VolleyServer\\VolleyServer\\VolleyServer\\server.php(21): require_once('C:\\\\Users\\\\eriko\\\\...')
#34 {main}
"} 
